2023-05-06 16:01:09.948 [,] [main] INFO  c.s.a.AIOPartApplication - [logStarting,55] - Starting AIOPartApplication using Java 1.8.0_311 on DESKTOP-SDAFTBQ with PID 14072 (D:\项目\AIO\AIO-part\target\classes started by lbx in D:\项目\AIO)
2023-05-06 16:01:09.955 [,] [main] INFO  c.s.a.AIOPartApplication - [logStartupProfileInfo,634] - No active profile set, falling back to 1 default profile: "default"
2023-05-06 16:01:11.266 [,] [main] INFO  o.a.c.h.Http11NioProtocol - [log,173] - Initializing ProtocolHandler ["http-nio-8081"]
2023-05-06 16:01:11.267 [,] [main] INFO  o.a.c.c.StandardService - [log,173] - Starting service [Tomcat]
2023-05-06 16:01:11.267 [,] [main] INFO  o.a.c.c.StandardEngine - [log,173] - Starting Servlet engine: [Apache Tomcat/9.0.68]
2023-05-06 16:01:11.351 [,] [main] INFO  o.a.c.c.C.[.[.[/] - [log,173] - Initializing Spring embedded WebApplicationContext
2023-05-06 16:01:12.503 [,] [main] INFO  o.a.c.h.Http11NioProtocol - [log,173] - Starting ProtocolHandler ["http-nio-8081"]
2023-05-06 16:01:12.524 [,] [main] INFO  c.s.a.AIOPartApplication - [logStarted,61] - Started AIOPartApplication in 2.82 seconds (JVM running for 3.736)
2023-05-06 16:01:12.529 [,] [main] INFO  c.s.a.d.m.HJ212Server - [runEPServer,73] - HJ212 端口号  =  9998
2023-05-06 16:01:15.028 [,] [scheduling-1] INFO  c.z.h.HikariDataSource - [getConnection,110] - HikariPool-1 - Starting...
2023-05-06 16:01:18.009 [,] [scheduling-1] INFO  c.z.h.HikariDataSource - [getConnection,110] - HikariPool-1 - Starting...
2023-05-06 16:01:21.002 [,] [scheduling-1] INFO  c.z.h.HikariDataSource - [getConnection,110] - HikariPool-1 - Starting...
2023-05-06 16:01:24.014 [,] [scheduling-1] INFO  c.z.h.HikariDataSource - [getConnection,110] - HikariPool-1 - Starting...
2023-05-06 16:01:27.005 [,] [scheduling-1] INFO  c.z.h.HikariDataSource - [getConnection,110] - HikariPool-1 - Starting...
2023-05-06 16:01:30.006 [,] [scheduling-1] INFO  c.z.h.HikariDataSource - [getConnection,110] - HikariPool-1 - Starting...
2023-05-06 16:01:33.014 [,] [scheduling-1] INFO  c.z.h.HikariDataSource - [getConnection,110] - HikariPool-1 - Starting...
2023-05-06 16:01:36.003 [,] [scheduling-1] INFO  c.z.h.HikariDataSource - [getConnection,110] - HikariPool-1 - Starting...
2023-05-06 16:01:43.366 [,] [main] INFO  c.s.a.AIOPartApplication - [logStarting,55] - Starting AIOPartApplication using Java 1.8.0_311 on DESKTOP-SDAFTBQ with PID 10832 (D:\项目\AIO\AIO-part\target\classes started by lbx in D:\项目\AIO)
2023-05-06 16:01:43.369 [,] [main] INFO  c.s.a.AIOPartApplication - [logStartupProfileInfo,634] - No active profile set, falling back to 1 default profile: "default"
2023-05-06 16:01:44.370 [,] [main] INFO  o.a.c.h.Http11NioProtocol - [log,173] - Initializing ProtocolHandler ["http-nio-8081"]
2023-05-06 16:01:44.371 [,] [main] INFO  o.a.c.c.StandardService - [log,173] - Starting service [Tomcat]
2023-05-06 16:01:44.371 [,] [main] INFO  o.a.c.c.StandardEngine - [log,173] - Starting Servlet engine: [Apache Tomcat/9.0.68]
2023-05-06 16:01:44.451 [,] [main] INFO  o.a.c.c.C.[.[.[/] - [log,173] - Initializing Spring embedded WebApplicationContext
2023-05-06 16:01:45.586 [,] [main] INFO  o.a.c.h.Http11NioProtocol - [log,173] - Starting ProtocolHandler ["http-nio-8081"]
2023-05-06 16:01:45.602 [,] [main] INFO  c.s.a.AIOPartApplication - [logStarted,61] - Started AIOPartApplication in 2.484 seconds (JVM running for 3.413)
2023-05-06 16:01:45.606 [,] [main] INFO  c.s.a.d.m.HJ212Server - [runEPServer,73] - HJ212 端口号  =  9998
2023-05-06 16:01:48.044 [,] [scheduling-1] INFO  c.z.h.HikariDataSource - [getConnection,110] - HikariPool-1 - Starting...
2023-05-06 16:01:51.003 [,] [scheduling-1] INFO  c.z.h.HikariDataSource - [getConnection,110] - HikariPool-1 - Starting...
2023-05-06 16:01:54.003 [,] [scheduling-1] INFO  c.z.h.HikariDataSource - [getConnection,110] - HikariPool-1 - Starting...
2023-05-06 16:02:00.826 [,] [main] INFO  c.s.a.AIOPartApplication - [logStarting,55] - Starting AIOPartApplication using Java 1.8.0_311 on DESKTOP-SDAFTBQ with PID 15104 (D:\项目\AIO\AIO-part\target\classes started by lbx in D:\项目\AIO)
2023-05-06 16:02:00.830 [,] [main] INFO  c.s.a.AIOPartApplication - [logStartupProfileInfo,634] - No active profile set, falling back to 1 default profile: "default"
2023-05-06 16:02:01.925 [,] [main] INFO  o.a.c.h.Http11NioProtocol - [log,173] - Initializing ProtocolHandler ["http-nio-8081"]
2023-05-06 16:02:01.926 [,] [main] INFO  o.a.c.c.StandardService - [log,173] - Starting service [Tomcat]
2023-05-06 16:02:01.926 [,] [main] INFO  o.a.c.c.StandardEngine - [log,173] - Starting Servlet engine: [Apache Tomcat/9.0.68]
2023-05-06 16:02:02.010 [,] [main] INFO  o.a.c.c.C.[.[.[/] - [log,173] - Initializing Spring embedded WebApplicationContext
2023-05-06 16:02:03.158 [,] [main] INFO  o.a.c.h.Http11NioProtocol - [log,173] - Starting ProtocolHandler ["http-nio-8081"]
2023-05-06 16:02:03.174 [,] [main] INFO  c.s.a.AIOPartApplication - [logStarted,61] - Started AIOPartApplication in 2.584 seconds (JVM running for 3.466)
2023-05-06 16:02:03.179 [,] [main] INFO  c.s.a.d.m.HJ212Server - [runEPServer,73] - HJ212 端口号  =  9998
2023-05-06 16:02:06.017 [,] [scheduling-1] INFO  c.z.h.HikariDataSource - [getConnection,110] - HikariPool-1 - Starting...
2023-05-06 16:02:09.012 [,] [scheduling-1] INFO  c.z.h.HikariDataSource - [getConnection,110] - HikariPool-1 - Starting...
2023-05-06 16:02:12.012 [,] [scheduling-1] INFO  c.z.h.HikariDataSource - [getConnection,110] - HikariPool-1 - Starting...
2023-05-06 16:02:15.008 [,] [scheduling-1] INFO  c.z.h.HikariDataSource - [getConnection,110] - HikariPool-1 - Starting...
2023-05-06 16:02:18.001 [,] [scheduling-1] INFO  c.z.h.HikariDataSource - [getConnection,110] - HikariPool-1 - Starting...
2023-05-06 16:02:21.010 [,] [scheduling-1] INFO  c.z.h.HikariDataSource - [getConnection,110] - HikariPool-1 - Starting...
2023-05-06 16:02:24.014 [,] [scheduling-1] INFO  c.z.h.HikariDataSource - [getConnection,110] - HikariPool-1 - Starting...
2023-05-06 16:02:27.001 [,] [scheduling-1] INFO  c.z.h.HikariDataSource - [getConnection,110] - HikariPool-1 - Starting...
2023-05-06 16:02:30.009 [,] [scheduling-1] INFO  c.z.h.HikariDataSource - [getConnection,110] - HikariPool-1 - Starting...
2023-05-06 16:02:33.790 [,] [main] INFO  c.s.a.AIOPartApplication - [logStarting,55] - Starting AIOPartApplication using Java 1.8.0_311 on DESKTOP-SDAFTBQ with PID 3404 (D:\项目\AIO\AIO-part\target\classes started by lbx in D:\项目\AIO)
2023-05-06 16:02:33.793 [,] [main] INFO  c.s.a.AIOPartApplication - [logStartupProfileInfo,634] - No active profile set, falling back to 1 default profile: "default"
2023-05-06 16:02:34.808 [,] [main] INFO  o.a.c.h.Http11NioProtocol - [log,173] - Initializing ProtocolHandler ["http-nio-8081"]
2023-05-06 16:02:34.809 [,] [main] INFO  o.a.c.c.StandardService - [log,173] - Starting service [Tomcat]
2023-05-06 16:02:34.809 [,] [main] INFO  o.a.c.c.StandardEngine - [log,173] - Starting Servlet engine: [Apache Tomcat/9.0.68]
2023-05-06 16:02:34.888 [,] [main] INFO  o.a.c.c.C.[.[.[/] - [log,173] - Initializing Spring embedded WebApplicationContext
2023-05-06 16:02:36.250 [,] [main] INFO  o.a.c.h.Http11NioProtocol - [log,173] - Starting ProtocolHandler ["http-nio-8081"]
2023-05-06 16:02:36.266 [,] [main] INFO  c.s.a.AIOPartApplication - [logStarted,61] - Started AIOPartApplication in 2.714 seconds (JVM running for 3.676)
2023-05-06 16:02:36.271 [,] [main] INFO  c.s.a.d.m.HJ212Server - [runEPServer,73] - HJ212 端口号  =  9998
2023-05-06 16:02:39.019 [,] [scheduling-1] INFO  c.z.h.HikariDataSource - [getConnection,110] - HikariPool-1 - Starting...
2023-05-06 16:02:39.635 [,] [scheduling-1] INFO  c.z.h.HikariDataSource - [getConnection,123] - HikariPool-1 - Start completed.
2023-05-06 16:02:43.731 [,] [SpringApplicationShutdownHook] INFO  c.z.h.HikariDataSource - [close,350] - HikariPool-1 - Shutdown initiated...
2023-05-06 16:02:43.740 [,] [SpringApplicationShutdownHook] INFO  c.z.h.HikariDataSource - [close,352] - HikariPool-1 - Shutdown completed.
2023-05-06 16:02:48.570 [,] [main] INFO  c.s.a.AIOPartApplication - [logStarting,55] - Starting AIOPartApplication using Java 1.8.0_311 on DESKTOP-SDAFTBQ with PID 10100 (D:\项目\AIO\AIO-part\target\classes started by lbx in D:\项目\AIO)
2023-05-06 16:02:48.573 [,] [main] INFO  c.s.a.AIOPartApplication - [logStartupProfileInfo,634] - No active profile set, falling back to 1 default profile: "default"
2023-05-06 16:02:49.581 [,] [main] INFO  o.a.c.h.Http11NioProtocol - [log,173] - Initializing ProtocolHandler ["http-nio-8081"]
2023-05-06 16:02:49.581 [,] [main] INFO  o.a.c.c.StandardService - [log,173] - Starting service [Tomcat]
2023-05-06 16:02:49.582 [,] [main] INFO  o.a.c.c.StandardEngine - [log,173] - Starting Servlet engine: [Apache Tomcat/9.0.68]
2023-05-06 16:02:49.660 [,] [main] INFO  o.a.c.c.C.[.[.[/] - [log,173] - Initializing Spring embedded WebApplicationContext
2023-05-06 16:02:50.778 [,] [main] INFO  o.a.c.h.Http11NioProtocol - [log,173] - Starting ProtocolHandler ["http-nio-8081"]
2023-05-06 16:02:50.794 [,] [main] INFO  c.s.a.AIOPartApplication - [logStarted,61] - Started AIOPartApplication in 2.451 seconds (JVM running for 3.325)
2023-05-06 16:02:50.799 [,] [main] INFO  c.s.a.d.m.HJ212Server - [runEPServer,73] - HJ212 端口号  =  9998
2023-05-06 16:02:51.027 [,] [scheduling-1] INFO  c.z.h.HikariDataSource - [getConnection,110] - HikariPool-1 - Starting...
2023-05-06 16:02:51.666 [,] [scheduling-1] INFO  c.z.h.HikariDataSource - [getConnection,123] - HikariPool-1 - Start completed.
2023-05-06 16:02:57.954 [,] [SpringApplicationShutdownHook] INFO  c.z.h.HikariDataSource - [close,350] - HikariPool-1 - Shutdown initiated...
2023-05-06 16:02:57.960 [,] [SpringApplicationShutdownHook] INFO  c.z.h.HikariDataSource - [close,352] - HikariPool-1 - Shutdown completed.
2023-05-06 16:03:02.823 [,] [main] INFO  c.s.a.AIOPartApplication - [logStarting,55] - Starting AIOPartApplication using Java 1.8.0_311 on DESKTOP-SDAFTBQ with PID 9544 (D:\项目\AIO\AIO-part\target\classes started by lbx in D:\项目\AIO)
2023-05-06 16:03:02.825 [,] [main] INFO  c.s.a.AIOPartApplication - [logStartupProfileInfo,634] - No active profile set, falling back to 1 default profile: "default"
2023-05-06 16:03:03.848 [,] [main] INFO  o.a.c.h.Http11NioProtocol - [log,173] - Initializing ProtocolHandler ["http-nio-8081"]
2023-05-06 16:03:03.848 [,] [main] INFO  o.a.c.c.StandardService - [log,173] - Starting service [Tomcat]
2023-05-06 16:03:03.848 [,] [main] INFO  o.a.c.c.StandardEngine - [log,173] - Starting Servlet engine: [Apache Tomcat/9.0.68]
2023-05-06 16:03:03.927 [,] [main] INFO  o.a.c.c.C.[.[.[/] - [log,173] - Initializing Spring embedded WebApplicationContext
2023-05-06 16:03:05.052 [,] [main] INFO  o.a.c.h.Http11NioProtocol - [log,173] - Starting ProtocolHandler ["http-nio-8081"]
2023-05-06 16:03:05.068 [,] [main] INFO  c.s.a.AIOPartApplication - [logStarted,61] - Started AIOPartApplication in 2.476 seconds (JVM running for 3.408)
2023-05-06 16:03:05.072 [,] [main] INFO  c.s.a.d.m.HJ212Server - [runEPServer,73] - HJ212 端口号  =  9998
2023-05-06 16:03:06.052 [,] [scheduling-1] INFO  c.z.h.HikariDataSource - [getConnection,110] - HikariPool-1 - Starting...
2023-05-06 16:03:06.683 [,] [scheduling-1] INFO  c.z.h.HikariDataSource - [getConnection,123] - HikariPool-1 - Start completed.
2023-05-06 16:06:29.957 [,] [http-nio-8081-exec-1] INFO  o.a.c.c.C.[.[.[/] - [log,173] - Initializing Spring DispatcherServlet 'dispatcherServlet'
2023-05-06 16:06:29.977 [,] [http-nio-8081-exec-1] INFO  c.s.a.b.c.BaseController - [AIO,42] - BaseController/pms, 本次登录用户:admin
2023-05-06 16:06:29.996 [,] [http-nio-8081-exec-1] INFO  c.s.a.b.c.BaseController - [AIO,60] - 用户：admin登陆系统
2023-05-06 16:11:15.667 [,] [SpringApplicationShutdownHook] INFO  c.z.h.HikariDataSource - [close,350] - HikariPool-1 - Shutdown initiated...
2023-05-06 16:11:15.673 [,] [SpringApplicationShutdownHook] INFO  c.z.h.HikariDataSource - [close,352] - HikariPool-1 - Shutdown completed.
2023-05-06 16:11:20.701 [,] [main] INFO  c.s.a.AIOPartApplication - [logStarting,55] - Starting AIOPartApplication using Java 1.8.0_311 on DESKTOP-SDAFTBQ with PID 15540 (D:\项目\AIO\AIO-part\target\classes started by lbx in D:\项目\AIO)
2023-05-06 16:11:20.712 [,] [main] INFO  c.s.a.AIOPartApplication - [logStartupProfileInfo,634] - No active profile set, falling back to 1 default profile: "default"
2023-05-06 16:11:21.721 [,] [main] INFO  o.a.c.h.Http11NioProtocol - [log,173] - Initializing ProtocolHandler ["http-nio-8081"]
2023-05-06 16:11:21.722 [,] [main] INFO  o.a.c.c.StandardService - [log,173] - Starting service [Tomcat]
2023-05-06 16:11:21.722 [,] [main] INFO  o.a.c.c.StandardEngine - [log,173] - Starting Servlet engine: [Apache Tomcat/9.0.68]
2023-05-06 16:11:21.801 [,] [main] INFO  o.a.c.c.C.[.[.[/] - [log,173] - Initializing Spring embedded WebApplicationContext
2023-05-06 16:11:22.976 [,] [main] INFO  o.a.c.h.Http11NioProtocol - [log,173] - Starting ProtocolHandler ["http-nio-8081"]
2023-05-06 16:11:22.992 [,] [main] INFO  c.s.a.AIOPartApplication - [logStarted,61] - Started AIOPartApplication in 2.583 seconds (JVM running for 3.548)
2023-05-06 16:11:22.996 [,] [main] INFO  c.s.a.d.m.HJ212Server - [runEPServer,73] - HJ212 端口号  =  9998
2023-05-06 16:11:24.037 [,] [scheduling-1] INFO  c.z.h.HikariDataSource - [getConnection,110] - HikariPool-1 - Starting...
2023-05-06 16:11:24.685 [,] [scheduling-1] INFO  c.z.h.HikariDataSource - [getConnection,123] - HikariPool-1 - Start completed.
2023-05-06 16:11:30.848 [,] [http-nio-8081-exec-1] INFO  o.a.c.c.C.[.[.[/] - [log,173] - Initializing Spring DispatcherServlet 'dispatcherServlet'
2023-05-06 16:14:09.695 [,] [SpringApplicationShutdownHook] INFO  c.z.h.HikariDataSource - [close,350] - HikariPool-1 - Shutdown initiated...
2023-05-06 16:14:09.702 [,] [SpringApplicationShutdownHook] INFO  c.z.h.HikariDataSource - [close,352] - HikariPool-1 - Shutdown completed.
2023-05-06 16:14:14.914 [,] [main] INFO  c.s.a.AIOPartApplication - [logStarting,55] - Starting AIOPartApplication using Java 1.8.0_311 on DESKTOP-SDAFTBQ with PID 2608 (D:\项目\AIO\AIO-part\target\classes started by lbx in D:\项目\AIO)
2023-05-06 16:14:14.917 [,] [main] INFO  c.s.a.AIOPartApplication - [logStartupProfileInfo,634] - No active profile set, falling back to 1 default profile: "default"
2023-05-06 16:14:15.936 [,] [main] INFO  o.a.c.h.Http11NioProtocol - [log,173] - Initializing ProtocolHandler ["http-nio-8081"]
2023-05-06 16:14:15.936 [,] [main] INFO  o.a.c.c.StandardService - [log,173] - Starting service [Tomcat]
2023-05-06 16:14:15.937 [,] [main] INFO  o.a.c.c.StandardEngine - [log,173] - Starting Servlet engine: [Apache Tomcat/9.0.68]
2023-05-06 16:14:16.009 [,] [main] INFO  o.a.c.c.C.[.[.[/] - [log,173] - Initializing Spring embedded WebApplicationContext
2023-05-06 16:14:17.166 [,] [main] INFO  o.a.c.h.Http11NioProtocol - [log,173] - Starting ProtocolHandler ["http-nio-8081"]
2023-05-06 16:14:17.182 [,] [main] INFO  c.s.a.AIOPartApplication - [logStarted,61] - Started AIOPartApplication in 2.506 seconds (JVM running for 3.54)
2023-05-06 16:14:17.187 [,] [main] INFO  c.s.a.d.m.HJ212Server - [runEPServer,73] - HJ212 端口号  =  9998
2023-05-06 16:14:18.015 [,] [scheduling-1] INFO  c.z.h.HikariDataSource - [getConnection,110] - HikariPool-1 - Starting...
2023-05-06 16:14:18.645 [,] [scheduling-1] INFO  c.z.h.HikariDataSource - [getConnection,123] - HikariPool-1 - Start completed.
2023-05-06 16:14:21.010 [,] [http-nio-8081-exec-1] INFO  o.a.c.c.C.[.[.[/] - [log,173] - Initializing Spring DispatcherServlet 'dispatcherServlet'
2023-05-06 16:15:36.673 [,] [SpringApplicationShutdownHook] INFO  c.z.h.HikariDataSource - [close,350] - HikariPool-1 - Shutdown initiated...
2023-05-06 16:15:36.680 [,] [SpringApplicationShutdownHook] INFO  c.z.h.HikariDataSource - [close,352] - HikariPool-1 - Shutdown completed.
2023-05-06 16:15:39.737 [,] [main] INFO  c.s.a.AIOPartApplication - [logStarting,55] - Starting AIOPartApplication using Java 1.8.0_311 on DESKTOP-SDAFTBQ with PID 15436 (D:\项目\AIO\AIO-part\target\classes started by lbx in D:\项目\AIO)
2023-05-06 16:15:39.740 [,] [main] INFO  c.s.a.AIOPartApplication - [logStartupProfileInfo,634] - No active profile set, falling back to 1 default profile: "default"
2023-05-06 16:15:40.741 [,] [main] INFO  o.a.c.h.Http11NioProtocol - [log,173] - Initializing ProtocolHandler ["http-nio-8081"]
2023-05-06 16:15:40.741 [,] [main] INFO  o.a.c.c.StandardService - [log,173] - Starting service [Tomcat]
2023-05-06 16:15:40.742 [,] [main] INFO  o.a.c.c.StandardEngine - [log,173] - Starting Servlet engine: [Apache Tomcat/9.0.68]
2023-05-06 16:15:40.817 [,] [main] INFO  o.a.c.c.C.[.[.[/] - [log,173] - Initializing Spring embedded WebApplicationContext
2023-05-06 16:15:41.932 [,] [main] INFO  o.a.c.h.Http11NioProtocol - [log,173] - Starting ProtocolHandler ["http-nio-8081"]
2023-05-06 16:15:41.948 [,] [main] INFO  c.s.a.AIOPartApplication - [logStarted,61] - Started AIOPartApplication in 2.44 seconds (JVM running for 3.332)
2023-05-06 16:15:41.953 [,] [main] INFO  c.s.a.d.m.HJ212Server - [runEPServer,73] - HJ212 端口号  =  9998
2023-05-06 16:15:42.018 [,] [scheduling-1] INFO  c.z.h.HikariDataSource - [getConnection,110] - HikariPool-1 - Starting...
2023-05-06 16:15:42.646 [,] [scheduling-1] INFO  c.z.h.HikariDataSource - [getConnection,123] - HikariPool-1 - Start completed.
2023-05-06 16:15:46.521 [,] [http-nio-8081-exec-1] INFO  o.a.c.c.C.[.[.[/] - [log,173] - Initializing Spring DispatcherServlet 'dispatcherServlet'
2023-05-06 16:18:28.802 [,] [SpringApplicationShutdownHook] INFO  c.z.h.HikariDataSource - [close,350] - HikariPool-1 - Shutdown initiated...
2023-05-06 16:18:28.809 [,] [SpringApplicationShutdownHook] INFO  c.z.h.HikariDataSource - [close,352] - HikariPool-1 - Shutdown completed.
2023-05-06 16:18:31.903 [,] [main] INFO  c.s.a.AIOPartApplication - [logStarting,55] - Starting AIOPartApplication using Java 1.8.0_311 on DESKTOP-SDAFTBQ with PID 10068 (D:\项目\AIO\AIO-part\target\classes started by lbx in D:\项目\AIO)
2023-05-06 16:18:31.906 [,] [main] INFO  c.s.a.AIOPartApplication - [logStartupProfileInfo,634] - No active profile set, falling back to 1 default profile: "default"
2023-05-06 16:18:32.938 [,] [main] INFO  o.a.c.h.Http11NioProtocol - [log,173] - Initializing ProtocolHandler ["http-nio-8081"]
2023-05-06 16:18:32.938 [,] [main] INFO  o.a.c.c.StandardService - [log,173] - Starting service [Tomcat]
2023-05-06 16:18:32.939 [,] [main] INFO  o.a.c.c.StandardEngine - [log,173] - Starting Servlet engine: [Apache Tomcat/9.0.68]
2023-05-06 16:18:33.019 [,] [main] INFO  o.a.c.c.C.[.[.[/] - [log,173] - Initializing Spring embedded WebApplicationContext
2023-05-06 16:18:34.151 [,] [main] INFO  o.a.c.h.Http11NioProtocol - [log,173] - Starting ProtocolHandler ["http-nio-8081"]
2023-05-06 16:18:34.166 [,] [main] INFO  c.s.a.AIOPartApplication - [logStarted,61] - Started AIOPartApplication in 2.51 seconds (JVM running for 3.46)
2023-05-06 16:18:34.171 [,] [main] INFO  c.s.a.d.m.HJ212Server - [runEPServer,73] - HJ212 端口号  =  9998
2023-05-06 16:18:36.014 [,] [scheduling-1] INFO  c.z.h.HikariDataSource - [getConnection,110] - HikariPool-1 - Starting...
2023-05-06 16:18:36.631 [,] [scheduling-1] INFO  c.z.h.HikariDataSource - [getConnection,123] - HikariPool-1 - Start completed.
2023-05-06 16:18:38.646 [,] [http-nio-8081-exec-1] INFO  o.a.c.c.C.[.[.[/] - [log,173] - Initializing Spring DispatcherServlet 'dispatcherServlet'
2023-05-06 16:19:07.389 [,] [http-nio-8081-exec-8] INFO  c.s.a.u.s.UserService - [login,171] - 使用用户名登录 : BOSS
2023-05-06 16:19:07.391 [,] [http-nio-8081-exec-8] INFO  c.s.a.u.s.UserService - [login,182] - 登录成功
2023-05-06 16:19:07.391 [,] [http-nio-8081-exec-8] INFO  c.s.a.u.c.UserController - [Login,117] - 用户BOSS登录成功
2023-05-06 16:19:42.678 [,] [http-nio-8081-exec-10] INFO  c.s.a.b.c.BaseController - [AIO,42] - BaseController/pms, 本次登录用户:BOSS
2023-05-06 16:19:42.694 [,] [http-nio-8081-exec-10] INFO  c.s.a.b.c.BaseController - [AIO,60] - 用户：BOSS登陆系统
2023-05-06 16:20:25.000 [,] [SpringApplicationShutdownHook] INFO  c.z.h.HikariDataSource - [close,350] - HikariPool-1 - Shutdown initiated...
2023-05-06 16:20:25.008 [,] [SpringApplicationShutdownHook] INFO  c.z.h.HikariDataSource - [close,352] - HikariPool-1 - Shutdown completed.
2023-05-06 16:20:28.231 [,] [main] INFO  c.s.a.AIOPartApplication - [logStarting,55] - Starting AIOPartApplication using Java 1.8.0_311 on DESKTOP-SDAFTBQ with PID 14556 (D:\项目\AIO\AIO-part\target\classes started by lbx in D:\项目\AIO)
2023-05-06 16:20:28.234 [,] [main] INFO  c.s.a.AIOPartApplication - [logStartupProfileInfo,634] - No active profile set, falling back to 1 default profile: "default"
2023-05-06 16:20:29.247 [,] [main] INFO  o.a.c.h.Http11NioProtocol - [log,173] - Initializing ProtocolHandler ["http-nio-8081"]
2023-05-06 16:20:29.247 [,] [main] INFO  o.a.c.c.StandardService - [log,173] - Starting service [Tomcat]
2023-05-06 16:20:29.247 [,] [main] INFO  o.a.c.c.StandardEngine - [log,173] - Starting Servlet engine: [Apache Tomcat/9.0.68]
2023-05-06 16:20:29.323 [,] [main] INFO  o.a.c.c.C.[.[.[/] - [log,173] - Initializing Spring embedded WebApplicationContext
2023-05-06 16:20:30.443 [,] [main] INFO  o.a.c.h.Http11NioProtocol - [log,173] - Starting ProtocolHandler ["http-nio-8081"]
2023-05-06 16:20:30.459 [,] [main] INFO  c.s.a.AIOPartApplication - [logStarted,61] - Started AIOPartApplication in 2.484 seconds (JVM running for 3.496)
2023-05-06 16:20:30.464 [,] [main] INFO  c.s.a.d.m.HJ212Server - [runEPServer,73] - HJ212 端口号  =  9998
2023-05-06 16:20:31.529 [,] [http-nio-8081-exec-1] INFO  o.a.c.c.C.[.[.[/] - [log,173] - Initializing Spring DispatcherServlet 'dispatcherServlet'
2023-05-06 16:20:31.560 [,] [http-nio-8081-exec-1] INFO  c.z.h.HikariDataSource - [getConnection,110] - HikariPool-1 - Starting...
2023-05-06 16:20:32.035 [,] [http-nio-8081-exec-1] INFO  c.z.h.HikariDataSource - [getConnection,123] - HikariPool-1 - Start completed.
2023-05-06 16:22:30.813 [,] [SpringApplicationShutdownHook] INFO  c.z.h.HikariDataSource - [close,350] - HikariPool-1 - Shutdown initiated...
2023-05-06 16:22:30.821 [,] [SpringApplicationShutdownHook] INFO  c.z.h.HikariDataSource - [close,352] - HikariPool-1 - Shutdown completed.
2023-05-06 16:22:33.992 [,] [main] INFO  c.s.a.AIOPartApplication - [logStarting,55] - Starting AIOPartApplication using Java 1.8.0_311 on DESKTOP-SDAFTBQ with PID 6656 (D:\项目\AIO\AIO-part\target\classes started by lbx in D:\项目\AIO)
2023-05-06 16:22:33.995 [,] [main] INFO  c.s.a.AIOPartApplication - [logStartupProfileInfo,634] - No active profile set, falling back to 1 default profile: "default"
2023-05-06 16:22:35.005 [,] [main] INFO  o.a.c.h.Http11NioProtocol - [log,173] - Initializing ProtocolHandler ["http-nio-8081"]
2023-05-06 16:22:35.006 [,] [main] INFO  o.a.c.c.StandardService - [log,173] - Starting service [Tomcat]
2023-05-06 16:22:35.006 [,] [main] INFO  o.a.c.c.StandardEngine - [log,173] - Starting Servlet engine: [Apache Tomcat/9.0.68]
2023-05-06 16:22:35.086 [,] [main] INFO  o.a.c.c.C.[.[.[/] - [log,173] - Initializing Spring embedded WebApplicationContext
2023-05-06 16:22:36.217 [,] [main] INFO  o.a.c.h.Http11NioProtocol - [log,173] - Starting ProtocolHandler ["http-nio-8081"]
2023-05-06 16:22:36.234 [,] [main] INFO  c.s.a.AIOPartApplication - [logStarted,61] - Started AIOPartApplication in 2.483 seconds (JVM running for 3.452)
2023-05-06 16:22:36.238 [,] [main] INFO  c.s.a.d.m.HJ212Server - [runEPServer,73] - HJ212 端口号  =  9998
2023-05-06 16:22:39.025 [,] [scheduling-1] INFO  c.z.h.HikariDataSource - [getConnection,110] - HikariPool-1 - Starting...
2023-05-06 16:22:39.741 [,] [scheduling-1] INFO  c.z.h.HikariDataSource - [getConnection,123] - HikariPool-1 - Start completed.
2023-05-06 16:22:45.764 [,] [http-nio-8081-exec-1] INFO  o.a.c.c.C.[.[.[/] - [log,173] - Initializing Spring DispatcherServlet 'dispatcherServlet'
2023-05-06 16:22:55.012 [,] [SpringApplicationShutdownHook] INFO  c.z.h.HikariDataSource - [close,350] - HikariPool-1 - Shutdown initiated...
2023-05-06 16:22:55.020 [,] [SpringApplicationShutdownHook] INFO  c.z.h.HikariDataSource - [close,352] - HikariPool-1 - Shutdown completed.
2023-05-06 16:22:58.181 [,] [main] INFO  c.s.a.AIOPartApplication - [logStarting,55] - Starting AIOPartApplication using Java 1.8.0_311 on DESKTOP-SDAFTBQ with PID 17056 (D:\项目\AIO\AIO-part\target\classes started by lbx in D:\项目\AIO)
2023-05-06 16:22:58.184 [,] [main] INFO  c.s.a.AIOPartApplication - [logStartupProfileInfo,634] - No active profile set, falling back to 1 default profile: "default"
2023-05-06 16:22:59.247 [,] [main] INFO  o.a.c.h.Http11NioProtocol - [log,173] - Initializing ProtocolHandler ["http-nio-8081"]
2023-05-06 16:22:59.248 [,] [main] INFO  o.a.c.c.StandardService - [log,173] - Starting service [Tomcat]
2023-05-06 16:22:59.249 [,] [main] INFO  o.a.c.c.StandardEngine - [log,173] - Starting Servlet engine: [Apache Tomcat/9.0.68]
2023-05-06 16:22:59.333 [,] [main] INFO  o.a.c.c.C.[.[.[/] - [log,173] - Initializing Spring embedded WebApplicationContext
2023-05-06 16:23:00.489 [,] [main] INFO  o.a.c.h.Http11NioProtocol - [log,173] - Starting ProtocolHandler ["http-nio-8081"]
2023-05-06 16:23:00.505 [,] [main] INFO  c.s.a.AIOPartApplication - [logStarted,61] - Started AIOPartApplication in 2.59 seconds (JVM running for 3.566)
2023-05-06 16:23:00.509 [,] [main] INFO  c.s.a.d.m.HJ212Server - [runEPServer,73] - HJ212 端口号  =  9998
2023-05-06 16:23:03.014 [,] [scheduling-1] INFO  c.z.h.HikariDataSource - [getConnection,110] - HikariPool-1 - Starting...
2023-05-06 16:23:03.658 [,] [scheduling-1] INFO  c.z.h.HikariDataSource - [getConnection,123] - HikariPool-1 - Start completed.
2023-05-06 16:23:04.472 [,] [http-nio-8081-exec-1] INFO  o.a.c.c.C.[.[.[/] - [log,173] - Initializing Spring DispatcherServlet 'dispatcherServlet'
2023-05-06 16:23:50.859 [,] [SpringApplicationShutdownHook] INFO  c.z.h.HikariDataSource - [close,350] - HikariPool-1 - Shutdown initiated...
2023-05-06 16:23:50.866 [,] [SpringApplicationShutdownHook] INFO  c.z.h.HikariDataSource - [close,352] - HikariPool-1 - Shutdown completed.
2023-05-06 16:23:54.061 [,] [main] INFO  c.s.a.AIOPartApplication - [logStarting,55] - Starting AIOPartApplication using Java 1.8.0_311 on DESKTOP-SDAFTBQ with PID 16712 (D:\项目\AIO\AIO-part\target\classes started by lbx in D:\项目\AIO)
2023-05-06 16:23:54.064 [,] [main] INFO  c.s.a.AIOPartApplication - [logStartupProfileInfo,634] - No active profile set, falling back to 1 default profile: "default"
2023-05-06 16:23:55.133 [,] [main] INFO  o.a.c.h.Http11NioProtocol - [log,173] - Initializing ProtocolHandler ["http-nio-8081"]
2023-05-06 16:23:55.134 [,] [main] INFO  o.a.c.c.StandardService - [log,173] - Starting service [Tomcat]
2023-05-06 16:23:55.134 [,] [main] INFO  o.a.c.c.StandardEngine - [log,173] - Starting Servlet engine: [Apache Tomcat/9.0.68]
2023-05-06 16:23:55.210 [,] [main] INFO  o.a.c.c.C.[.[.[/] - [log,173] - Initializing Spring embedded WebApplicationContext
2023-05-06 16:23:56.399 [,] [main] INFO  o.a.c.h.Http11NioProtocol - [log,173] - Starting ProtocolHandler ["http-nio-8081"]
2023-05-06 16:23:56.415 [,] [main] INFO  c.s.a.AIOPartApplication - [logStarted,61] - Started AIOPartApplication in 2.589 seconds (JVM running for 3.576)
2023-05-06 16:23:56.419 [,] [main] INFO  c.s.a.d.m.HJ212Server - [runEPServer,73] - HJ212 端口号  =  9998
2023-05-06 16:23:57.022 [,] [scheduling-1] INFO  c.z.h.HikariDataSource - [getConnection,110] - HikariPool-1 - Starting...
2023-05-06 16:23:57.786 [,] [scheduling-1] INFO  c.z.h.HikariDataSource - [getConnection,123] - HikariPool-1 - Start completed.
2023-05-06 16:23:59.884 [,] [http-nio-8081-exec-1] INFO  o.a.c.c.C.[.[.[/] - [log,173] - Initializing Spring DispatcherServlet 'dispatcherServlet'
2023-05-06 16:24:21.842 [,] [SpringApplicationShutdownHook] INFO  c.z.h.HikariDataSource - [close,350] - HikariPool-1 - Shutdown initiated...
2023-05-06 16:24:21.851 [,] [SpringApplicationShutdownHook] INFO  c.z.h.HikariDataSource - [close,352] - HikariPool-1 - Shutdown completed.
2023-05-06 16:24:24.979 [,] [main] INFO  c.s.a.AIOPartApplication - [logStarting,55] - Starting AIOPartApplication using Java 1.8.0_311 on DESKTOP-SDAFTBQ with PID 1816 (D:\项目\AIO\AIO-part\target\classes started by lbx in D:\项目\AIO)
2023-05-06 16:24:24.982 [,] [main] INFO  c.s.a.AIOPartApplication - [logStartupProfileInfo,634] - No active profile set, falling back to 1 default profile: "default"
2023-05-06 16:24:25.992 [,] [main] INFO  o.a.c.h.Http11NioProtocol - [log,173] - Initializing ProtocolHandler ["http-nio-8081"]
2023-05-06 16:24:25.992 [,] [main] INFO  o.a.c.c.StandardService - [log,173] - Starting service [Tomcat]
2023-05-06 16:24:25.992 [,] [main] INFO  o.a.c.c.StandardEngine - [log,173] - Starting Servlet engine: [Apache Tomcat/9.0.68]
2023-05-06 16:24:26.069 [,] [main] INFO  o.a.c.c.C.[.[.[/] - [log,173] - Initializing Spring embedded WebApplicationContext
2023-05-06 16:24:27.191 [,] [main] INFO  o.a.c.h.Http11NioProtocol - [log,173] - Starting ProtocolHandler ["http-nio-8081"]
2023-05-06 16:24:27.207 [,] [main] INFO  c.s.a.AIOPartApplication - [logStarted,61] - Started AIOPartApplication in 2.456 seconds (JVM running for 3.416)
2023-05-06 16:24:27.212 [,] [main] INFO  c.s.a.d.m.HJ212Server - [runEPServer,73] - HJ212 端口号  =  9998
2023-05-06 16:24:27.428 [,] [http-nio-8081-exec-1] INFO  o.a.c.c.C.[.[.[/] - [log,173] - Initializing Spring DispatcherServlet 'dispatcherServlet'
2023-05-06 16:24:27.463 [,] [http-nio-8081-exec-1] INFO  c.z.h.HikariDataSource - [getConnection,110] - HikariPool-1 - Starting...
2023-05-06 16:24:28.007 [,] [http-nio-8081-exec-1] INFO  c.z.h.HikariDataSource - [getConnection,123] - HikariPool-1 - Start completed.
2023-05-06 16:29:59.556 [,] [SpringApplicationShutdownHook] INFO  c.z.h.HikariDataSource - [close,350] - HikariPool-1 - Shutdown initiated...
2023-05-06 16:29:59.561 [,] [SpringApplicationShutdownHook] INFO  c.z.h.HikariDataSource - [close,352] - HikariPool-1 - Shutdown completed.
2023-05-06 16:30:04.914 [,] [main] INFO  c.s.a.AIOPartApplication - [logStarting,55] - Starting AIOPartApplication using Java 1.8.0_311 on DESKTOP-SDAFTBQ with PID 8544 (D:\项目\AIO\AIO-part\target\classes started by lbx in D:\项目\AIO)
2023-05-06 16:30:04.925 [,] [main] INFO  c.s.a.AIOPartApplication - [logStartupProfileInfo,634] - No active profile set, falling back to 1 default profile: "default"
2023-05-06 16:30:05.924 [,] [main] INFO  o.a.c.h.Http11NioProtocol - [log,173] - Initializing ProtocolHandler ["http-nio-8081"]
2023-05-06 16:30:05.924 [,] [main] INFO  o.a.c.c.StandardService - [log,173] - Starting service [Tomcat]
2023-05-06 16:30:05.924 [,] [main] INFO  o.a.c.c.StandardEngine - [log,173] - Starting Servlet engine: [Apache Tomcat/9.0.68]
2023-05-06 16:30:05.999 [,] [main] INFO  o.a.c.c.C.[.[.[/] - [log,173] - Initializing Spring embedded WebApplicationContext
2023-05-06 16:30:07.124 [,] [main] INFO  o.a.c.h.Http11NioProtocol - [log,173] - Starting ProtocolHandler ["http-nio-8081"]
2023-05-06 16:30:07.141 [,] [main] INFO  c.s.a.AIOPartApplication - [logStarted,61] - Started AIOPartApplication in 2.532 seconds (JVM running for 3.569)
2023-05-06 16:30:07.145 [,] [main] INFO  c.s.a.d.m.HJ212Server - [runEPServer,73] - HJ212 端口号  =  9998
2023-05-06 16:30:09.021 [,] [scheduling-1] INFO  c.z.h.HikariDataSource - [getConnection,110] - HikariPool-1 - Starting...
2023-05-06 16:30:09.629 [,] [scheduling-1] INFO  c.z.h.HikariDataSource - [getConnection,123] - HikariPool-1 - Start completed.
2023-05-06 16:30:13.158 [,] [http-nio-8081-exec-1] INFO  o.a.c.c.C.[.[.[/] - [log,173] - Initializing Spring DispatcherServlet 'dispatcherServlet'
2023-05-06 16:31:25.256 [,] [SpringApplicationShutdownHook] INFO  c.z.h.HikariDataSource - [close,350] - HikariPool-1 - Shutdown initiated...
2023-05-06 16:31:25.263 [,] [SpringApplicationShutdownHook] INFO  c.z.h.HikariDataSource - [close,352] - HikariPool-1 - Shutdown completed.
2023-05-06 16:31:29.038 [,] [main] INFO  c.s.a.AIOPartApplication - [logStarting,55] - Starting AIOPartApplication using Java 1.8.0_311 on DESKTOP-SDAFTBQ with PID 11424 (D:\项目\AIO\AIO-part\target\classes started by lbx in D:\项目\AIO)
2023-05-06 16:31:29.041 [,] [main] INFO  c.s.a.AIOPartApplication - [logStartupProfileInfo,634] - No active profile set, falling back to 1 default profile: "default"
2023-05-06 16:31:30.156 [,] [main] INFO  o.a.c.h.Http11NioProtocol - [log,173] - Initializing ProtocolHandler ["http-nio-8081"]
2023-05-06 16:31:30.156 [,] [main] INFO  o.a.c.c.StandardService - [log,173] - Starting service [Tomcat]
2023-05-06 16:31:30.156 [,] [main] INFO  o.a.c.c.StandardEngine - [log,173] - Starting Servlet engine: [Apache Tomcat/9.0.68]
2023-05-06 16:31:30.235 [,] [main] INFO  o.a.c.c.C.[.[.[/] - [log,173] - Initializing Spring embedded WebApplicationContext
2023-05-06 16:31:31.372 [,] [main] INFO  o.a.c.h.Http11NioProtocol - [log,173] - Starting ProtocolHandler ["http-nio-8081"]
2023-05-06 16:31:31.388 [,] [main] INFO  c.s.a.AIOPartApplication - [logStarted,61] - Started AIOPartApplication in 2.617 seconds (JVM running for 3.889)
2023-05-06 16:31:31.392 [,] [main] INFO  c.s.a.d.m.HJ212Server - [runEPServer,73] - HJ212 端口号  =  9998
2023-05-06 16:31:33.024 [,] [scheduling-1] INFO  c.z.h.HikariDataSource - [getConnection,110] - HikariPool-1 - Starting...
2023-05-06 16:31:33.054 [,] [http-nio-8081-exec-1] INFO  o.a.c.c.C.[.[.[/] - [log,173] - Initializing Spring DispatcherServlet 'dispatcherServlet'
2023-05-06 16:31:33.683 [,] [scheduling-1] INFO  c.z.h.HikariDataSource - [getConnection,123] - HikariPool-1 - Start completed.
2023-05-06 16:31:57.057 [,] [http-nio-8081-exec-7] INFO  c.s.a.a.c.AlarmController - [toAlarmSettingsPage,51] - 进入预警设置页面成功！
2023-05-06 16:32:05.549 [,] [SpringApplicationShutdownHook] INFO  c.z.h.HikariDataSource - [close,350] - HikariPool-1 - Shutdown initiated...
2023-05-06 16:32:05.558 [,] [SpringApplicationShutdownHook] INFO  c.z.h.HikariDataSource - [close,352] - HikariPool-1 - Shutdown completed.
2023-05-06 16:32:08.947 [,] [main] INFO  c.s.a.AIOPartApplication - [logStarting,55] - Starting AIOPartApplication using Java 1.8.0_311 on DESKTOP-SDAFTBQ with PID 8700 (D:\项目\AIO\AIO-part\target\classes started by lbx in D:\项目\AIO)
2023-05-06 16:32:08.950 [,] [main] INFO  c.s.a.AIOPartApplication - [logStartupProfileInfo,634] - No active profile set, falling back to 1 default profile: "default"
2023-05-06 16:32:09.991 [,] [main] INFO  o.a.c.h.Http11NioProtocol - [log,173] - Initializing ProtocolHandler ["http-nio-8081"]
2023-05-06 16:32:09.992 [,] [main] INFO  o.a.c.c.StandardService - [log,173] - Starting service [Tomcat]
2023-05-06 16:32:09.992 [,] [main] INFO  o.a.c.c.StandardEngine - [log,173] - Starting Servlet engine: [Apache Tomcat/9.0.68]
2023-05-06 16:32:10.067 [,] [main] INFO  o.a.c.c.C.[.[.[/] - [log,173] - Initializing Spring embedded WebApplicationContext
2023-05-06 16:32:11.197 [,] [main] INFO  o.a.c.h.Http11NioProtocol - [log,173] - Starting ProtocolHandler ["http-nio-8081"]
2023-05-06 16:32:11.212 [,] [main] INFO  c.s.a.AIOPartApplication - [logStarted,61] - Started AIOPartApplication in 2.554 seconds (JVM running for 3.793)
2023-05-06 16:32:11.217 [,] [main] INFO  c.s.a.d.m.HJ212Server - [runEPServer,73] - HJ212 端口号  =  9998
2023-05-06 16:32:12.017 [,] [scheduling-1] INFO  c.z.h.HikariDataSource - [getConnection,110] - HikariPool-1 - Starting...
2023-05-06 16:32:12.634 [,] [scheduling-1] INFO  c.z.h.HikariDataSource - [getConnection,123] - HikariPool-1 - Start completed.
2023-05-06 16:32:13.173 [,] [http-nio-8081-exec-1] INFO  o.a.c.c.C.[.[.[/] - [log,173] - Initializing Spring DispatcherServlet 'dispatcherServlet'
2023-05-06 16:32:13.249 [,] [http-nio-8081-exec-1] INFO  c.s.a.a.c.AlarmController - [toAlarmSettingsPage,51] - 进入预警设置页面成功！
2023-05-06 16:32:17.908 [,] [http-nio-8081-exec-7] INFO  c.s.a.a.c.AlarmController - [toAlarmSettingsPage,51] - 进入预警设置页面成功！
2023-05-06 16:32:28.181 [,] [http-nio-8081-exec-5] INFO  c.s.a.a.c.AlarmController - [toAddAlarmSettingPage,70] - 进入新增预警设置页面成功！
2023-05-06 16:33:55.793 [,] [SpringApplicationShutdownHook] INFO  c.z.h.HikariDataSource - [close,350] - HikariPool-1 - Shutdown initiated...
2023-05-06 16:33:55.808 [,] [SpringApplicationShutdownHook] INFO  c.z.h.HikariDataSource - [close,352] - HikariPool-1 - Shutdown completed.
2023-05-06 16:33:59.270 [,] [main] INFO  c.s.a.AIOPartApplication - [logStarting,55] - Starting AIOPartApplication using Java 1.8.0_311 on DESKTOP-SDAFTBQ with PID 2924 (D:\项目\AIO\AIO-part\target\classes started by lbx in D:\项目\AIO)
2023-05-06 16:33:59.273 [,] [main] INFO  c.s.a.AIOPartApplication - [logStartupProfileInfo,634] - No active profile set, falling back to 1 default profile: "default"
2023-05-06 16:34:00.315 [,] [main] INFO  o.a.c.h.Http11NioProtocol - [log,173] - Initializing ProtocolHandler ["http-nio-8081"]
2023-05-06 16:34:00.316 [,] [main] INFO  o.a.c.c.StandardService - [log,173] - Starting service [Tomcat]
2023-05-06 16:34:00.316 [,] [main] INFO  o.a.c.c.StandardEngine - [log,173] - Starting Servlet engine: [Apache Tomcat/9.0.68]
2023-05-06 16:34:00.393 [,] [main] INFO  o.a.c.c.C.[.[.[/] - [log,173] - Initializing Spring embedded WebApplicationContext
2023-05-06 16:34:01.748 [,] [main] INFO  o.a.c.h.Http11NioProtocol - [log,173] - Starting ProtocolHandler ["http-nio-8081"]
2023-05-06 16:34:01.765 [,] [main] INFO  c.s.a.AIOPartApplication - [logStarted,61] - Started AIOPartApplication in 2.736 seconds (JVM running for 3.991)
2023-05-06 16:34:01.769 [,] [main] INFO  c.s.a.d.m.HJ212Server - [runEPServer,73] - HJ212 端口号  =  9998
2023-05-06 16:34:03.020 [,] [scheduling-1] INFO  c.z.h.HikariDataSource - [getConnection,110] - HikariPool-1 - Starting...
2023-05-06 16:34:03.686 [,] [scheduling-1] INFO  c.z.h.HikariDataSource - [getConnection,123] - HikariPool-1 - Start completed.
2023-05-06 16:34:14.938 [,] [http-nio-8081-exec-1] INFO  o.a.c.c.C.[.[.[/] - [log,173] - Initializing Spring DispatcherServlet 'dispatcherServlet'
2023-05-06 16:34:15.000 [,] [http-nio-8081-exec-1] INFO  c.s.a.a.c.AlarmController - [toAddAlarmSettingPage,70] - 进入新增预警设置页面成功！
2023-05-06 16:36:13.678 [,] [http-nio-8081-exec-10] INFO  c.s.a.a.c.AlarmController - [toAddAlarmSettingPage,70] - 进入新增预警设置页面成功！
2023-05-06 16:36:18.108 [,] [SpringApplicationShutdownHook] INFO  c.z.h.HikariDataSource - [close,350] - HikariPool-1 - Shutdown initiated...
2023-05-06 16:36:18.114 [,] [SpringApplicationShutdownHook] INFO  c.z.h.HikariDataSource - [close,352] - HikariPool-1 - Shutdown completed.
