[2023-03-17 18:34:56.515][DBG] CCoreGlobalCtrlBase::LoadDSo, HPR_LoadDSo Succ, Path[F:/code/soft/AIO/lib/zlib1.dll], hHandleRet[1437532160]
[2023-03-17 18:34:56.515][INF] The COM:HCCoreBase ver is 6.1.4.15, 2020_03_05. Async:1.
[2023-03-17 18:34:56.515][INF] The COM:Core ver is 6.1.9.47, 2022_11_11. Async:1.
[2023-03-17 18:34:56.515][INF] This HCNetSDK ver is 6.1.9.47 Ver 2022_11_11.
[2023-03-17 18:34:56.516][INF] Login dev 192.168.0.2:80.
[2023-03-17 18:34:56.516][INF] dwTotalNum[2048]
[2023-03-17 18:34:56.516][DBG] CISAPIUser::Start[0]
[2023-03-17 18:34:56.516][INF] CISAPIUser::Login[0]
[2023-03-17 18:34:56.516][DBG] CCoreGlobalCtrl::GetHCNetUtilsAPI, new HCNetUtilsAPI SUCC
[2023-03-17 18:34:56.516][INF] The HCNetUtils ver is 1.3.0.37, 2021_08_16 release. The HCNetUtils is static version.
[2023-03-17 18:34:56.516][DBG] CCoreGlobalCtrl::GetHCNetUtilsAPI, Init, SUCC, m_pHCNetUtilsAPI[1212460000]
[2023-03-17 18:34:56.516][DBG] CHttpClientSession::SetHttpParam, ENUM_HTTP_CONNECT_TIMEOUT, m_dwConnectTimeOut[5000]
[2023-03-17 18:34:56.516][DBG] CHttpClientSession::SetHttpParam, ENUM_HTTP_SEND_TIMEOUT, m_dwSendTimeOut[5000]
[2023-03-17 18:34:56.516][DBG] CHttpClientSession::SetHttpParam, ENUM_HTTP_RECV_TIMEOUT, m_dwRecvTimeOut[5000]
[2023-03-17 18:34:56.516][DBG] CHttpClientSession::ShortLinkExchangeEx, in, this[0x4BDDBBC0]
[2023-03-17 18:34:56.516][INF] HttpShortLinkEx, in, this[0x4BDDBBC0]
[2023-03-17 18:34:56.527][DBG] CHttpClientSession::HttpShortLinkEx, dwBeginTime[2089568687]
[2023-03-17 18:34:56.534][DBG] CHttpClientSession::HttpShortLinkEx, RecvHttpHeader SUCC, m_fnCB[0x0], m_pLink[0x4BD026D4], dwRecvedLen[778], dwHeadLen[236], iContentLen[542], bChunked[0]
[2023-03-17 18:34:56.534][DBG] CHttpClientSession::HttpShortLinkEx, RecvHttpBody, in
[2023-03-17 18:34:56.534][DBG] CHttpClientSession::GetReplyBuff, m_pReplyBody, m_dwReplyBodyLen[542]
[2023-03-17 18:34:56.534][DBG] CHttpClientSession::HttpShortLinkEx, RecvHttpBody, out, bRet[1]
[2023-03-17 18:34:56.534][INF] HttpShortLinkEx, out, this[0x4BDDBBC0]
[2023-03-17 18:34:56.534][DBG] CHttpClientSession::SetHttpParam, ENUM_HTTP_RECV_TIMEOUT, m_dwRecvTimeOut[5000]
[2023-03-17 18:34:56.534][DBG] CHttpClientSession::SetHttpParam, ENUM_HTTP_SEND_TIMEOUT, m_dwSendTimeOut[5000]
[2023-03-17 18:34:56.534][DBG] CHttpClientSession::ShortLinkExchangeEx, in, this[0x4BDDBBC0]
[2023-03-17 18:34:56.534][INF] HttpShortLinkEx, in, this[0x4BDDBBC0]
[2023-03-17 18:34:56.535][DBG] CHttpClientSession::HttpShortLinkEx, dwBeginTime[2089568687]
[2023-03-17 18:34:56.559][DBG] CHttpClientSession::HttpShortLinkEx, RecvHttpHeader SUCC, m_fnCB[0x0], m_pLink[0x4BD026D4], dwRecvedLen[581], dwHeadLen[391], iContentLen[190], bChunked[0]
[2023-03-17 18:34:56.559][DBG] CHttpClientSession::HttpShortLinkEx, RecvHttpBody, in
[2023-03-17 18:34:56.559][DBG] CHttpClientSession::HttpShortLinkEx, RecvHttpBody, out, bRet[1]
[2023-03-17 18:34:56.559][INF] HttpShortLinkEx, out, this[0x4BDDBBC0]
[2023-03-17 18:34:56.559][DBG] CHttpClientSession::SetHttpParam, ENUM_HTTP_RECV_TIMEOUT, m_dwRecvTimeOut[5000]
[2023-03-17 18:34:56.559][DBG] CHttpClientSession::SetHttpParam, ENUM_HTTP_SEND_TIMEOUT, m_dwSendTimeOut[5000]
[2023-03-17 18:34:56.559][DBG] CHttpClientSession::ShortLinkExchangeEx, in, this[0x4BDDBBC0]
[2023-03-17 18:34:56.559][INF] HttpShortLinkEx, in, this[0x4BDDBBC0]
[2023-03-17 18:34:56.559][DBG] CHttpClientSession::HttpShortLinkEx, dwBeginTime[2089568718]
[2023-03-17 18:34:56.565][DBG] CHttpClientSession::HttpShortLinkEx, RecvHttpHeader SUCC, m_fnCB[0x0], m_pLink[0x4BD026D4], dwRecvedLen[2025], dwHeadLen[237], iContentLen[1788], bChunked[0]
[2023-03-17 18:34:56.565][DBG] CHttpClientSession::HttpShortLinkEx, RecvHttpBody, in
[2023-03-17 18:34:56.565][DBG] CHttpClientSession::GetReplyBuff, m_pReplyBody, m_dwReplyBodyLen[1788]
[2023-03-17 18:34:56.565][DBG] CHttpClientSession::HttpShortLinkEx, RecvHttpBody, out, bRet[1]
[2023-03-17 18:34:56.565][INF] HttpShortLinkEx, out, this[0x4BDDBBC0]
[2023-03-17 18:34:56.565][DBG] CHttpClientSession::SetHttpParam, ENUM_HTTP_RECV_TIMEOUT, m_dwRecvTimeOut[5000]
[2023-03-17 18:34:56.565][DBG] CHttpClientSession::SetHttpParam, ENUM_HTTP_SEND_TIMEOUT, m_dwSendTimeOut[5000]
[2023-03-17 18:34:56.566][DBG] CHttpClientSession::ShortLinkExchangeEx, in, this[0x4BDDBBC0]
[2023-03-17 18:34:56.566][INF] HttpShortLinkEx, in, this[0x4BDDBBC0]
[2023-03-17 18:34:56.566][DBG] CHttpClientSession::HttpShortLinkEx, dwBeginTime[2089568718]
[2023-03-17 18:34:56.570][DBG] CHttpClientSession::HttpShortLinkEx, RecvHttpHeader SUCC, m_fnCB[0x0], m_pLink[0x4BD026D4], dwRecvedLen[386], dwHeadLen[236], iContentLen[150], bChunked[0]
[2023-03-17 18:34:56.570][DBG] CHttpClientSession::HttpShortLinkEx, RecvHttpBody, in
[2023-03-17 18:34:56.570][DBG] CHttpClientSession::HttpShortLinkEx, RecvHttpBody, out, bRet[1]
[2023-03-17 18:34:56.570][INF] HttpShortLinkEx, out, this[0x4BDDBBC0]
[2023-03-17 18:34:56.570][DBG] CHttpClientSession::SetHttpParam, ENUM_HTTP_RECV_TIMEOUT, m_dwRecvTimeOut[5000]
[2023-03-17 18:34:56.570][DBG] CHttpClientSession::SetHttpParam, ENUM_HTTP_SEND_TIMEOUT, m_dwSendTimeOut[5000]
[2023-03-17 18:34:56.570][DBG] CHttpClientSession::ShortLinkExchangeEx, in, this[0x4BDDBBC0]
[2023-03-17 18:34:56.570][INF] HttpShortLinkEx, in, this[0x4BDDBBC0]
[2023-03-17 18:34:56.570][DBG] CHttpClientSession::HttpShortLinkEx, dwBeginTime[2089568718]
[2023-03-17 18:34:56.576][DBG] CHttpClientSession::HttpShortLinkEx, RecvHttpHeader SUCC, m_fnCB[0x0], m_pLink[0x4BD026D4], dwRecvedLen[1376], dwHeadLen[237], iContentLen[1139], bChunked[0]
[2023-03-17 18:34:56.576][DBG] CHttpClientSession::HttpShortLinkEx, RecvHttpBody, in
[2023-03-17 18:34:56.576][DBG] CHttpClientSession::HttpShortLinkEx, RecvHttpBody, out, bRet[1]
[2023-03-17 18:34:56.576][INF] HttpShortLinkEx, out, this[0x4BDDBBC0]
[2023-03-17 18:34:56.576][DBG] CHttpClientSession::SetHttpParam, ENUM_HTTP_RECV_TIMEOUT, m_dwRecvTimeOut[5000]
[2023-03-17 18:34:56.576][DBG] CHttpClientSession::SetHttpParam, ENUM_HTTP_SEND_TIMEOUT, m_dwSendTimeOut[5000]
[2023-03-17 18:34:56.576][DBG] CHttpClientSession::ShortLinkExchangeEx, in, this[0x4BDDBBC0]
[2023-03-17 18:34:56.576][INF] HttpShortLinkEx, in, this[0x4BDDBBC0]
[2023-03-17 18:34:56.576][DBG] CHttpClientSession::HttpShortLinkEx, dwBeginTime[2089568734]
[2023-03-17 18:34:56.580][DBG] CHttpClientSession::HttpShortLinkEx, RecvHttpHeader SUCC, m_fnCB[0x0], m_pLink[0x4BD026D4], dwRecvedLen[378], dwHeadLen[236], iContentLen[142], bChunked[0]
[2023-03-17 18:34:56.580][DBG] CHttpClientSession::HttpShortLinkEx, RecvHttpBody, in
[2023-03-17 18:34:56.580][DBG] CHttpClientSession::HttpShortLinkEx, RecvHttpBody, out, bRet[1]
[2023-03-17 18:34:56.580][INF] HttpShortLinkEx, out, this[0x4BDDBBC0]
[2023-03-17 18:34:56.580][DBG] CHttpClientSession::SetHttpParam, ENUM_HTTP_RECV_TIMEOUT, m_dwRecvTimeOut[5000]
[2023-03-17 18:34:56.580][DBG] CHttpClientSession::SetHttpParam, ENUM_HTTP_SEND_TIMEOUT, m_dwSendTimeOut[5000]
[2023-03-17 18:34:56.580][DBG] CHttpClientSession::ShortLinkExchangeEx, in, this[0x4BDDBBC0]
[2023-03-17 18:34:56.580][INF] HttpShortLinkEx, in, this[0x4BDDBBC0]
[2023-03-17 18:34:56.580][DBG] CHttpClientSession::HttpShortLinkEx, dwBeginTime[2089568734]
[2023-03-17 18:34:56.585][DBG] CHttpClientSession::HttpShortLinkEx, RecvHttpHeader SUCC, m_fnCB[0x0], m_pLink[0x4BD026D4], dwRecvedLen[380], dwHeadLen[236], iContentLen[144], bChunked[0]
[2023-03-17 18:34:56.585][DBG] CHttpClientSession::HttpShortLinkEx, RecvHttpBody, in
[2023-03-17 18:34:56.585][DBG] CHttpClientSession::HttpShortLinkEx, RecvHttpBody, out, bRet[1]
[2023-03-17 18:34:56.585][INF] HttpShortLinkEx, out, this[0x4BDDBBC0]
[2023-03-17 18:34:56.585][DBG] CHttpClientSession::SetHttpParam, ENUM_HTTP_RECV_TIMEOUT, m_dwRecvTimeOut[5000]
[2023-03-17 18:34:56.585][DBG] CHttpClientSession::SetHttpParam, ENUM_HTTP_SEND_TIMEOUT, m_dwSendTimeOut[5000]
[2023-03-17 18:34:56.585][DBG] CHttpClientSession::ShortLinkExchangeEx, in, this[0x4BDDBBC0]
[2023-03-17 18:34:56.585][INF] HttpShortLinkEx, in, this[0x4BDDBBC0]
[2023-03-17 18:34:56.585][DBG] CHttpClientSession::HttpShortLinkEx, dwBeginTime[2089568734]
[2023-03-17 18:34:56.594][DBG] CHttpClientSession::HttpShortLinkEx, RecvHttpHeader SUCC, m_fnCB[0x0], m_pLink[0x4BD026D4], dwRecvedLen[590], dwHeadLen[236], iContentLen[354], bChunked[0]
[2023-03-17 18:34:56.594][DBG] CHttpClientSession::HttpShortLinkEx, RecvHttpBody, in
[2023-03-17 18:34:56.594][DBG] CHttpClientSession::HttpShortLinkEx, RecvHttpBody, out, bRet[1]
[2023-03-17 18:34:56.594][INF] HttpShortLinkEx, out, this[0x4BDDBBC0]
[2023-03-17 18:34:56.594][DBG] CHttpClientSession::SetHttpParam, ENUM_HTTP_RECV_TIMEOUT, m_dwRecvTimeOut[5000]
[2023-03-17 18:34:56.594][DBG] CHttpClientSession::SetHttpParam, ENUM_HTTP_SEND_TIMEOUT, m_dwSendTimeOut[5000]
[2023-03-17 18:34:56.594][DBG] CHttpClientSession::ShortLinkExchangeEx, in, this[0x4BDDBBC0]
[2023-03-17 18:34:56.594][INF] HttpShortLinkEx, in, this[0x4BDDBBC0]
[2023-03-17 18:34:56.594][DBG] CHttpClientSession::HttpShortLinkEx, dwBeginTime[2089568750]
[2023-03-17 18:34:56.599][DBG] CHttpClientSession::HttpShortLinkEx, RecvHttpHeader SUCC, m_fnCB[0x0], m_pLink[0x4BD026D4], dwRecvedLen[528], dwHeadLen[243], iContentLen[285], bChunked[0]
[2023-03-17 18:34:56.599][DBG] CHttpClientSession::HttpShortLinkEx, RecvHttpBody, in
[2023-03-17 18:34:56.599][DBG] CHttpClientSession::HttpShortLinkEx, RecvHttpBody, out, bRet[1]
[2023-03-17 18:34:56.599][INF] HttpShortLinkEx, out, this[0x4BDDBBC0]
[2023-03-17 18:34:56.599][DBG] CHttpClientSession::SetHttpParam, ENUM_HTTP_RECV_TIMEOUT, m_dwRecvTimeOut[5000]
[2023-03-17 18:34:56.599][DBG] CHttpClientSession::SetHttpParam, ENUM_HTTP_SEND_TIMEOUT, m_dwSendTimeOut[5000]
[2023-03-17 18:34:56.599][DBG] CHttpClientSession::ShortLinkExchangeEx, in, this[0x4BDDBBC0]
[2023-03-17 18:34:56.599][INF] HttpShortLinkEx, in, this[0x4BDDBBC0]
[2023-03-17 18:34:56.599][DBG] CHttpClientSession::HttpShortLinkEx, dwBeginTime[2089568750]
[2023-03-17 18:34:56.604][DBG] CHttpClientSession::HttpShortLinkEx, RecvHttpHeader SUCC, m_fnCB[0x0], m_pLink[0x4BD026D4], dwRecvedLen[528], dwHeadLen[243], iContentLen[285], bChunked[0]
[2023-03-17 18:34:56.604][DBG] CHttpClientSession::HttpShortLinkEx, RecvHttpBody, in
[2023-03-17 18:34:56.604][DBG] CHttpClientSession::HttpShortLinkEx, RecvHttpBody, out, bRet[1]
[2023-03-17 18:34:56.604][INF] HttpShortLinkEx, out, this[0x4BDDBBC0]
[2023-03-17 18:34:56.604][DBG] CHttpClientSession::SetHttpParam, ENUM_HTTP_RECV_TIMEOUT, m_dwRecvTimeOut[5000]
[2023-03-17 18:34:56.604][DBG] CHttpClientSession::SetHttpParam, ENUM_HTTP_SEND_TIMEOUT, m_dwSendTimeOut[5000]
[2023-03-17 18:34:56.604][DBG] CHttpClientSession::ShortLinkExchangeEx, in, this[0x4BDDBBC0]
[2023-03-17 18:34:56.604][INF] HttpShortLinkEx, in, this[0x4BDDBBC0]
[2023-03-17 18:34:56.604][DBG] CHttpClientSession::HttpShortLinkEx, dwBeginTime[2089568765]
[2023-03-17 18:34:56.608][DBG] CHttpClientSession::HttpShortLinkEx, RecvHttpHeader SUCC, m_fnCB[0x0], m_pLink[0x4BD026D4], dwRecvedLen[764], dwHeadLen[236], iContentLen[528], bChunked[0]
[2023-03-17 18:34:56.608][DBG] CHttpClientSession::HttpShortLinkEx, RecvHttpBody, in
[2023-03-17 18:34:56.608][DBG] CHttpClientSession::HttpShortLinkEx, RecvHttpBody, out, bRet[1]
[2023-03-17 18:34:56.608][INF] HttpShortLinkEx, out, this[0x4BDDBBC0]
[2023-03-17 18:34:56.608][DBG] CHttpClientSession::SetHttpParam, ENUM_HTTP_RECV_TIMEOUT, m_dwRecvTimeOut[5000]
[2023-03-17 18:34:56.608][DBG] CHttpClientSession::SetHttpParam, ENUM_HTTP_SEND_TIMEOUT, m_dwSendTimeOut[5000]
[2023-03-17 18:34:56.608][DBG] CHttpClientSession::ShortLinkExchangeEx, in, this[0x4BDDBBC0]
[2023-03-17 18:34:56.608][INF] HttpShortLinkEx, in, this[0x4BDDBBC0]
[2023-03-17 18:34:56.608][DBG] CHttpClientSession::HttpShortLinkEx, dwBeginTime[2089568765]
[2023-03-17 18:34:56.613][DBG] CHttpClientSession::HttpShortLinkEx, RecvHttpHeader SUCC, m_fnCB[0x0], m_pLink[0x4BD026D4], dwRecvedLen[372], dwHeadLen[236], iContentLen[136], bChunked[0]
[2023-03-17 18:34:56.613][DBG] CHttpClientSession::HttpShortLinkEx, RecvHttpBody, in
[2023-03-17 18:34:56.613][DBG] CHttpClientSession::HttpShortLinkEx, RecvHttpBody, out, bRet[1]
[2023-03-17 18:34:56.613][INF] HttpShortLinkEx, out, this[0x4BDDBBC0]
[2023-03-17 18:34:56.613][DBG] CHttpClientSession::SetHttpParam, ENUM_HTTP_RECV_TIMEOUT, m_dwRecvTimeOut[5000]
[2023-03-17 18:34:56.613][DBG] CHttpClientSession::SetHttpParam, ENUM_HTTP_SEND_TIMEOUT, m_dwSendTimeOut[5000]
[2023-03-17 18:34:59.625][INF] COM_Logout[0][0]
[2023-03-17 18:34:59.625][DBG] CISAPIUser::Stop[0]
[2023-03-17 18:34:59.625][DBG] CUserMgr::UnRegisterHeartProxy[0]
[2023-03-17 18:34:59.625][DBG] CHttpClientSession::ShortLinkExchangeEx, in, this[0x4BDDBBC0]
[2023-03-17 18:34:59.625][INF] HttpShortLinkEx, in, this[0x4BDDBBC0]
[2023-03-17 18:34:59.625][DBG] CHttpClientSession::HttpShortLinkEx, dwBeginTime[2089571781]
[2023-03-17 18:34:59.633][DBG] CHttpClientSession::HttpShortLinkEx, RecvHttpHeader SUCC, m_fnCB[0x0], m_pLink[0x4BD026D4], dwRecvedLen[492], dwHeadLen[236], iContentLen[256], bChunked[0]
[2023-03-17 18:34:59.633][DBG] CHttpClientSession::HttpShortLinkEx, RecvHttpBody, in
[2023-03-17 18:34:59.633][DBG] CHttpClientSession::HttpShortLinkEx, RecvHttpBody, out, bRet[1]
[2023-03-17 18:34:59.633][INF] HttpShortLinkEx, out, this[0x4BDDBBC0]
[2023-03-17 18:34:59.633][DBG] CHttpClientSession::SetHttpParam, ENUM_HTTP_RECV_TIMEOUT, m_dwRecvTimeOut[5000]
[2023-03-17 18:34:59.633][DBG] CHttpClientSession::SetHttpParam, ENUM_HTTP_SEND_TIMEOUT, m_dwSendTimeOut[5000]
[2023-03-17 18:34:59.633][DBG] CHttpClientSession::CloseLink, close link socket
[2023-03-17 18:34:59.633][DBG] [0]CISAPIHttp::Stop, m_lHttpHandle[0], with return[1]
[2023-03-17 18:34:59.633][DBG] CISAPIUser::Stop[0]
[2023-03-17 18:34:59.633][DBG] CUserMgr::UnRegisterHeartProxy[0]
