2022-10-24 10:55:40.944 [,] [background-preinit] INFO  o.h.v.i.util.Version - [<clinit>,21] - HV000001: Hibernate Validator 6.0.20.Final
2022-10-24 10:55:41.156 [,] [main] INFO  com.shark.PMSapp - [logStarting,55] - Starting PMSapp on DESKTOP-RHK02IA with PID 10076 (C:\Users\98285\Desktop\项目管理系统\PMS0926\target\classes started by 98285 in C:\Users\98285\Desktop\项目管理系统\PMS0926)
2022-10-24 10:55:41.157 [,] [main] INFO  com.shark.PMSapp - [logStartupProfileInfo,651] - No active profile set, falling back to default profiles: default
2022-10-24 10:55:44.576 [,] [main] INFO  o.a.c.h.Http11NioProtocol - [log,173] - Initializing ProtocolHandler ["http-nio-8081"]
2022-10-24 10:55:44.577 [,] [main] INFO  o.a.c.c.StandardService - [log,173] - Starting service [Tomcat]
2022-10-24 10:55:44.577 [,] [main] INFO  o.a.c.c.StandardEngine - [log,173] - Starting Servlet engine: [Apache Tomcat/9.0.38]
2022-10-24 10:55:44.745 [,] [main] INFO  o.a.c.c.C.[.[.[/] - [log,173] - Initializing Spring embedded WebApplicationContext
2022-10-24 10:55:46.900 [,] [main] INFO  o.a.c.h.Http11NioProtocol - [log,173] - Starting ProtocolHandler ["http-nio-8081"]
2022-10-24 10:55:47.015 [,] [main] INFO  com.shark.PMSapp - [logStarted,61] - Started PMSapp in 6.727 seconds (JVM running for 8.225)
2022-10-24 10:56:27.348 [,] [http-nio-8081-exec-1] INFO  o.a.c.c.C.[.[.[/] - [log,173] - Initializing Spring DispatcherServlet 'dispatcherServlet'
2022-10-24 10:56:27.470 [,] [http-nio-8081-exec-1] INFO  c.s.b.BaseController - [pms,60] - 172.29.33.118
2022-10-24 10:56:57.952 [,] [http-nio-8081-exec-9] INFO  c.s.b.BaseController - [pms,60] - 172.29.33.118
2022-10-24 10:57:04.919 [,] [http-nio-8081-exec-10] INFO  c.z.h.HikariDataSource - [getConnection,110] - HikariPool-1 - Starting...
2022-10-24 10:57:06.004 [,] [http-nio-8081-exec-10] INFO  c.z.h.HikariDataSource - [getConnection,123] - HikariPool-1 - Start completed.
2022-10-24 10:57:06.040 [,] [http-nio-8081-exec-10] INFO  c.s.u.s.UserService - [login,206] - UserService/login, 使用用户名登录 : thg-admin1
2022-10-24 10:57:06.051 [,] [http-nio-8081-exec-10] INFO  c.s.u.s.UserService - [login,212] - MD5加密032E6918EE47FEA204EBC0BE419AFBD1
2022-10-24 10:57:06.053 [,] [http-nio-8081-exec-10] INFO  c.s.u.s.UserService - [login,218] - UserService/login, 登录成功
2022-10-24 10:57:06.053 [,] [http-nio-8081-exec-10] INFO  c.s.u.c.UserController - [Login,181] - UserController/Login, 用户登录成功
2022-10-24 10:57:06.674 [,] [http-nio-8081-exec-10] INFO  c.s.b.util.BaseUtil - [toIndex,90] - BaseController/pms, pending:[]
2022-10-24 10:57:06.698 [,] [http-nio-8081-exec-10] INFO  c.s.b.util.BaseUtil - [toIndex,92] - BaseController/pms, processing:[{"companyName":"华为","name":"华为","statusName":"项目生产中","submitTime":1657014832000},{"companyName":"tyui-22","name":"tyui-22","statusName":"项目装配中","submitTime":1657365646000},{"companyName":"1234567","name":"1234567","statusName":"项目设计中","submitTime":1657463742000},{"companyName":"阿里巴巴","name":"车床","statusName":"项目设计中","submitTime":1663834869000}]
2022-10-24 10:57:06.698 [,] [http-nio-8081-exec-10] INFO  c.s.b.util.BaseUtil - [toIndex,94] - BaseController/pms, finished:[{"companyName":"MF123456","name":"MF123456","statusName":"项目已完成","submitTime":1657372287000},{"companyName":"机械制造","name":"机械制造","statusName":"项目审核不通过","submitTime":1663828080000}]
2022-10-24 10:57:09.509 [,] [http-nio-8081-exec-1] INFO  c.s.u.c.UserController - [personalCenterWeb,232] - BaseController/pms, 本次登录用户:thg-admin1
2022-10-24 10:57:12.631 [,] [http-nio-8081-exec-3] INFO  c.s.b.BaseController - [pms,60] - 172.29.33.118
2022-10-24 10:57:12.632 [,] [http-nio-8081-exec-3] INFO  c.s.b.BaseController - [pms,71] - BaseController/pms, 本次登录用户:thg-admin1
2022-10-24 10:57:12.866 [,] [http-nio-8081-exec-3] INFO  c.s.b.util.BaseUtil - [toIndex,90] - BaseController/pms, pending:[]
2022-10-24 10:57:12.867 [,] [http-nio-8081-exec-3] INFO  c.s.b.util.BaseUtil - [toIndex,92] - BaseController/pms, processing:[{"companyName":"华为","name":"华为","statusName":"项目生产中","submitTime":1657014832000},{"companyName":"tyui-22","name":"tyui-22","statusName":"项目装配中","submitTime":1657365646000},{"companyName":"1234567","name":"1234567","statusName":"项目设计中","submitTime":1657463742000},{"companyName":"阿里巴巴","name":"车床","statusName":"项目设计中","submitTime":1663834869000}]
2022-10-24 10:57:12.867 [,] [http-nio-8081-exec-3] INFO  c.s.b.util.BaseUtil - [toIndex,94] - BaseController/pms, finished:[{"companyName":"MF123456","name":"MF123456","statusName":"项目已完成","submitTime":1657372287000},{"companyName":"机械制造","name":"机械制造","statusName":"项目审核不通过","submitTime":1663828080000}]
2022-10-24 10:57:13.890 [,] [http-nio-8081-exec-4] INFO  c.s.p.c.ProjectController - [reviewProjectWeb,282] - ProjectController/reviewProjectWeb, review:[]
2022-10-24 10:57:14.664 [,] [http-nio-8081-exec-10] INFO  c.s.p.c.ProjectController - [designProjectWeb,508] - ProjectController/designProjectWeb, design:[{"submitTime":1657463742000,"companyName":"1234567","name":"1234567","statusName":"项目设计中"},{"submitTime":1663834869000,"companyName":"阿里巴巴","name":"车床","statusName":"项目设计中"}]
2022-10-24 10:57:15.376 [,] [http-nio-8081-exec-7] INFO  c.s.p.c.ProjectController - [signProjectWeb,410] - ProjectController/signProjectWeb, sign:[]
2022-10-24 10:57:16.256 [,] [http-nio-8081-exec-9] INFO  c.s.p.c.ProjectController - [reviewProjectWeb,282] - ProjectController/reviewProjectWeb, review:[]
2022-10-24 10:57:17.472 [,] [http-nio-8081-exec-2] INFO  c.s.b.BaseController - [pms,60] - 172.29.33.118
2022-10-24 10:57:17.473 [,] [http-nio-8081-exec-2] INFO  c.s.b.BaseController - [pms,71] - BaseController/pms, 本次登录用户:thg-admin1
2022-10-24 10:57:17.596 [,] [http-nio-8081-exec-2] INFO  c.s.b.util.BaseUtil - [toIndex,90] - BaseController/pms, pending:[]
2022-10-24 10:57:17.596 [,] [http-nio-8081-exec-2] INFO  c.s.b.util.BaseUtil - [toIndex,92] - BaseController/pms, processing:[{"companyName":"华为","name":"华为","statusName":"项目生产中","submitTime":1657014832000},{"companyName":"tyui-22","name":"tyui-22","statusName":"项目装配中","submitTime":1657365646000},{"companyName":"1234567","name":"1234567","statusName":"项目设计中","submitTime":1657463742000},{"companyName":"阿里巴巴","name":"车床","statusName":"项目设计中","submitTime":1663834869000}]
2022-10-24 10:57:17.597 [,] [http-nio-8081-exec-2] INFO  c.s.b.util.BaseUtil - [toIndex,94] - BaseController/pms, finished:[{"companyName":"MF123456","name":"MF123456","statusName":"项目已完成","submitTime":1657372287000},{"companyName":"机械制造","name":"机械制造","statusName":"项目审核不通过","submitTime":1663828080000}]
2022-10-24 10:57:18.867 [,] [http-nio-8081-exec-8] INFO  c.s.p.c.ProjectController - [assembleProjectWeb,1316] - ProjectController/assembleProjectWeb, assemble:[{"submitTime":1657365646000,"companyName":"tyui-22","name":"tyui-22","statusName":"项目装配中"}]
2022-10-24 10:57:20.092 [,] [http-nio-8081-exec-1] INFO  c.s.p.c.ProjectController - [productProjectWeb,1179] - ProjectController/productProjectWeb, product:[{"submitTime":1657014832000,"companyName":"华为","name":"华为","statusName":"项目生产中"}]
2022-10-24 10:57:20.644 [,] [http-nio-8081-exec-3] INFO  c.s.p.c.ProjectController - [designProjectWeb,508] - ProjectController/designProjectWeb, design:[{"submitTime":1657463742000,"companyName":"1234567","name":"1234567","statusName":"项目设计中"},{"submitTime":1663834869000,"companyName":"阿里巴巴","name":"车床","statusName":"项目设计中"}]
2022-10-24 10:57:21.283 [,] [http-nio-8081-exec-4] INFO  c.s.p.c.ProjectController - [signProjectWeb,410] - ProjectController/signProjectWeb, sign:[]
2022-10-24 10:57:21.843 [,] [http-nio-8081-exec-10] INFO  c.s.p.c.ProjectController - [reviewProjectWeb,282] - ProjectController/reviewProjectWeb, review:[]
2022-10-24 10:57:23.349 [,] [http-nio-8081-exec-7] INFO  c.s.b.BaseController - [pms,60] - 172.29.33.118
2022-10-24 10:57:23.350 [,] [http-nio-8081-exec-7] INFO  c.s.b.BaseController - [pms,71] - BaseController/pms, 本次登录用户:thg-admin1
2022-10-24 10:57:23.706 [,] [http-nio-8081-exec-7] INFO  c.s.b.util.BaseUtil - [toIndex,90] - BaseController/pms, pending:[]
2022-10-24 10:57:23.707 [,] [http-nio-8081-exec-7] INFO  c.s.b.util.BaseUtil - [toIndex,92] - BaseController/pms, processing:[{"companyName":"华为","name":"华为","statusName":"项目生产中","submitTime":1657014832000},{"companyName":"tyui-22","name":"tyui-22","statusName":"项目装配中","submitTime":1657365646000},{"companyName":"1234567","name":"1234567","statusName":"项目设计中","submitTime":1657463742000},{"companyName":"阿里巴巴","name":"车床","statusName":"项目设计中","submitTime":1663834869000}]
2022-10-24 10:57:23.708 [,] [http-nio-8081-exec-7] INFO  c.s.b.util.BaseUtil - [toIndex,94] - BaseController/pms, finished:[{"companyName":"MF123456","name":"MF123456","statusName":"项目已完成","submitTime":1657372287000},{"companyName":"机械制造","name":"机械制造","statusName":"项目审核不通过","submitTime":1663828080000}]
2022-10-24 10:57:29.234 [,] [http-nio-8081-exec-9] INFO  c.s.b.BaseController - [pms,60] - 172.29.33.118
2022-10-24 10:57:29.234 [,] [http-nio-8081-exec-9] INFO  c.s.b.BaseController - [pms,71] - BaseController/pms, 本次登录用户:thg-admin1
2022-10-24 10:57:29.376 [,] [http-nio-8081-exec-9] INFO  c.s.b.util.BaseUtil - [toIndex,90] - BaseController/pms, pending:[]
2022-10-24 10:57:29.377 [,] [http-nio-8081-exec-9] INFO  c.s.b.util.BaseUtil - [toIndex,92] - BaseController/pms, processing:[{"companyName":"华为","name":"华为","statusName":"项目生产中","submitTime":1657014832000},{"companyName":"tyui-22","name":"tyui-22","statusName":"项目装配中","submitTime":1657365646000},{"companyName":"1234567","name":"1234567","statusName":"项目设计中","submitTime":1657463742000},{"companyName":"阿里巴巴","name":"车床","statusName":"项目设计中","submitTime":1663834869000}]
2022-10-24 10:57:29.377 [,] [http-nio-8081-exec-9] INFO  c.s.b.util.BaseUtil - [toIndex,94] - BaseController/pms, finished:[{"companyName":"MF123456","name":"MF123456","statusName":"项目已完成","submitTime":1657372287000},{"companyName":"机械制造","name":"机械制造","statusName":"项目审核不通过","submitTime":1663828080000}]
2022-10-24 11:03:12.417 [,] [http-nio-8081-exec-4] INFO  c.s.b.s.BackSysService - [getNewUser,126] - BackSysService/getNewUser, 获取新用户信息成功
2022-10-24 11:03:14.179 [,] [http-nio-8081-exec-7] INFO  c.s.b.s.BackSysService - [getAllUser,111] - BackSysService/getAllUser, 获取全部用户信息成功
2022-10-24 11:03:15.854 [,] [http-nio-8081-exec-2] INFO  c.s.b.s.BackSysService - [getAllPaymentTerm,333] - BackSysService/getPaymentTerm, 获取全部付款条件成功
2022-10-24 11:03:17.739 [,] [http-nio-8081-exec-8] INFO  c.s.b.BaseController - [pms,60] - 172.29.33.118
2022-10-24 11:03:17.740 [,] [http-nio-8081-exec-8] INFO  c.s.b.BaseController - [pms,71] - BaseController/pms, 本次登录用户:thg-admin1
2022-10-24 11:03:17.819 [,] [http-nio-8081-exec-8] INFO  c.s.b.util.BaseUtil - [toIndex,90] - BaseController/pms, pending:[]
2022-10-24 11:03:17.820 [,] [http-nio-8081-exec-8] INFO  c.s.b.util.BaseUtil - [toIndex,92] - BaseController/pms, processing:[{"companyName":"华为","name":"华为","statusName":"项目生产中","submitTime":1657014832000},{"companyName":"tyui-22","name":"tyui-22","statusName":"项目装配中","submitTime":1657365646000},{"companyName":"1234567","name":"1234567","statusName":"项目设计中","submitTime":1657463742000},{"companyName":"阿里巴巴","name":"车床","statusName":"项目设计中","submitTime":1663834869000}]
2022-10-24 11:03:17.821 [,] [http-nio-8081-exec-8] INFO  c.s.b.util.BaseUtil - [toIndex,94] - BaseController/pms, finished:[{"companyName":"MF123456","name":"MF123456","statusName":"项目已完成","submitTime":1657372287000},{"companyName":"机械制造","name":"机械制造","statusName":"项目审核不通过","submitTime":1663828080000}]
2022-10-24 11:03:18.861 [,] [http-nio-8081-exec-5] INFO  c.s.p.c.ProjectController - [productProjectWeb,1179] - ProjectController/productProjectWeb, product:[{"submitTime":1657014832000,"companyName":"华为","name":"华为","statusName":"项目生产中"}]
2022-10-24 11:03:19.587 [,] [http-nio-8081-exec-3] INFO  c.s.p.c.ProjectController - [designProjectWeb,508] - ProjectController/designProjectWeb, design:[{"submitTime":1657463742000,"companyName":"1234567","name":"1234567","statusName":"项目设计中"},{"submitTime":1663834869000,"companyName":"阿里巴巴","name":"车床","statusName":"项目设计中"}]
2022-10-24 11:03:20.243 [,] [http-nio-8081-exec-4] INFO  c.s.p.c.ProjectController - [signProjectWeb,410] - ProjectController/signProjectWeb, sign:[]
2022-10-24 11:03:20.981 [,] [http-nio-8081-exec-10] INFO  c.s.p.c.ProjectController - [reviewProjectWeb,282] - ProjectController/reviewProjectWeb, review:[]
2022-10-24 11:03:22.216 [,] [http-nio-8081-exec-9] INFO  c.s.b.BaseController - [pms,60] - 172.29.33.118
2022-10-24 11:03:22.217 [,] [http-nio-8081-exec-9] INFO  c.s.b.BaseController - [pms,71] - BaseController/pms, 本次登录用户:thg-admin1
2022-10-24 11:03:22.300 [,] [http-nio-8081-exec-9] INFO  c.s.b.util.BaseUtil - [toIndex,90] - BaseController/pms, pending:[]
2022-10-24 11:03:22.301 [,] [http-nio-8081-exec-9] INFO  c.s.b.util.BaseUtil - [toIndex,92] - BaseController/pms, processing:[{"companyName":"华为","name":"华为","statusName":"项目生产中","submitTime":1657014832000},{"companyName":"tyui-22","name":"tyui-22","statusName":"项目装配中","submitTime":1657365646000},{"companyName":"1234567","name":"1234567","statusName":"项目设计中","submitTime":1657463742000},{"companyName":"阿里巴巴","name":"车床","statusName":"项目设计中","submitTime":1663834869000}]
2022-10-24 11:03:22.301 [,] [http-nio-8081-exec-9] INFO  c.s.b.util.BaseUtil - [toIndex,94] - BaseController/pms, finished:[{"companyName":"MF123456","name":"MF123456","statusName":"项目已完成","submitTime":1657372287000},{"companyName":"机械制造","name":"机械制造","statusName":"项目审核不通过","submitTime":1663828080000}]
2022-10-24 11:03:24.051 [,] [http-nio-8081-exec-2] INFO  c.s.b.s.BackSysService - [getNewUser,126] - BackSysService/getNewUser, 获取新用户信息成功
2022-10-24 11:03:24.642 [,] [http-nio-8081-exec-6] INFO  c.s.b.BaseController - [pms,60] - 172.29.33.118
2022-10-24 11:03:24.642 [,] [http-nio-8081-exec-6] INFO  c.s.b.BaseController - [pms,71] - BaseController/pms, 本次登录用户:thg-admin1
2022-10-24 11:03:24.729 [,] [http-nio-8081-exec-6] INFO  c.s.b.util.BaseUtil - [toIndex,90] - BaseController/pms, pending:[]
2022-10-24 11:03:24.729 [,] [http-nio-8081-exec-6] INFO  c.s.b.util.BaseUtil - [toIndex,92] - BaseController/pms, processing:[{"companyName":"华为","name":"华为","statusName":"项目生产中","submitTime":1657014832000},{"companyName":"tyui-22","name":"tyui-22","statusName":"项目装配中","submitTime":1657365646000},{"companyName":"1234567","name":"1234567","statusName":"项目设计中","submitTime":1657463742000},{"companyName":"阿里巴巴","name":"车床","statusName":"项目设计中","submitTime":1663834869000}]
2022-10-24 11:03:24.729 [,] [http-nio-8081-exec-6] INFO  c.s.b.util.BaseUtil - [toIndex,94] - BaseController/pms, finished:[{"companyName":"MF123456","name":"MF123456","statusName":"项目已完成","submitTime":1657372287000},{"companyName":"机械制造","name":"机械制造","statusName":"项目审核不通过","submitTime":1663828080000}]
2022-10-24 11:03:25.344 [,] [http-nio-8081-exec-1] INFO  c.s.p.c.ProjectController - [productProjectWeb,1179] - ProjectController/productProjectWeb, product:[{"submitTime":1657014832000,"companyName":"华为","name":"华为","statusName":"项目生产中"}]
2022-10-24 11:03:25.928 [,] [http-nio-8081-exec-8] INFO  c.s.p.c.ProjectController - [designProjectWeb,508] - ProjectController/designProjectWeb, design:[{"submitTime":1657463742000,"companyName":"1234567","name":"1234567","statusName":"项目设计中"},{"submitTime":1663834869000,"companyName":"阿里巴巴","name":"车床","statusName":"项目设计中"}]
2022-10-24 11:03:26.638 [,] [http-nio-8081-exec-5] INFO  c.s.p.c.ProjectController - [signProjectWeb,410] - ProjectController/signProjectWeb, sign:[]
2022-10-24 11:03:27.185 [,] [http-nio-8081-exec-3] INFO  c.s.p.c.ProjectController - [reviewProjectWeb,282] - ProjectController/reviewProjectWeb, review:[]
2022-10-24 11:03:29.157 [,] [http-nio-8081-exec-10] INFO  c.s.p.c.ProjectController - [reviewProjectWeb,282] - ProjectController/reviewProjectWeb, review:[]
2022-10-24 11:03:29.702 [,] [http-nio-8081-exec-7] INFO  c.s.p.c.ProjectController - [signProjectWeb,410] - ProjectController/signProjectWeb, sign:[]
2022-10-24 11:03:30.245 [,] [http-nio-8081-exec-9] INFO  c.s.p.c.ProjectController - [designProjectWeb,508] - ProjectController/designProjectWeb, design:[{"submitTime":1657463742000,"companyName":"1234567","name":"1234567","statusName":"项目设计中"},{"submitTime":1663834869000,"companyName":"阿里巴巴","name":"车床","statusName":"项目设计中"}]
2022-10-24 11:03:30.750 [,] [http-nio-8081-exec-2] INFO  c.s.p.c.ProjectController - [productProjectWeb,1179] - ProjectController/productProjectWeb, product:[{"submitTime":1657014832000,"companyName":"华为","name":"华为","statusName":"项目生产中"}]
2022-10-24 11:03:31.254 [,] [http-nio-8081-exec-6] INFO  c.s.p.c.ProjectController - [assembleProjectWeb,1316] - ProjectController/assembleProjectWeb, assemble:[{"submitTime":1657365646000,"companyName":"tyui-22","name":"tyui-22","statusName":"项目装配中"}]
2022-10-24 11:03:32.256 [,] [http-nio-8081-exec-1] INFO  c.s.p.c.ProjectController - [productProjectWeb,1179] - ProjectController/productProjectWeb, product:[{"submitTime":1657014832000,"companyName":"华为","name":"华为","statusName":"项目生产中"}]
2022-10-24 11:03:32.732 [,] [http-nio-8081-exec-8] INFO  c.s.p.c.ProjectController - [designProjectWeb,508] - ProjectController/designProjectWeb, design:[{"submitTime":1657463742000,"companyName":"1234567","name":"1234567","statusName":"项目设计中"},{"submitTime":1663834869000,"companyName":"阿里巴巴","name":"车床","statusName":"项目设计中"}]
2022-10-24 11:03:33.190 [,] [http-nio-8081-exec-5] INFO  c.s.p.c.ProjectController - [signProjectWeb,410] - ProjectController/signProjectWeb, sign:[]
2022-10-24 11:03:33.607 [,] [http-nio-8081-exec-3] INFO  c.s.p.c.ProjectController - [reviewProjectWeb,282] - ProjectController/reviewProjectWeb, review:[]
2022-10-24 11:03:34.424 [,] [http-nio-8081-exec-10] INFO  c.s.b.BaseController - [pms,60] - 172.29.33.118
2022-10-24 11:03:34.424 [,] [http-nio-8081-exec-10] INFO  c.s.b.BaseController - [pms,71] - BaseController/pms, 本次登录用户:thg-admin1
2022-10-24 11:03:34.513 [,] [http-nio-8081-exec-10] INFO  c.s.b.util.BaseUtil - [toIndex,90] - BaseController/pms, pending:[]
2022-10-24 11:03:34.513 [,] [http-nio-8081-exec-10] INFO  c.s.b.util.BaseUtil - [toIndex,92] - BaseController/pms, processing:[{"companyName":"华为","name":"华为","statusName":"项目生产中","submitTime":1657014832000},{"companyName":"tyui-22","name":"tyui-22","statusName":"项目装配中","submitTime":1657365646000},{"companyName":"1234567","name":"1234567","statusName":"项目设计中","submitTime":1657463742000},{"companyName":"阿里巴巴","name":"车床","statusName":"项目设计中","submitTime":1663834869000}]
2022-10-24 11:03:34.513 [,] [http-nio-8081-exec-10] INFO  c.s.b.util.BaseUtil - [toIndex,94] - BaseController/pms, finished:[{"companyName":"MF123456","name":"MF123456","statusName":"项目已完成","submitTime":1657372287000},{"companyName":"机械制造","name":"机械制造","statusName":"项目审核不通过","submitTime":1663828080000}]
