2022-11-07 13:59:37.166 [,] [background-preinit] INFO  o.h.v.i.util.Version - [<clinit>,21] - HV000001: Hibernate Validator 6.0.20.Final
2022-11-07 13:59:47.430 [,] [main] INFO  com.shark.PMSapp - [logStarting,55] - Starting PMSapp on luanbaixiangdeMacBook-Air.local with PID 16268 (/Users/lb/Downloads/shark/PMS-final/PMS/target/classes started by lb in /Users/lb/Downloads/shark/PMS-final/PMS)
2022-11-07 13:59:47.434 [,] [main] INFO  com.shark.PMSapp - [logStartupProfileInfo,651] - No active profile set, falling back to default profiles: default
2022-11-07 13:59:51.332 [,] [main] INFO  o.a.c.h.Http11NioProtocol - [log,173] - Initializing ProtocolHandler ["http-nio-8081"]
2022-11-07 13:59:51.333 [,] [main] INFO  o.a.c.c.StandardService - [log,173] - Starting service [Tomcat]
2022-11-07 13:59:51.333 [,] [main] INFO  o.a.c.c.StandardEngine - [log,173] - Starting Servlet engine: [Apache Tomcat/9.0.38]
2022-11-07 13:59:51.789 [,] [main] INFO  o.a.c.c.C.[.[.[/] - [log,173] - Initializing Spring embedded WebApplicationContext
2022-11-07 13:59:55.302 [,] [main] INFO  o.a.c.h.Http11NioProtocol - [log,173] - Starting ProtocolHandler ["http-nio-8081"]
2022-11-07 13:59:55.380 [,] [main] INFO  com.shark.PMSapp - [logStarted,61] - Started PMSapp in 29.261 seconds (JVM running for 30.811)
2022-11-07 14:00:09.614 [,] [http-nio-8081-exec-1] INFO  o.a.c.c.C.[.[.[/] - [log,173] - Initializing Spring DispatcherServlet 'dispatcherServlet'
2022-11-07 14:08:36.901 [,] [background-preinit] INFO  o.h.v.i.util.Version - [<clinit>,21] - HV000001: Hibernate Validator 6.0.20.Final
2022-11-07 14:08:47.006 [,] [main] INFO  com.shark.PMSapp - [logStarting,55] - Starting PMSapp on luanbaixiangdeMacBook-Air.local with PID 16892 (/Users/lb/Downloads/shark/PMS-final/PMS/target/classes started by lb in /Users/lb/Downloads/shark/PMS-final/PMS)
2022-11-07 14:08:47.009 [,] [main] INFO  com.shark.PMSapp - [logStartupProfileInfo,651] - No active profile set, falling back to default profiles: default
2022-11-07 14:08:50.114 [,] [main] INFO  o.a.c.h.Http11NioProtocol - [log,173] - Initializing ProtocolHandler ["http-nio-8081"]
2022-11-07 14:08:50.116 [,] [main] INFO  o.a.c.c.StandardService - [log,173] - Starting service [Tomcat]
2022-11-07 14:08:50.117 [,] [main] INFO  o.a.c.c.StandardEngine - [log,173] - Starting Servlet engine: [Apache Tomcat/9.0.38]
2022-11-07 14:08:50.391 [,] [main] INFO  o.a.c.c.C.[.[.[/] - [log,173] - Initializing Spring embedded WebApplicationContext
2022-11-07 14:08:53.284 [,] [main] INFO  o.a.c.h.Http11NioProtocol - [log,173] - Starting ProtocolHandler ["http-nio-8081"]
2022-11-07 14:08:53.355 [,] [main] INFO  com.shark.PMSapp - [logStarted,61] - Started PMSapp in 26.993 seconds (JVM running for 27.932)
2022-11-07 14:09:03.480 [,] [http-nio-8081-exec-1] INFO  o.a.c.c.C.[.[.[/] - [log,173] - Initializing Spring DispatcherServlet 'dispatcherServlet'
2022-11-07 14:10:16.900 [,] [background-preinit] INFO  o.h.v.i.util.Version - [<clinit>,21] - HV000001: Hibernate Validator 6.0.20.Final
2022-11-07 14:10:27.059 [,] [main] INFO  com.shark.PMSapp - [logStarting,55] - Starting PMSapp on luanbaixiangdeMacBook-Air.local with PID 16966 (/Users/lb/Downloads/shark/PMS-final/PMS/target/classes started by lb in /Users/lb/Downloads/shark/PMS-final/PMS)
2022-11-07 14:10:27.062 [,] [main] INFO  com.shark.PMSapp - [logStartupProfileInfo,651] - No active profile set, falling back to default profiles: default
2022-11-07 14:10:29.937 [,] [main] INFO  o.a.c.h.Http11NioProtocol - [log,173] - Initializing ProtocolHandler ["http-nio-8081"]
2022-11-07 14:10:29.938 [,] [main] INFO  o.a.c.c.StandardService - [log,173] - Starting service [Tomcat]
2022-11-07 14:10:29.938 [,] [main] INFO  o.a.c.c.StandardEngine - [log,173] - Starting Servlet engine: [Apache Tomcat/9.0.38]
2022-11-07 14:10:30.210 [,] [main] INFO  o.a.c.c.C.[.[.[/] - [log,173] - Initializing Spring embedded WebApplicationContext
2022-11-07 14:10:32.761 [,] [main] INFO  o.a.c.h.Http11NioProtocol - [log,173] - Starting ProtocolHandler ["http-nio-8081"]
2022-11-07 14:10:32.862 [,] [main] INFO  com.shark.PMSapp - [logStarted,61] - Started PMSapp in 26.559 seconds (JVM running for 27.449)
2022-11-07 14:10:36.184 [,] [http-nio-8081-exec-1] INFO  o.a.c.c.C.[.[.[/] - [log,173] - Initializing Spring DispatcherServlet 'dispatcherServlet'
2022-11-07 14:12:19.776 [,] [http-nio-8081-exec-10] INFO  c.s.u.c.UserController - [getPhoneCode,74] - 已向手机号：13951974134发送短信
2022-11-07 14:23:43.927 [,] [background-preinit] INFO  o.h.v.i.util.Version - [<clinit>,21] - HV000001: Hibernate Validator 6.0.20.Final
2022-11-07 14:23:54.023 [,] [main] INFO  com.shark.PMSapp - [logStarting,55] - Starting PMSapp on luanbaixiangdeMacBook-Air.local with PID 17529 (/Users/lb/Downloads/shark/PMS-final/PMS/target/classes started by lb in /Users/lb/Downloads/shark/PMS-final/PMS)
2022-11-07 14:23:54.026 [,] [main] INFO  com.shark.PMSapp - [logStartupProfileInfo,651] - No active profile set, falling back to default profiles: default
2022-11-07 14:23:56.747 [,] [main] INFO  o.a.c.h.Http11NioProtocol - [log,173] - Initializing ProtocolHandler ["http-nio-8081"]
2022-11-07 14:23:56.748 [,] [main] INFO  o.a.c.c.StandardService - [log,173] - Starting service [Tomcat]
2022-11-07 14:23:56.749 [,] [main] INFO  o.a.c.c.StandardEngine - [log,173] - Starting Servlet engine: [Apache Tomcat/9.0.38]
2022-11-07 14:23:57.029 [,] [main] INFO  o.a.c.c.C.[.[.[/] - [log,173] - Initializing Spring embedded WebApplicationContext
2022-11-07 14:23:59.379 [,] [main] INFO  o.a.c.h.Http11NioProtocol - [log,173] - Starting ProtocolHandler ["http-nio-8081"]
2022-11-07 14:23:59.452 [,] [main] INFO  com.shark.PMSapp - [logStarted,61] - Started PMSapp in 26.018 seconds (JVM running for 26.835)
2022-11-07 14:35:11.502 [,] [http-nio-8081-exec-1] INFO  o.a.c.c.C.[.[.[/] - [log,173] - Initializing Spring DispatcherServlet 'dispatcherServlet'
2022-11-07 14:41:00.961 [,] [background-preinit] INFO  o.h.v.i.util.Version - [<clinit>,21] - HV000001: Hibernate Validator 6.0.20.Final
2022-11-07 14:41:11.119 [,] [main] INFO  com.shark.PMSapp - [logStarting,55] - Starting PMSapp on luanbaixiangdeMacBook-Air.local with PID 18195 (/Users/lb/Downloads/shark/PMS-final/PMS/target/classes started by lb in /Users/lb/Downloads/shark/PMS-final/PMS)
2022-11-07 14:41:11.122 [,] [main] INFO  com.shark.PMSapp - [logStartupProfileInfo,651] - No active profile set, falling back to default profiles: default
2022-11-07 14:41:13.703 [,] [main] INFO  o.a.c.h.Http11NioProtocol - [log,173] - Initializing ProtocolHandler ["http-nio-8081"]
2022-11-07 14:41:13.704 [,] [main] INFO  o.a.c.c.StandardService - [log,173] - Starting service [Tomcat]
2022-11-07 14:41:13.704 [,] [main] INFO  o.a.c.c.StandardEngine - [log,173] - Starting Servlet engine: [Apache Tomcat/9.0.38]
2022-11-07 14:41:13.968 [,] [main] INFO  o.a.c.c.C.[.[.[/] - [log,173] - Initializing Spring embedded WebApplicationContext
2022-11-07 14:41:16.473 [,] [main] INFO  o.a.c.h.Http11NioProtocol - [log,173] - Starting ProtocolHandler ["http-nio-8081"]
2022-11-07 14:41:16.549 [,] [main] INFO  com.shark.PMSapp - [logStarted,61] - Started PMSapp in 26.114 seconds (JVM running for 27.094)
2022-11-07 14:41:32.607 [,] [http-nio-8081-exec-1] INFO  o.a.c.c.C.[.[.[/] - [log,173] - Initializing Spring DispatcherServlet 'dispatcherServlet'
2022-11-07 14:42:21.947 [,] [background-preinit] INFO  o.h.v.i.util.Version - [<clinit>,21] - HV000001: Hibernate Validator 6.0.20.Final
2022-11-07 14:42:32.036 [,] [main] INFO  com.shark.PMSapp - [logStarting,55] - Starting PMSapp on luanbaixiangdeMacBook-Air.local with PID 18246 (/Users/lb/Downloads/shark/PMS-final/PMS/target/classes started by lb in /Users/lb/Downloads/shark/PMS-final/PMS)
2022-11-07 14:42:32.039 [,] [main] INFO  com.shark.PMSapp - [logStartupProfileInfo,651] - No active profile set, falling back to default profiles: default
2022-11-07 14:42:34.867 [,] [main] INFO  o.a.c.h.Http11NioProtocol - [log,173] - Initializing ProtocolHandler ["http-nio-8081"]
2022-11-07 14:42:34.868 [,] [main] INFO  o.a.c.c.StandardService - [log,173] - Starting service [Tomcat]
2022-11-07 14:42:34.868 [,] [main] INFO  o.a.c.c.StandardEngine - [log,173] - Starting Servlet engine: [Apache Tomcat/9.0.38]
2022-11-07 14:42:35.118 [,] [main] INFO  o.a.c.c.C.[.[.[/] - [log,173] - Initializing Spring embedded WebApplicationContext
2022-11-07 14:42:37.402 [,] [main] INFO  o.a.c.h.Http11NioProtocol - [log,173] - Starting ProtocolHandler ["http-nio-8081"]
2022-11-07 14:42:37.468 [,] [main] INFO  com.shark.PMSapp - [logStarted,61] - Started PMSapp in 26.01 seconds (JVM running for 26.889)
2022-11-07 14:42:41.182 [,] [http-nio-8081-exec-1] INFO  o.a.c.c.C.[.[.[/] - [log,173] - Initializing Spring DispatcherServlet 'dispatcherServlet'
2022-11-07 14:43:32.596 [,] [background-preinit] INFO  o.h.v.i.util.Version - [<clinit>,21] - HV000001: Hibernate Validator 6.0.20.Final
2022-11-07 14:43:42.701 [,] [main] INFO  com.shark.PMSapp - [logStarting,55] - Starting PMSapp on luanbaixiangdeMacBook-Air.local with PID 18294 (/Users/lb/Downloads/shark/PMS-final/PMS/target/classes started by lb in /Users/lb/Downloads/shark/PMS-final/PMS)
2022-11-07 14:43:42.705 [,] [main] INFO  com.shark.PMSapp - [logStartupProfileInfo,651] - No active profile set, falling back to default profiles: default
2022-11-07 14:43:46.106 [,] [main] INFO  o.a.c.h.Http11NioProtocol - [log,173] - Initializing ProtocolHandler ["http-nio-8081"]
2022-11-07 14:43:46.108 [,] [main] INFO  o.a.c.c.StandardService - [log,173] - Starting service [Tomcat]
2022-11-07 14:43:46.108 [,] [main] INFO  o.a.c.c.StandardEngine - [log,173] - Starting Servlet engine: [Apache Tomcat/9.0.38]
2022-11-07 14:43:46.446 [,] [main] INFO  o.a.c.c.C.[.[.[/] - [log,173] - Initializing Spring embedded WebApplicationContext
2022-11-07 14:43:49.122 [,] [main] INFO  o.a.c.h.Http11NioProtocol - [log,173] - Starting ProtocolHandler ["http-nio-8081"]
2022-11-07 14:43:49.191 [,] [main] INFO  com.shark.PMSapp - [logStarted,61] - Started PMSapp in 27.18 seconds (JVM running for 28.399)
2022-11-07 14:43:49.600 [,] [http-nio-8081-exec-1] INFO  o.a.c.c.C.[.[.[/] - [log,173] - Initializing Spring DispatcherServlet 'dispatcherServlet'
2022-11-07 14:43:57.665 [,] [http-nio-8081-exec-2] INFO  c.z.h.HikariDataSource - [getConnection,110] - HikariPool-1 - Starting...
2022-11-07 14:43:59.079 [,] [http-nio-8081-exec-2] INFO  c.s.u.c.UserController - [updatePwdWeb2,411] - UserController.updatePwdWeb2:查询手机和邮箱失败
org.mybatis.spring.MyBatisSystemException: nested exception is org.apache.ibatis.exceptions.PersistenceException: 
### Error querying database.  Cause: org.springframework.jdbc.CannotGetJdbcConnectionException: Failed to obtain JDBC Connection; nested exception is com.mysql.jdbc.exceptions.jdbc4.CommunicationsException: Communications link failure

The last packet sent successfully to the server was 0 milliseconds ago. The driver has not received any packets from the server.
### The error may exist in com/shark/users/mapper/UserMapping.java (best guess)
### The error may involve com.shark.users.mapper.UserMapping.queryUserByUserName
### The error occurred while executing a query
### Cause: org.springframework.jdbc.CannotGetJdbcConnectionException: Failed to obtain JDBC Connection; nested exception is com.mysql.jdbc.exceptions.jdbc4.CommunicationsException: Communications link failure

The last packet sent successfully to the server was 0 milliseconds ago. The driver has not received any packets from the server.
	at org.mybatis.spring.MyBatisExceptionTranslator.translateExceptionIfPossible(MyBatisExceptionTranslator.java:79)
	at org.mybatis.spring.SqlSessionTemplate$SqlSessionInterceptor.invoke(SqlSessionTemplate.java:447)
	at com.sun.proxy.$Proxy53.selectOne(Unknown Source)
	at org.mybatis.spring.SqlSessionTemplate.selectOne(SqlSessionTemplate.java:167)
	at org.apache.ibatis.binding.MapperMethod.execute(MapperMethod.java:75)
	at org.apache.ibatis.binding.MapperProxy.invoke(MapperProxy.java:53)
	at com.sun.proxy.$Proxy59.queryUserByUserName(Unknown Source)
	at com.shark.users.controller.UserController.updatePwdWeb2(UserController.java:398)
	at sun.reflect.NativeMethodAccessorImpl.invoke0(Native Method)
	at sun.reflect.NativeMethodAccessorImpl.invoke(NativeMethodAccessorImpl.java:62)
	at sun.reflect.DelegatingMethodAccessorImpl.invoke(DelegatingMethodAccessorImpl.java:43)
	at java.lang.reflect.Method.invoke(Method.java:498)
	at org.springframework.web.method.support.InvocableHandlerMethod.doInvoke(InvocableHandlerMethod.java:190)
	at org.springframework.web.method.support.InvocableHandlerMethod.invokeForRequest(InvocableHandlerMethod.java:138)
	at org.springframework.web.servlet.mvc.method.annotation.ServletInvocableHandlerMethod.invokeAndHandle(ServletInvocableHandlerMethod.java:105)
	at org.springframework.web.servlet.mvc.method.annotation.RequestMappingHandlerAdapter.invokeHandlerMethod(RequestMappingHandlerAdapter.java:878)
	at org.springframework.web.servlet.mvc.method.annotation.RequestMappingHandlerAdapter.handleInternal(RequestMappingHandlerAdapter.java:792)
	at org.springframework.web.servlet.mvc.method.AbstractHandlerMethodAdapter.handle(AbstractHandlerMethodAdapter.java:87)
	at org.springframework.web.servlet.DispatcherServlet.doDispatch(DispatcherServlet.java:1040)
	at org.springframework.web.servlet.DispatcherServlet.doService(DispatcherServlet.java:943)
	at org.springframework.web.servlet.FrameworkServlet.processRequest(FrameworkServlet.java:1006)
	at org.springframework.web.servlet.FrameworkServlet.doPost(FrameworkServlet.java:909)
	at javax.servlet.http.HttpServlet.service(HttpServlet.java:652)
	at org.springframework.web.servlet.FrameworkServlet.service(FrameworkServlet.java:883)
	at javax.servlet.http.HttpServlet.service(HttpServlet.java:733)
	at org.apache.catalina.core.ApplicationFilterChain.internalDoFilter(ApplicationFilterChain.java:231)
	at org.apache.catalina.core.ApplicationFilterChain.doFilter(ApplicationFilterChain.java:166)
	at org.apache.tomcat.websocket.server.WsFilter.doFilter(WsFilter.java:53)
	at org.apache.catalina.core.ApplicationFilterChain.internalDoFilter(ApplicationFilterChain.java:193)
	at org.apache.catalina.core.ApplicationFilterChain.doFilter(ApplicationFilterChain.java:166)
	at org.springframework.web.filter.CharacterEncodingFilter.doFilterInternal(CharacterEncodingFilter.java:201)
	at org.springframework.web.filter.OncePerRequestFilter.doFilter(OncePerRequestFilter.java:119)
	at org.apache.catalina.core.ApplicationFilterChain.internalDoFilter(ApplicationFilterChain.java:193)
	at org.apache.catalina.core.ApplicationFilterChain.doFilter(ApplicationFilterChain.java:166)
	at org.apache.catalina.core.StandardWrapperValve.invoke(StandardWrapperValve.java:202)
	at org.apache.catalina.core.StandardContextValve.invoke(StandardContextValve.java:97)
	at org.apache.catalina.authenticator.AuthenticatorBase.invoke(AuthenticatorBase.java:541)
	at org.apache.catalina.core.StandardHostValve.invoke(StandardHostValve.java:143)
	at org.apache.catalina.valves.ErrorReportValve.invoke(ErrorReportValve.java:92)
	at org.apache.catalina.core.StandardEngineValve.invoke(StandardEngineValve.java:78)
	at org.apache.catalina.connector.CoyoteAdapter.service(CoyoteAdapter.java:343)
	at org.apache.coyote.http11.Http11Processor.service(Http11Processor.java:374)
	at org.apache.coyote.AbstractProcessorLight.process(AbstractProcessorLight.java:65)
	at org.apache.coyote.AbstractProtocol$ConnectionHandler.process(AbstractProtocol.java:868)
	at org.apache.tomcat.util.net.NioEndpoint$SocketProcessor.doRun(NioEndpoint.java:1590)
	at org.apache.tomcat.util.net.SocketProcessorBase.run(SocketProcessorBase.java:49)
	at java.util.concurrent.ThreadPoolExecutor.runWorker(ThreadPoolExecutor.java:1149)
	at java.util.concurrent.ThreadPoolExecutor$Worker.run(ThreadPoolExecutor.java:624)
	at org.apache.tomcat.util.threads.TaskThread$WrappingRunnable.run(TaskThread.java:61)
	at java.lang.Thread.run(Thread.java:748)
Caused by: org.apache.ibatis.exceptions.PersistenceException: 
### Error querying database.  Cause: org.springframework.jdbc.CannotGetJdbcConnectionException: Failed to obtain JDBC Connection; nested exception is com.mysql.jdbc.exceptions.jdbc4.CommunicationsException: Communications link failure

The last packet sent successfully to the server was 0 milliseconds ago. The driver has not received any packets from the server.
### The error may exist in com/shark/users/mapper/UserMapping.java (best guess)
### The error may involve com.shark.users.mapper.UserMapping.queryUserByUserName
### The error occurred while executing a query
### Cause: org.springframework.jdbc.CannotGetJdbcConnectionException: Failed to obtain JDBC Connection; nested exception is com.mysql.jdbc.exceptions.jdbc4.CommunicationsException: Communications link failure

The last packet sent successfully to the server was 0 milliseconds ago. The driver has not received any packets from the server.
	at org.apache.ibatis.exceptions.ExceptionFactory.wrapException(ExceptionFactory.java:30)
	at org.apache.ibatis.session.defaults.DefaultSqlSession.selectList(DefaultSqlSession.java:150)
	at org.apache.ibatis.session.defaults.DefaultSqlSession.selectList(DefaultSqlSession.java:141)
	at org.apache.ibatis.session.defaults.DefaultSqlSession.selectOne(DefaultSqlSession.java:77)
	at sun.reflect.NativeMethodAccessorImpl.invoke0(Native Method)
	at sun.reflect.NativeMethodAccessorImpl.invoke(NativeMethodAccessorImpl.java:62)
	at sun.reflect.DelegatingMethodAccessorImpl.invoke(DelegatingMethodAccessorImpl.java:43)
	at java.lang.reflect.Method.invoke(Method.java:498)
	at org.mybatis.spring.SqlSessionTemplate$SqlSessionInterceptor.invoke(SqlSessionTemplate.java:434)
	... 48 common frames omitted
Caused by: org.springframework.jdbc.CannotGetJdbcConnectionException: Failed to obtain JDBC Connection; nested exception is com.mysql.jdbc.exceptions.jdbc4.CommunicationsException: Communications link failure

The last packet sent successfully to the server was 0 milliseconds ago. The driver has not received any packets from the server.
	at org.springframework.jdbc.datasource.DataSourceUtils.getConnection(DataSourceUtils.java:82)
	at org.mybatis.spring.transaction.SpringManagedTransaction.openConnection(SpringManagedTransaction.java:84)
	at org.mybatis.spring.transaction.SpringManagedTransaction.getConnection(SpringManagedTransaction.java:70)
	at org.apache.ibatis.executor.BaseExecutor.getConnection(BaseExecutor.java:337)
	at org.apache.ibatis.executor.SimpleExecutor.prepareStatement(SimpleExecutor.java:84)
	at org.apache.ibatis.executor.SimpleExecutor.doQuery(SimpleExecutor.java:62)
	at org.apache.ibatis.executor.BaseExecutor.queryFromDatabase(BaseExecutor.java:325)
	at org.apache.ibatis.executor.BaseExecutor.query(BaseExecutor.java:156)
	at org.apache.ibatis.executor.CachingExecutor.query(CachingExecutor.java:109)
	at org.apache.ibatis.executor.CachingExecutor.query(CachingExecutor.java:83)
	at org.apache.ibatis.session.defaults.DefaultSqlSession.selectList(DefaultSqlSession.java:148)
	... 55 common frames omitted
Caused by: com.mysql.jdbc.exceptions.jdbc4.CommunicationsException: Communications link failure

The last packet sent successfully to the server was 0 milliseconds ago. The driver has not received any packets from the server.
	at sun.reflect.NativeConstructorAccessorImpl.newInstance0(Native Method)
	at sun.reflect.NativeConstructorAccessorImpl.newInstance(NativeConstructorAccessorImpl.java:62)
	at sun.reflect.DelegatingConstructorAccessorImpl.newInstance(DelegatingConstructorAccessorImpl.java:45)
	at java.lang.reflect.Constructor.newInstance(Constructor.java:423)
	at com.mysql.jdbc.Util.handleNewInstance(Util.java:425)
	at com.mysql.jdbc.SQLError.createCommunicationsException(SQLError.java:990)
	at com.mysql.jdbc.MysqlIO.<init>(MysqlIO.java:342)
	at com.mysql.jdbc.ConnectionImpl.coreConnect(ConnectionImpl.java:2188)
	at com.mysql.jdbc.ConnectionImpl.connectOneTryOnly(ConnectionImpl.java:2221)
	at com.mysql.jdbc.ConnectionImpl.createNewIO(ConnectionImpl.java:2016)
	at com.mysql.jdbc.ConnectionImpl.<init>(ConnectionImpl.java:776)
	at com.mysql.jdbc.JDBC4Connection.<init>(JDBC4Connection.java:47)
	at sun.reflect.NativeConstructorAccessorImpl.newInstance0(Native Method)
	at sun.reflect.NativeConstructorAccessorImpl.newInstance(NativeConstructorAccessorImpl.java:62)
	at sun.reflect.DelegatingConstructorAccessorImpl.newInstance(DelegatingConstructorAccessorImpl.java:45)
	at java.lang.reflect.Constructor.newInstance(Constructor.java:423)
	at com.mysql.jdbc.Util.handleNewInstance(Util.java:425)
	at com.mysql.jdbc.ConnectionImpl.getInstance(ConnectionImpl.java:386)
	at com.mysql.jdbc.NonRegisteringDriver.connect(NonRegisteringDriver.java:330)
	at com.zaxxer.hikari.util.DriverDataSource.getConnection(DriverDataSource.java:138)
	at com.zaxxer.hikari.pool.PoolBase.newConnection(PoolBase.java:358)
	at com.zaxxer.hikari.pool.PoolBase.newPoolEntry(PoolBase.java:206)
	at com.zaxxer.hikari.pool.HikariPool.createPoolEntry(HikariPool.java:477)
	at com.zaxxer.hikari.pool.HikariPool.checkFailFast(HikariPool.java:560)
	at com.zaxxer.hikari.pool.HikariPool.<init>(HikariPool.java:115)
	at com.zaxxer.hikari.HikariDataSource.getConnection(HikariDataSource.java:112)
	at org.springframework.jdbc.datasource.DataSourceUtils.fetchConnection(DataSourceUtils.java:158)
	at org.springframework.jdbc.datasource.DataSourceUtils.doGetConnection(DataSourceUtils.java:116)
	at org.springframework.jdbc.datasource.DataSourceUtils.getConnection(DataSourceUtils.java:79)
	... 65 common frames omitted
Caused by: java.net.ConnectException: Connection refused (Connection refused)
	at java.net.PlainSocketImpl.socketConnect(Native Method)
	at java.net.AbstractPlainSocketImpl.doConnect(AbstractPlainSocketImpl.java:476)
	at java.net.AbstractPlainSocketImpl.connectToAddress(AbstractPlainSocketImpl.java:218)
	at java.net.AbstractPlainSocketImpl.connect(AbstractPlainSocketImpl.java:200)
	at java.net.SocksSocketImpl.connect(SocksSocketImpl.java:394)
	at java.net.Socket.connect(Socket.java:606)
	at com.mysql.jdbc.StandardSocketFactory.connect(StandardSocketFactory.java:211)
	at com.mysql.jdbc.MysqlIO.<init>(MysqlIO.java:301)
	... 87 common frames omitted
2022-11-07 14:44:21.843 [,] [http-nio-8081-exec-3] INFO  c.z.h.HikariDataSource - [getConnection,110] - HikariPool-1 - Starting...
2022-11-07 14:44:22.855 [,] [http-nio-8081-exec-3] INFO  c.s.u.c.UserController - [updatePwdWeb2,411] - UserController.updatePwdWeb2:查询手机和邮箱失败
org.mybatis.spring.MyBatisSystemException: nested exception is org.apache.ibatis.exceptions.PersistenceException: 
### Error querying database.  Cause: org.springframework.jdbc.CannotGetJdbcConnectionException: Failed to obtain JDBC Connection; nested exception is com.mysql.jdbc.exceptions.jdbc4.CommunicationsException: Communications link failure

The last packet sent successfully to the server was 0 milliseconds ago. The driver has not received any packets from the server.
### The error may exist in com/shark/users/mapper/UserMapping.java (best guess)
### The error may involve com.shark.users.mapper.UserMapping.queryUserByUserName
### The error occurred while executing a query
### Cause: org.springframework.jdbc.CannotGetJdbcConnectionException: Failed to obtain JDBC Connection; nested exception is com.mysql.jdbc.exceptions.jdbc4.CommunicationsException: Communications link failure

The last packet sent successfully to the server was 0 milliseconds ago. The driver has not received any packets from the server.
	at org.mybatis.spring.MyBatisExceptionTranslator.translateExceptionIfPossible(MyBatisExceptionTranslator.java:79)
	at org.mybatis.spring.SqlSessionTemplate$SqlSessionInterceptor.invoke(SqlSessionTemplate.java:447)
	at com.sun.proxy.$Proxy53.selectOne(Unknown Source)
	at org.mybatis.spring.SqlSessionTemplate.selectOne(SqlSessionTemplate.java:167)
	at org.apache.ibatis.binding.MapperMethod.execute(MapperMethod.java:75)
	at org.apache.ibatis.binding.MapperProxy.invoke(MapperProxy.java:53)
	at com.sun.proxy.$Proxy59.queryUserByUserName(Unknown Source)
	at com.shark.users.controller.UserController.updatePwdWeb2(UserController.java:398)
	at sun.reflect.NativeMethodAccessorImpl.invoke0(Native Method)
	at sun.reflect.NativeMethodAccessorImpl.invoke(NativeMethodAccessorImpl.java:62)
	at sun.reflect.DelegatingMethodAccessorImpl.invoke(DelegatingMethodAccessorImpl.java:43)
	at java.lang.reflect.Method.invoke(Method.java:498)
	at org.springframework.web.method.support.InvocableHandlerMethod.doInvoke(InvocableHandlerMethod.java:190)
	at org.springframework.web.method.support.InvocableHandlerMethod.invokeForRequest(InvocableHandlerMethod.java:138)
	at org.springframework.web.servlet.mvc.method.annotation.ServletInvocableHandlerMethod.invokeAndHandle(ServletInvocableHandlerMethod.java:105)
	at org.springframework.web.servlet.mvc.method.annotation.RequestMappingHandlerAdapter.invokeHandlerMethod(RequestMappingHandlerAdapter.java:878)
	at org.springframework.web.servlet.mvc.method.annotation.RequestMappingHandlerAdapter.handleInternal(RequestMappingHandlerAdapter.java:792)
	at org.springframework.web.servlet.mvc.method.AbstractHandlerMethodAdapter.handle(AbstractHandlerMethodAdapter.java:87)
	at org.springframework.web.servlet.DispatcherServlet.doDispatch(DispatcherServlet.java:1040)
	at org.springframework.web.servlet.DispatcherServlet.doService(DispatcherServlet.java:943)
	at org.springframework.web.servlet.FrameworkServlet.processRequest(FrameworkServlet.java:1006)
	at org.springframework.web.servlet.FrameworkServlet.doPost(FrameworkServlet.java:909)
	at javax.servlet.http.HttpServlet.service(HttpServlet.java:652)
	at org.springframework.web.servlet.FrameworkServlet.service(FrameworkServlet.java:883)
	at javax.servlet.http.HttpServlet.service(HttpServlet.java:733)
	at org.apache.catalina.core.ApplicationFilterChain.internalDoFilter(ApplicationFilterChain.java:231)
	at org.apache.catalina.core.ApplicationFilterChain.doFilter(ApplicationFilterChain.java:166)
	at org.apache.tomcat.websocket.server.WsFilter.doFilter(WsFilter.java:53)
	at org.apache.catalina.core.ApplicationFilterChain.internalDoFilter(ApplicationFilterChain.java:193)
	at org.apache.catalina.core.ApplicationFilterChain.doFilter(ApplicationFilterChain.java:166)
	at org.springframework.web.filter.CharacterEncodingFilter.doFilterInternal(CharacterEncodingFilter.java:201)
	at org.springframework.web.filter.OncePerRequestFilter.doFilter(OncePerRequestFilter.java:119)
	at org.apache.catalina.core.ApplicationFilterChain.internalDoFilter(ApplicationFilterChain.java:193)
	at org.apache.catalina.core.ApplicationFilterChain.doFilter(ApplicationFilterChain.java:166)
	at org.apache.catalina.core.StandardWrapperValve.invoke(StandardWrapperValve.java:202)
	at org.apache.catalina.core.StandardContextValve.invoke(StandardContextValve.java:97)
	at org.apache.catalina.authenticator.AuthenticatorBase.invoke(AuthenticatorBase.java:541)
	at org.apache.catalina.core.StandardHostValve.invoke(StandardHostValve.java:143)
	at org.apache.catalina.valves.ErrorReportValve.invoke(ErrorReportValve.java:92)
	at org.apache.catalina.core.StandardEngineValve.invoke(StandardEngineValve.java:78)
	at org.apache.catalina.connector.CoyoteAdapter.service(CoyoteAdapter.java:343)
	at org.apache.coyote.http11.Http11Processor.service(Http11Processor.java:374)
	at org.apache.coyote.AbstractProcessorLight.process(AbstractProcessorLight.java:65)
	at org.apache.coyote.AbstractProtocol$ConnectionHandler.process(AbstractProtocol.java:868)
	at org.apache.tomcat.util.net.NioEndpoint$SocketProcessor.doRun(NioEndpoint.java:1590)
	at org.apache.tomcat.util.net.SocketProcessorBase.run(SocketProcessorBase.java:49)
	at java.util.concurrent.ThreadPoolExecutor.runWorker(ThreadPoolExecutor.java:1149)
	at java.util.concurrent.ThreadPoolExecutor$Worker.run(ThreadPoolExecutor.java:624)
	at org.apache.tomcat.util.threads.TaskThread$WrappingRunnable.run(TaskThread.java:61)
	at java.lang.Thread.run(Thread.java:748)
Caused by: org.apache.ibatis.exceptions.PersistenceException: 
### Error querying database.  Cause: org.springframework.jdbc.CannotGetJdbcConnectionException: Failed to obtain JDBC Connection; nested exception is com.mysql.jdbc.exceptions.jdbc4.CommunicationsException: Communications link failure

The last packet sent successfully to the server was 0 milliseconds ago. The driver has not received any packets from the server.
### The error may exist in com/shark/users/mapper/UserMapping.java (best guess)
### The error may involve com.shark.users.mapper.UserMapping.queryUserByUserName
### The error occurred while executing a query
### Cause: org.springframework.jdbc.CannotGetJdbcConnectionException: Failed to obtain JDBC Connection; nested exception is com.mysql.jdbc.exceptions.jdbc4.CommunicationsException: Communications link failure

The last packet sent successfully to the server was 0 milliseconds ago. The driver has not received any packets from the server.
	at org.apache.ibatis.exceptions.ExceptionFactory.wrapException(ExceptionFactory.java:30)
	at org.apache.ibatis.session.defaults.DefaultSqlSession.selectList(DefaultSqlSession.java:150)
	at org.apache.ibatis.session.defaults.DefaultSqlSession.selectList(DefaultSqlSession.java:141)
	at org.apache.ibatis.session.defaults.DefaultSqlSession.selectOne(DefaultSqlSession.java:77)
	at sun.reflect.NativeMethodAccessorImpl.invoke0(Native Method)
	at sun.reflect.NativeMethodAccessorImpl.invoke(NativeMethodAccessorImpl.java:62)
	at sun.reflect.DelegatingMethodAccessorImpl.invoke(DelegatingMethodAccessorImpl.java:43)
	at java.lang.reflect.Method.invoke(Method.java:498)
	at org.mybatis.spring.SqlSessionTemplate$SqlSessionInterceptor.invoke(SqlSessionTemplate.java:434)
	... 48 common frames omitted
Caused by: org.springframework.jdbc.CannotGetJdbcConnectionException: Failed to obtain JDBC Connection; nested exception is com.mysql.jdbc.exceptions.jdbc4.CommunicationsException: Communications link failure

The last packet sent successfully to the server was 0 milliseconds ago. The driver has not received any packets from the server.
	at org.springframework.jdbc.datasource.DataSourceUtils.getConnection(DataSourceUtils.java:82)
	at org.mybatis.spring.transaction.SpringManagedTransaction.openConnection(SpringManagedTransaction.java:84)
	at org.mybatis.spring.transaction.SpringManagedTransaction.getConnection(SpringManagedTransaction.java:70)
	at org.apache.ibatis.executor.BaseExecutor.getConnection(BaseExecutor.java:337)
	at org.apache.ibatis.executor.SimpleExecutor.prepareStatement(SimpleExecutor.java:84)
	at org.apache.ibatis.executor.SimpleExecutor.doQuery(SimpleExecutor.java:62)
	at org.apache.ibatis.executor.BaseExecutor.queryFromDatabase(BaseExecutor.java:325)
	at org.apache.ibatis.executor.BaseExecutor.query(BaseExecutor.java:156)
	at org.apache.ibatis.executor.CachingExecutor.query(CachingExecutor.java:109)
	at org.apache.ibatis.executor.CachingExecutor.query(CachingExecutor.java:83)
	at org.apache.ibatis.session.defaults.DefaultSqlSession.selectList(DefaultSqlSession.java:148)
	... 55 common frames omitted
Caused by: com.mysql.jdbc.exceptions.jdbc4.CommunicationsException: Communications link failure

The last packet sent successfully to the server was 0 milliseconds ago. The driver has not received any packets from the server.
	at sun.reflect.NativeConstructorAccessorImpl.newInstance0(Native Method)
	at sun.reflect.NativeConstructorAccessorImpl.newInstance(NativeConstructorAccessorImpl.java:62)
	at sun.reflect.DelegatingConstructorAccessorImpl.newInstance(DelegatingConstructorAccessorImpl.java:45)
	at java.lang.reflect.Constructor.newInstance(Constructor.java:423)
	at com.mysql.jdbc.Util.handleNewInstance(Util.java:425)
	at com.mysql.jdbc.SQLError.createCommunicationsException(SQLError.java:990)
	at com.mysql.jdbc.MysqlIO.<init>(MysqlIO.java:342)
	at com.mysql.jdbc.ConnectionImpl.coreConnect(ConnectionImpl.java:2188)
	at com.mysql.jdbc.ConnectionImpl.connectOneTryOnly(ConnectionImpl.java:2221)
	at com.mysql.jdbc.ConnectionImpl.createNewIO(ConnectionImpl.java:2016)
	at com.mysql.jdbc.ConnectionImpl.<init>(ConnectionImpl.java:776)
	at com.mysql.jdbc.JDBC4Connection.<init>(JDBC4Connection.java:47)
	at sun.reflect.NativeConstructorAccessorImpl.newInstance0(Native Method)
	at sun.reflect.NativeConstructorAccessorImpl.newInstance(NativeConstructorAccessorImpl.java:62)
	at sun.reflect.DelegatingConstructorAccessorImpl.newInstance(DelegatingConstructorAccessorImpl.java:45)
	at java.lang.reflect.Constructor.newInstance(Constructor.java:423)
	at com.mysql.jdbc.Util.handleNewInstance(Util.java:425)
	at com.mysql.jdbc.ConnectionImpl.getInstance(ConnectionImpl.java:386)
	at com.mysql.jdbc.NonRegisteringDriver.connect(NonRegisteringDriver.java:330)
	at com.zaxxer.hikari.util.DriverDataSource.getConnection(DriverDataSource.java:138)
	at com.zaxxer.hikari.pool.PoolBase.newConnection(PoolBase.java:358)
	at com.zaxxer.hikari.pool.PoolBase.newPoolEntry(PoolBase.java:206)
	at com.zaxxer.hikari.pool.HikariPool.createPoolEntry(HikariPool.java:477)
	at com.zaxxer.hikari.pool.HikariPool.checkFailFast(HikariPool.java:560)
	at com.zaxxer.hikari.pool.HikariPool.<init>(HikariPool.java:115)
	at com.zaxxer.hikari.HikariDataSource.getConnection(HikariDataSource.java:112)
	at org.springframework.jdbc.datasource.DataSourceUtils.fetchConnection(DataSourceUtils.java:158)
	at org.springframework.jdbc.datasource.DataSourceUtils.doGetConnection(DataSourceUtils.java:116)
	at org.springframework.jdbc.datasource.DataSourceUtils.getConnection(DataSourceUtils.java:79)
	... 65 common frames omitted
Caused by: java.net.ConnectException: Connection refused (Connection refused)
	at java.net.PlainSocketImpl.socketConnect(Native Method)
	at java.net.AbstractPlainSocketImpl.doConnect(AbstractPlainSocketImpl.java:476)
	at java.net.AbstractPlainSocketImpl.connectToAddress(AbstractPlainSocketImpl.java:218)
	at java.net.AbstractPlainSocketImpl.connect(AbstractPlainSocketImpl.java:200)
	at java.net.SocksSocketImpl.connect(SocksSocketImpl.java:394)
	at java.net.Socket.connect(Socket.java:606)
	at com.mysql.jdbc.StandardSocketFactory.connect(StandardSocketFactory.java:211)
	at com.mysql.jdbc.MysqlIO.<init>(MysqlIO.java:301)
	... 87 common frames omitted
2022-11-07 14:47:08.641 [,] [background-preinit] INFO  o.h.v.i.util.Version - [<clinit>,21] - HV000001: Hibernate Validator 6.0.20.Final
2022-11-07 14:47:18.744 [,] [main] INFO  com.shark.PMSapp - [logStarting,55] - Starting PMSapp on luanbaixiangdeMacBook-Air.local with PID 18441 (/Users/lb/Downloads/shark/PMS-final/PMS/target/classes started by lb in /Users/lb/Downloads/shark/PMS-final/PMS)
2022-11-07 14:47:18.747 [,] [main] INFO  com.shark.PMSapp - [logStartupProfileInfo,651] - No active profile set, falling back to default profiles: default
2022-11-07 14:47:21.515 [,] [main] INFO  o.a.c.h.Http11NioProtocol - [log,173] - Initializing ProtocolHandler ["http-nio-8081"]
2022-11-07 14:47:21.516 [,] [main] INFO  o.a.c.c.StandardService - [log,173] - Starting service [Tomcat]
2022-11-07 14:47:21.516 [,] [main] INFO  o.a.c.c.StandardEngine - [log,173] - Starting Servlet engine: [Apache Tomcat/9.0.38]
2022-11-07 14:47:21.765 [,] [main] INFO  o.a.c.c.C.[.[.[/] - [log,173] - Initializing Spring embedded WebApplicationContext
2022-11-07 14:47:23.933 [,] [main] INFO  o.a.c.h.Http11NioProtocol - [log,173] - Starting ProtocolHandler ["http-nio-8081"]
2022-11-07 14:47:24.004 [,] [main] INFO  com.shark.PMSapp - [logStarted,61] - Started PMSapp in 25.871 seconds (JVM running for 26.873)
2022-11-07 14:47:31.670 [,] [http-nio-8081-exec-1] INFO  o.a.c.c.C.[.[.[/] - [log,173] - Initializing Spring DispatcherServlet 'dispatcherServlet'
2022-11-07 14:47:31.771 [,] [http-nio-8081-exec-1] INFO  c.z.h.HikariDataSource - [getConnection,110] - HikariPool-1 - Starting...
2022-11-07 14:47:32.527 [,] [http-nio-8081-exec-1] INFO  c.z.h.HikariDataSource - [getConnection,123] - HikariPool-1 - Start completed.
2022-11-07 14:47:40.974 [,] [http-nio-8081-exec-2] INFO  c.s.u.c.UserController - [updatePwdWeb2,407] - 查询手机和邮箱成功
2022-11-07 14:47:43.937 [,] [http-nio-8081-exec-9] INFO  c.s.u.s.UserService - [getUpdateEmailCode,337] - UserService/updateEmail:
org.springframework.mail.MailParseException: Could not parse mail; nested exception is javax.mail.internet.AddressException: Illegal address in string ``''
	at org.springframework.mail.javamail.MimeMailMessage.setTo(MimeMailMessage.java:112)
	at org.springframework.mail.SimpleMailMessage.copyTo(SimpleMailMessage.java:204)
	at org.springframework.mail.javamail.JavaMailSenderImpl.send(JavaMailSenderImpl.java:320)
	at org.springframework.mail.javamail.JavaMailSenderImpl.send(JavaMailSenderImpl.java:312)
	at com.shark.users.service.UserService.getUpdateEmailCode(UserService.java:331)
	at com.shark.users.controller.UserController.getEmailCode(UserController.java:310)
	at sun.reflect.NativeMethodAccessorImpl.invoke0(Native Method)
	at sun.reflect.NativeMethodAccessorImpl.invoke(NativeMethodAccessorImpl.java:62)
	at sun.reflect.DelegatingMethodAccessorImpl.invoke(DelegatingMethodAccessorImpl.java:43)
	at java.lang.reflect.Method.invoke(Method.java:498)
	at org.springframework.web.method.support.InvocableHandlerMethod.doInvoke(InvocableHandlerMethod.java:190)
	at org.springframework.web.method.support.InvocableHandlerMethod.invokeForRequest(InvocableHandlerMethod.java:138)
	at org.springframework.web.servlet.mvc.method.annotation.ServletInvocableHandlerMethod.invokeAndHandle(ServletInvocableHandlerMethod.java:105)
	at org.springframework.web.servlet.mvc.method.annotation.RequestMappingHandlerAdapter.invokeHandlerMethod(RequestMappingHandlerAdapter.java:878)
	at org.springframework.web.servlet.mvc.method.annotation.RequestMappingHandlerAdapter.handleInternal(RequestMappingHandlerAdapter.java:792)
	at org.springframework.web.servlet.mvc.method.AbstractHandlerMethodAdapter.handle(AbstractHandlerMethodAdapter.java:87)
	at org.springframework.web.servlet.DispatcherServlet.doDispatch(DispatcherServlet.java:1040)
	at org.springframework.web.servlet.DispatcherServlet.doService(DispatcherServlet.java:943)
	at org.springframework.web.servlet.FrameworkServlet.processRequest(FrameworkServlet.java:1006)
	at org.springframework.web.servlet.FrameworkServlet.doGet(FrameworkServlet.java:898)
	at javax.servlet.http.HttpServlet.service(HttpServlet.java:626)
	at org.springframework.web.servlet.FrameworkServlet.service(FrameworkServlet.java:883)
	at javax.servlet.http.HttpServlet.service(HttpServlet.java:733)
	at org.apache.catalina.core.ApplicationFilterChain.internalDoFilter(ApplicationFilterChain.java:231)
	at org.apache.catalina.core.ApplicationFilterChain.doFilter(ApplicationFilterChain.java:166)
	at org.apache.tomcat.websocket.server.WsFilter.doFilter(WsFilter.java:53)
	at org.apache.catalina.core.ApplicationFilterChain.internalDoFilter(ApplicationFilterChain.java:193)
	at org.apache.catalina.core.ApplicationFilterChain.doFilter(ApplicationFilterChain.java:166)
	at org.springframework.web.filter.CharacterEncodingFilter.doFilterInternal(CharacterEncodingFilter.java:201)
	at org.springframework.web.filter.OncePerRequestFilter.doFilter(OncePerRequestFilter.java:119)
	at org.apache.catalina.core.ApplicationFilterChain.internalDoFilter(ApplicationFilterChain.java:193)
	at org.apache.catalina.core.ApplicationFilterChain.doFilter(ApplicationFilterChain.java:166)
	at org.apache.catalina.core.StandardWrapperValve.invoke(StandardWrapperValve.java:202)
	at org.apache.catalina.core.StandardContextValve.invoke(StandardContextValve.java:97)
	at org.apache.catalina.authenticator.AuthenticatorBase.invoke(AuthenticatorBase.java:541)
	at org.apache.catalina.core.StandardHostValve.invoke(StandardHostValve.java:143)
	at org.apache.catalina.valves.ErrorReportValve.invoke(ErrorReportValve.java:92)
	at org.apache.catalina.core.StandardEngineValve.invoke(StandardEngineValve.java:78)
	at org.apache.catalina.connector.CoyoteAdapter.service(CoyoteAdapter.java:343)
	at org.apache.coyote.http11.Http11Processor.service(Http11Processor.java:374)
	at org.apache.coyote.AbstractProcessorLight.process(AbstractProcessorLight.java:65)
	at org.apache.coyote.AbstractProtocol$ConnectionHandler.process(AbstractProtocol.java:868)
	at org.apache.tomcat.util.net.NioEndpoint$SocketProcessor.doRun(NioEndpoint.java:1590)
	at org.apache.tomcat.util.net.SocketProcessorBase.run(SocketProcessorBase.java:49)
	at java.util.concurrent.ThreadPoolExecutor.runWorker(ThreadPoolExecutor.java:1149)
	at java.util.concurrent.ThreadPoolExecutor$Worker.run(ThreadPoolExecutor.java:624)
	at org.apache.tomcat.util.threads.TaskThread$WrappingRunnable.run(TaskThread.java:61)
	at java.lang.Thread.run(Thread.java:748)
Caused by: javax.mail.internet.AddressException: Illegal address
	at org.springframework.mail.javamail.MimeMessageHelper.parseAddress(MimeMessageHelper.java:735)
	at org.springframework.mail.javamail.MimeMessageHelper.setTo(MimeMessageHelper.java:619)
	at org.springframework.mail.javamail.MimeMailMessage.setTo(MimeMailMessage.java:109)
	... 47 common frames omitted
2022-11-07 14:47:43.939 [,] [http-nio-8081-exec-9] INFO  c.s.u.c.UserController - [getEmailCode,312] - UserController/getEmailCode:发送验证码失败
2022-11-07 14:53:13.381 [,] [SpringContextShutdownHook] INFO  c.z.h.HikariDataSource - [close,350] - HikariPool-1 - Shutdown initiated...
2022-11-07 14:53:13.391 [,] [SpringContextShutdownHook] INFO  c.z.h.HikariDataSource - [close,352] - HikariPool-1 - Shutdown completed.
2022-11-07 14:57:16.025 [,] [background-preinit] INFO  o.h.v.i.util.Version - [<clinit>,21] - HV000001: Hibernate Validator 6.0.20.Final
2022-11-07 14:57:26.124 [,] [main] INFO  com.shark.PMSapp - [logStarting,55] - Starting PMSapp on luanbaixiangdeMacBook-Air.local with PID 18848 (/Users/lb/Downloads/shark/PMS-final/PMS/target/classes started by lb in /Users/lb/Downloads/shark/PMS-final/PMS)
2022-11-07 14:57:26.126 [,] [main] INFO  com.shark.PMSapp - [logStartupProfileInfo,651] - No active profile set, falling back to default profiles: default
2022-11-07 14:57:28.836 [,] [main] INFO  o.a.c.h.Http11NioProtocol - [log,173] - Initializing ProtocolHandler ["http-nio-8081"]
2022-11-07 14:57:28.838 [,] [main] INFO  o.a.c.c.StandardService - [log,173] - Starting service [Tomcat]
2022-11-07 14:57:28.839 [,] [main] INFO  o.a.c.c.StandardEngine - [log,173] - Starting Servlet engine: [Apache Tomcat/9.0.38]
2022-11-07 14:57:29.093 [,] [main] INFO  o.a.c.c.C.[.[.[/] - [log,173] - Initializing Spring embedded WebApplicationContext
2022-11-07 14:57:31.245 [,] [main] INFO  o.a.c.h.Http11NioProtocol - [log,173] - Starting ProtocolHandler ["http-nio-8081"]
2022-11-07 14:57:31.312 [,] [main] INFO  com.shark.PMSapp - [logStarted,61] - Started PMSapp in 25.825 seconds (JVM running for 26.704)
2022-11-07 14:57:39.130 [,] [http-nio-8081-exec-1] INFO  o.a.c.c.C.[.[.[/] - [log,173] - Initializing Spring DispatcherServlet 'dispatcherServlet'
2022-11-07 14:57:47.082 [,] [http-nio-8081-exec-2] INFO  c.z.h.HikariDataSource - [getConnection,110] - HikariPool-1 - Starting...
2022-11-07 14:57:47.668 [,] [http-nio-8081-exec-2] INFO  c.z.h.HikariDataSource - [getConnection,123] - HikariPool-1 - Start completed.
2022-11-07 14:57:47.780 [,] [http-nio-8081-exec-2] INFO  c.s.u.c.UserController - [updatePwdWeb2,407] - 查询手机和邮箱成功
2022-11-07 14:57:51.222 [,] [http-nio-8081-exec-7] INFO  c.s.u.c.UserController - [getPhoneCode,74] - 已向手机号：15566202030发送短信
2022-11-07 14:58:25.500 [,] [http-nio-8081-exec-9] INFO  c.s.u.c.UserController - [updatePwdWeb2,407] - 查询手机和邮箱成功
2022-11-07 14:58:27.410 [,] [http-nio-8081-exec-5] INFO  c.s.u.c.UserController - [getPhoneCode,74] - 已向手机号：13047502202发送短信
2022-11-07 14:59:12.658 [,] [SpringContextShutdownHook] INFO  c.z.h.HikariDataSource - [close,350] - HikariPool-1 - Shutdown initiated...
2022-11-07 14:59:12.673 [,] [SpringContextShutdownHook] INFO  c.z.h.HikariDataSource - [close,352] - HikariPool-1 - Shutdown completed.
2022-11-07 14:59:26.529 [,] [background-preinit] INFO  o.h.v.i.util.Version - [<clinit>,21] - HV000001: Hibernate Validator 6.0.20.Final
2022-11-07 14:59:36.689 [,] [main] INFO  com.shark.PMSapp - [logStarting,55] - Starting PMSapp on luanbaixiangdeMacBook-Air.local with PID 18935 (/Users/lb/Downloads/shark/PMS-final/PMS/target/classes started by lb in /Users/lb/Downloads/shark/PMS-final/PMS)
2022-11-07 14:59:36.693 [,] [main] INFO  com.shark.PMSapp - [logStartupProfileInfo,651] - No active profile set, falling back to default profiles: default
2022-11-07 14:59:39.436 [,] [main] INFO  o.a.c.h.Http11NioProtocol - [log,173] - Initializing ProtocolHandler ["http-nio-8081"]
2022-11-07 14:59:39.439 [,] [main] INFO  o.a.c.c.StandardService - [log,173] - Starting service [Tomcat]
2022-11-07 14:59:39.440 [,] [main] INFO  o.a.c.c.StandardEngine - [log,173] - Starting Servlet engine: [Apache Tomcat/9.0.38]
2022-11-07 14:59:39.717 [,] [main] INFO  o.a.c.c.C.[.[.[/] - [log,173] - Initializing Spring embedded WebApplicationContext
2022-11-07 14:59:42.027 [,] [main] INFO  o.a.c.h.Http11NioProtocol - [log,173] - Starting ProtocolHandler ["http-nio-8081"]
2022-11-07 14:59:42.086 [,] [main] INFO  com.shark.PMSapp - [logStarted,61] - Started PMSapp in 26.069 seconds (JVM running for 27.362)
2022-11-07 14:59:53.066 [,] [http-nio-8081-exec-1] INFO  o.a.c.c.C.[.[.[/] - [log,173] - Initializing Spring DispatcherServlet 'dispatcherServlet'
2022-11-07 14:59:54.383 [,] [http-nio-8081-exec-1] INFO  c.s.u.c.UserController - [getPhoneCode,74] - 已向手机号：13047502202发送短信
2022-11-07 14:59:55.511 [,] [http-nio-8081-exec-2] INFO  c.s.u.c.UserController - [updatePwdVerify,421] - thg正在使用手机验证修改密码
2022-11-07 14:59:55.512 [,] [http-nio-8081-exec-2] INFO  c.s.u.c.UserController - [updatePwdVerify,428] - thg:手机验证码错误
2022-11-07 14:59:55.538 [,] [http-nio-8081-exec-2] INFO  c.z.h.HikariDataSource - [getConnection,110] - HikariPool-1 - Starting...
2022-11-07 14:59:56.640 [,] [http-nio-8081-exec-2] INFO  c.z.h.HikariDataSource - [getConnection,123] - HikariPool-1 - Start completed.
2022-11-07 14:59:56.813 [,] [http-nio-8081-exec-2] INFO  c.s.u.c.UserController - [updatePwdWeb2,407] - 查询手机和邮箱成功
2022-11-07 15:00:02.376 [,] [http-nio-8081-exec-3] INFO  c.s.u.c.UserController - [getPhoneCode,74] - 已向手机号：13047502202发送短信
2022-11-07 15:00:12.388 [,] [http-nio-8081-exec-4] INFO  c.s.u.c.UserController - [updatePwdVerify,421] - thg正在使用手机验证修改密码
2022-11-07 15:00:12.388 [,] [http-nio-8081-exec-4] INFO  c.s.u.c.UserController - [updatePwdVerify,424] - thg:手机验证码正确
2022-11-07 15:00:55.966 [,] [http-nio-8081-exec-6] INFO  c.s.u.s.UserService - [login,204] - UserService/login, 使用用户名登录 : admin
2022-11-07 15:00:55.969 [,] [http-nio-8081-exec-6] INFO  c.s.u.s.UserService - [login,210] - MD5加密A66ABB5684C45962D887564F08346E8D
2022-11-07 15:00:55.971 [,] [http-nio-8081-exec-6] INFO  c.s.u.s.UserService - [login,216] - UserService/login, 登录成功
2022-11-07 15:00:55.971 [,] [http-nio-8081-exec-6] INFO  c.s.u.c.UserController - [Login,157] - UserController/Login, 用户登录成功
2022-11-07 15:00:56.656 [,] [http-nio-8081-exec-6] INFO  c.s.b.util.BaseUtil - [toIndex,51] - BaseController/pms, pending:[]
2022-11-07 15:00:56.657 [,] [http-nio-8081-exec-6] INFO  c.s.b.util.BaseUtil - [toIndex,53] - BaseController/pms, processing:[]
2022-11-07 15:00:56.657 [,] [http-nio-8081-exec-6] INFO  c.s.b.util.BaseUtil - [toIndex,55] - BaseController/pms, finished:[]
2022-11-07 15:01:09.651 [,] [http-nio-8081-exec-8] INFO  c.s.u.c.UserController - [personalCenterWeb,203] - BaseController/pms, 本次登录用户:admin
2022-11-07 15:01:44.722 [,] [http-nio-8081-exec-5] INFO  c.s.u.c.UserController - [personalCenterWeb,203] - BaseController/pms, 本次登录用户:admin
2022-11-07 15:01:58.147 [,] [http-nio-8081-exec-2] INFO  c.s.b.BaseController - [pms,52] - BaseController/pms, 本次登录用户:admin
2022-11-07 15:01:59.657 [,] [http-nio-8081-exec-2] INFO  c.s.b.util.BaseUtil - [toIndex,51] - BaseController/pms, pending:[]
2022-11-07 15:01:59.658 [,] [http-nio-8081-exec-2] INFO  c.s.b.util.BaseUtil - [toIndex,53] - BaseController/pms, processing:[]
2022-11-07 15:01:59.659 [,] [http-nio-8081-exec-2] INFO  c.s.b.util.BaseUtil - [toIndex,55] - BaseController/pms, finished:[]
2022-11-07 15:02:16.966 [,] [http-nio-8081-exec-3] INFO  c.s.util.FileUtil - [isDirExist,19] - FileUtil, 创建文件夹：/home/adminzt/pmsFile/project/lbx001/request
2022-11-07 15:02:18.958 [,] [http-nio-8081-exec-3] INFO  c.s.util.FileUtil - [isDirExist,19] - FileUtil, 创建文件夹：/home/adminzt/pmsFile/project/lbx001/request/sow
2022-11-07 15:02:19.040 [,] [http-nio-8081-exec-3] INFO  c.s.p.c.RequestController - [request,39] - RequestController/request, 项目请求失败
2022-11-07 15:02:19.041 [,] [http-nio-8081-exec-3] INFO  c.s.p.c.ProjectController - [request,180] - ProjectController/request, 项目新建失败
2022-11-07 15:03:33.206 [,] [SpringContextShutdownHook] INFO  c.z.h.HikariDataSource - [close,350] - HikariPool-1 - Shutdown initiated...
2022-11-07 15:03:33.220 [,] [SpringContextShutdownHook] INFO  c.z.h.HikariDataSource - [close,352] - HikariPool-1 - Shutdown completed.
2022-11-07 15:03:46.644 [,] [background-preinit] INFO  o.h.v.i.util.Version - [<clinit>,21] - HV000001: Hibernate Validator 6.0.20.Final
2022-11-07 15:03:56.720 [,] [main] INFO  com.shark.PMSapp - [logStarting,55] - Starting PMSapp on luanbaixiangdeMacBook-Air.local with PID 20035 (/Users/lb/Downloads/shark/PMS-final/PMS/target/classes started by lb in /Users/lb/Downloads/shark/PMS-final/PMS)
2022-11-07 15:03:56.723 [,] [main] INFO  com.shark.PMSapp - [logStartupProfileInfo,651] - No active profile set, falling back to default profiles: default
2022-11-07 15:03:59.245 [,] [main] INFO  o.a.c.h.Http11NioProtocol - [log,173] - Initializing ProtocolHandler ["http-nio-8081"]
2022-11-07 15:03:59.246 [,] [main] INFO  o.a.c.c.StandardService - [log,173] - Starting service [Tomcat]
2022-11-07 15:03:59.246 [,] [main] INFO  o.a.c.c.StandardEngine - [log,173] - Starting Servlet engine: [Apache Tomcat/9.0.38]
2022-11-07 15:03:59.580 [,] [main] INFO  o.a.c.c.C.[.[.[/] - [log,173] - Initializing Spring embedded WebApplicationContext
2022-11-07 15:04:01.795 [,] [main] INFO  o.a.c.h.Http11NioProtocol - [log,173] - Starting ProtocolHandler ["http-nio-8081"]
2022-11-07 15:04:01.859 [,] [main] INFO  com.shark.PMSapp - [logStarted,61] - Started PMSapp in 25.73 seconds (JVM running for 26.675)
2022-11-07 15:04:04.933 [,] [http-nio-8081-exec-1] INFO  o.a.c.c.C.[.[.[/] - [log,173] - Initializing Spring DispatcherServlet 'dispatcherServlet'
2022-11-07 15:04:15.829 [,] [http-nio-8081-exec-10] INFO  c.z.h.HikariDataSource - [getConnection,110] - HikariPool-1 - Starting...
2022-11-07 15:04:16.927 [,] [http-nio-8081-exec-10] INFO  c.z.h.HikariDataSource - [getConnection,123] - HikariPool-1 - Start completed.
2022-11-07 15:04:17.213 [,] [http-nio-8081-exec-10] INFO  c.s.util.FileUtil - [isDirExist,19] - FileUtil, 创建文件夹：/Users/lb/Downloads/shark/PMS/users/project/lbx001/request
2022-11-07 15:04:17.214 [,] [http-nio-8081-exec-10] INFO  c.s.util.FileUtil - [isDirExist,19] - FileUtil, 创建文件夹：/Users/lb/Downloads/shark/PMS/users/project/lbx001/request/sow
2022-11-07 15:04:17.219 [,] [http-nio-8081-exec-10] INFO  c.s.p.s.RequestService - [insertRequest,90] - for循环：本地储存：/Users/lb/Downloads/shark/PMS/users/project/lbx001/request/sow/007.pdf
2022-11-07 15:04:17.220 [,] [http-nio-8081-exec-10] INFO  c.s.p.s.RequestService - [insertRequest,92] - 数据库中SowUrl储存/Users/lb/Downloads/shark/PMS/users/project/lbx001/request/sow/007.pdf
2022-11-07 15:04:17.221 [,] [http-nio-8081-exec-10] INFO  c.s.util.FileUtil - [isDirExist,19] - FileUtil, 创建文件夹：/Users/lb/Downloads/shark/PMS/users/project/lbx001/request/quotation
2022-11-07 15:04:17.222 [,] [http-nio-8081-exec-10] INFO  c.s.p.s.RequestService - [insertRequest,102] - for循环：本地储存：/Users/lb/Downloads/shark/PMS/users/project/lbx001/request/quotation/004.pdf
2022-11-07 15:04:17.222 [,] [http-nio-8081-exec-10] INFO  c.s.p.s.RequestService - [insertRequest,104] - 数据库中QuotationUrl储存/Users/lb/Downloads/shark/PMS/users/project/lbx001/request/quotation/004.pdf
2022-11-07 15:04:17.223 [,] [http-nio-8081-exec-10] INFO  c.s.util.FileUtil - [isDirExist,19] - FileUtil, 创建文件夹：/Users/lb/Downloads/shark/PMS/users/project/lbx001/request/designUrl
2022-11-07 15:04:17.224 [,] [http-nio-8081-exec-10] INFO  c.s.p.s.RequestService - [insertRequest,114] - for循环：本地储存：/Users/lb/Downloads/shark/PMS/users/project/lbx001/request/designUrl/007.pdf
2022-11-07 15:04:17.225 [,] [http-nio-8081-exec-10] INFO  c.s.p.s.RequestService - [insertRequest,116] - 数据库中DesignUrl储存/Users/lb/Downloads/shark/PMS/users/project/lbx001/request/designUrl/007.pdf
2022-11-07 15:04:17.330 [,] [http-nio-8081-exec-10] INFO  c.s.p.c.RequestController - [request,35] - RequestController/request, 项目请求成功
2022-11-07 15:04:18.277 [,] [http-nio-8081-exec-10] INFO  c.s.p.c.ProjectController - [request,192] - ProjectController/request, 项目新建成功
2022-11-07 15:04:26.702 [,] [http-nio-8081-exec-7] INFO  c.s.b.BaseController - [pms,52] - BaseController/pms, 本次登录用户:admin
2022-11-07 15:04:27.240 [,] [http-nio-8081-exec-7] INFO  c.s.b.util.BaseUtil - [toIndex,51] - BaseController/pms, pending:[{"companyName":"0706","name":"lbx001","statusName":"项目评审中","submitTime":1667804658000}]
2022-11-07 15:04:27.241 [,] [http-nio-8081-exec-7] INFO  c.s.b.util.BaseUtil - [toIndex,53] - BaseController/pms, processing:[]
2022-11-07 15:04:27.241 [,] [http-nio-8081-exec-7] INFO  c.s.b.util.BaseUtil - [toIndex,55] - BaseController/pms, finished:[]
2022-11-07 15:04:29.896 [,] [http-nio-8081-exec-9] INFO  c.s.p.s.ProjectService - [revDetail,226] - {"companyName":"0706","created":1667804657000,"description":"23","designUrl":"/Users/lb/Downloads/shark/PMS/users/project/lbx001/request/designUrl/007.pdf","id":1,"name":"lbx001","quotationUrl":"/Users/lb/Downloads/shark/PMS/users/project/lbx001/request/quotation/004.pdf","sowUrl":"/Users/lb/Downloads/shark/PMS/users/project/lbx001/request/sow/007.pdf","updated":1667804657000}
2022-11-07 15:04:31.957 [,] [http-nio-8081-exec-2] INFO  c.s.p.s.RequestService - [downloadFile,146] - /Users/lb/Downloads/shark/PMS/users/project/lbx001/request/sow/007.pdf
2022-11-07 15:04:31.960 [,] [http-nio-8081-exec-2] INFO  c.s.p.s.RequestService - [downloadFile,157] - 下载成功
2022-11-07 15:05:01.328 [,] [http-nio-8081-exec-10] INFO  c.s.p.s.ProjectService - [revDetail,226] - {"companyName":"0706","created":1667804657000,"description":"23","designUrl":"/Users/lb/Downloads/shark/PMS/users/project/lbx001/request/designUrl/007.pdf","id":1,"name":"lbx001","quotationUrl":"/Users/lb/Downloads/shark/PMS/users/project/lbx001/request/quotation/004.pdf","sowUrl":"/Users/lb/Downloads/shark/PMS/users/project/lbx001/request/sow/007.pdf","updated":1667804657000}
2022-11-07 15:05:42.276 [,] [http-nio-8081-exec-6] INFO  c.s.p.c.ProjectController - [review,256] - ProjectController/review, 项目评审成功
2022-11-07 15:05:43.388 [,] [http-nio-8081-exec-6] INFO  c.s.b.BaseController - [pms,52] - BaseController/pms, 本次登录用户:admin
2022-11-07 15:05:44.111 [,] [http-nio-8081-exec-6] INFO  c.s.b.util.BaseUtil - [toIndex,51] - BaseController/pms, pending:[]
2022-11-07 15:05:44.112 [,] [http-nio-8081-exec-6] INFO  c.s.b.util.BaseUtil - [toIndex,53] - BaseController/pms, processing:[{"companyName":"0706","name":"lbx001","statusName":"项目签订中","submitTime":1667804658000}]
2022-11-07 15:05:44.112 [,] [http-nio-8081-exec-6] INFO  c.s.b.util.BaseUtil - [toIndex,55] - BaseController/pms, finished:[]
2022-11-07 15:05:46.378 [,] [http-nio-8081-exec-6] INFO  c.s.p.s.ProjectService - [revDetail,226] - {"companyName":"0706","created":1667804657000,"description":"23","designUrl":"/Users/lb/Downloads/shark/PMS/users/project/lbx001/request/designUrl/007.pdf","id":1,"name":"lbx001","quotationUrl":"/Users/lb/Downloads/shark/PMS/users/project/lbx001/request/quotation/004.pdf","sowUrl":"/Users/lb/Downloads/shark/PMS/users/project/lbx001/request/sow/007.pdf","updated":1667804657000}
2022-11-07 15:05:46.767 [,] [http-nio-8081-exec-6] INFO  c.s.p.s.ProjectService - [desDetail,327] - 查询失败
org.springframework.jdbc.BadSqlGrammarException: 
### Error querying database.  Cause: com.mysql.jdbc.exceptions.jdbc4.MySQLSyntaxErrorException: Table 'pms.pro_design' doesn't exist
### The error may exist in com/shark/project/mapper/design/DesignMapping.java (best guess)
### The error may involve com.shark.project.mapper.design.DesignMapping.getDesignById-Inline
### The error occurred while setting parameters
### SQL: SELECT * FROM `pro_design` WHERE `id` = ?;
### Cause: com.mysql.jdbc.exceptions.jdbc4.MySQLSyntaxErrorException: Table 'pms.pro_design' doesn't exist
; bad SQL grammar []; nested exception is com.mysql.jdbc.exceptions.jdbc4.MySQLSyntaxErrorException: Table 'pms.pro_design' doesn't exist
	at org.springframework.jdbc.support.SQLErrorCodeSQLExceptionTranslator.doTranslate(SQLErrorCodeSQLExceptionTranslator.java:239)
	at org.springframework.jdbc.support.AbstractFallbackSQLExceptionTranslator.translate(AbstractFallbackSQLExceptionTranslator.java:72)
	at org.mybatis.spring.MyBatisExceptionTranslator.translateExceptionIfPossible(MyBatisExceptionTranslator.java:75)
	at org.mybatis.spring.SqlSessionTemplate$SqlSessionInterceptor.invoke(SqlSessionTemplate.java:447)
	at com.sun.proxy.$Proxy53.selectOne(Unknown Source)
	at org.mybatis.spring.SqlSessionTemplate.selectOne(SqlSessionTemplate.java:167)
	at org.apache.ibatis.binding.MapperMethod.execute(MapperMethod.java:75)
	at org.apache.ibatis.binding.MapperProxy.invoke(MapperProxy.java:53)
	at com.sun.proxy.$Proxy66.getDesignById(Unknown Source)
	at com.shark.project.service.ProjectService.desDetail(ProjectService.java:319)
	at com.shark.project.controller.ProjectController.designAllDetail(ProjectController.java:787)
	at com.shark.project.controller.ProjectController.allDetail(ProjectController.java:1242)
	at sun.reflect.NativeMethodAccessorImpl.invoke0(Native Method)
	at sun.reflect.NativeMethodAccessorImpl.invoke(NativeMethodAccessorImpl.java:62)
	at sun.reflect.DelegatingMethodAccessorImpl.invoke(DelegatingMethodAccessorImpl.java:43)
	at java.lang.reflect.Method.invoke(Method.java:498)
	at org.springframework.web.method.support.InvocableHandlerMethod.doInvoke(InvocableHandlerMethod.java:190)
	at org.springframework.web.method.support.InvocableHandlerMethod.invokeForRequest(InvocableHandlerMethod.java:138)
	at org.springframework.web.servlet.mvc.method.annotation.ServletInvocableHandlerMethod.invokeAndHandle(ServletInvocableHandlerMethod.java:105)
	at org.springframework.web.servlet.mvc.method.annotation.RequestMappingHandlerAdapter.invokeHandlerMethod(RequestMappingHandlerAdapter.java:878)
	at org.springframework.web.servlet.mvc.method.annotation.RequestMappingHandlerAdapter.handleInternal(RequestMappingHandlerAdapter.java:792)
	at org.springframework.web.servlet.mvc.method.AbstractHandlerMethodAdapter.handle(AbstractHandlerMethodAdapter.java:87)
	at org.springframework.web.servlet.DispatcherServlet.doDispatch(DispatcherServlet.java:1040)
	at org.springframework.web.servlet.DispatcherServlet.doService(DispatcherServlet.java:943)
	at org.springframework.web.servlet.FrameworkServlet.processRequest(FrameworkServlet.java:1006)
	at org.springframework.web.servlet.FrameworkServlet.doGet(FrameworkServlet.java:898)
	at javax.servlet.http.HttpServlet.service(HttpServlet.java:626)
	at org.springframework.web.servlet.FrameworkServlet.service(FrameworkServlet.java:883)
	at javax.servlet.http.HttpServlet.service(HttpServlet.java:733)
	at org.apache.catalina.core.ApplicationFilterChain.internalDoFilter(ApplicationFilterChain.java:231)
	at org.apache.catalina.core.ApplicationFilterChain.doFilter(ApplicationFilterChain.java:166)
	at org.apache.tomcat.websocket.server.WsFilter.doFilter(WsFilter.java:53)
	at org.apache.catalina.core.ApplicationFilterChain.internalDoFilter(ApplicationFilterChain.java:193)
	at org.apache.catalina.core.ApplicationFilterChain.doFilter(ApplicationFilterChain.java:166)
	at org.springframework.web.filter.CharacterEncodingFilter.doFilterInternal(CharacterEncodingFilter.java:201)
	at org.springframework.web.filter.OncePerRequestFilter.doFilter(OncePerRequestFilter.java:119)
	at org.apache.catalina.core.ApplicationFilterChain.internalDoFilter(ApplicationFilterChain.java:193)
	at org.apache.catalina.core.ApplicationFilterChain.doFilter(ApplicationFilterChain.java:166)
	at org.apache.catalina.core.StandardWrapperValve.invoke(StandardWrapperValve.java:202)
	at org.apache.catalina.core.StandardContextValve.invoke(StandardContextValve.java:97)
	at org.apache.catalina.authenticator.AuthenticatorBase.invoke(AuthenticatorBase.java:541)
	at org.apache.catalina.core.StandardHostValve.invoke(StandardHostValve.java:143)
	at org.apache.catalina.valves.ErrorReportValve.invoke(ErrorReportValve.java:92)
	at org.apache.catalina.core.StandardEngineValve.invoke(StandardEngineValve.java:78)
	at org.apache.catalina.connector.CoyoteAdapter.service(CoyoteAdapter.java:343)
	at org.apache.coyote.http11.Http11Processor.service(Http11Processor.java:374)
	at org.apache.coyote.AbstractProcessorLight.process(AbstractProcessorLight.java:65)
	at org.apache.coyote.AbstractProtocol$ConnectionHandler.process(AbstractProtocol.java:868)
	at org.apache.tomcat.util.net.NioEndpoint$SocketProcessor.doRun(NioEndpoint.java:1590)
	at org.apache.tomcat.util.net.SocketProcessorBase.run(SocketProcessorBase.java:49)
	at java.util.concurrent.ThreadPoolExecutor.runWorker(ThreadPoolExecutor.java:1149)
	at java.util.concurrent.ThreadPoolExecutor$Worker.run(ThreadPoolExecutor.java:624)
	at org.apache.tomcat.util.threads.TaskThread$WrappingRunnable.run(TaskThread.java:61)
	at java.lang.Thread.run(Thread.java:748)
Caused by: com.mysql.jdbc.exceptions.jdbc4.MySQLSyntaxErrorException: Table 'pms.pro_design' doesn't exist
	at sun.reflect.NativeConstructorAccessorImpl.newInstance0(Native Method)
	at sun.reflect.NativeConstructorAccessorImpl.newInstance(NativeConstructorAccessorImpl.java:62)
	at sun.reflect.DelegatingConstructorAccessorImpl.newInstance(DelegatingConstructorAccessorImpl.java:45)
	at java.lang.reflect.Constructor.newInstance(Constructor.java:423)
	at com.mysql.jdbc.Util.handleNewInstance(Util.java:425)
	at com.mysql.jdbc.Util.getInstance(Util.java:408)
	at com.mysql.jdbc.SQLError.createSQLException(SQLError.java:944)
	at com.mysql.jdbc.MysqlIO.checkErrorPacket(MysqlIO.java:3976)
	at com.mysql.jdbc.MysqlIO.checkErrorPacket(MysqlIO.java:3912)
	at com.mysql.jdbc.MysqlIO.sendCommand(MysqlIO.java:2530)
	at com.mysql.jdbc.MysqlIO.sqlQueryDirect(MysqlIO.java:2683)
	at com.mysql.jdbc.ConnectionImpl.execSQL(ConnectionImpl.java:2486)
	at com.mysql.jdbc.PreparedStatement.executeInternal(PreparedStatement.java:1858)
	at com.mysql.jdbc.PreparedStatement.execute(PreparedStatement.java:1197)
	at com.zaxxer.hikari.pool.ProxyPreparedStatement.execute(ProxyPreparedStatement.java:44)
	at com.zaxxer.hikari.pool.HikariProxyPreparedStatement.execute(HikariProxyPreparedStatement.java)
	at org.apache.ibatis.executor.statement.PreparedStatementHandler.query(PreparedStatementHandler.java:63)
	at org.apache.ibatis.executor.statement.RoutingStatementHandler.query(RoutingStatementHandler.java:79)
	at org.apache.ibatis.executor.SimpleExecutor.doQuery(SimpleExecutor.java:63)
	at org.apache.ibatis.executor.BaseExecutor.queryFromDatabase(BaseExecutor.java:325)
	at org.apache.ibatis.executor.BaseExecutor.query(BaseExecutor.java:156)
	at org.apache.ibatis.executor.CachingExecutor.query(CachingExecutor.java:109)
	at org.apache.ibatis.executor.CachingExecutor.query(CachingExecutor.java:83)
	at org.apache.ibatis.session.defaults.DefaultSqlSession.selectList(DefaultSqlSession.java:148)
	at org.apache.ibatis.session.defaults.DefaultSqlSession.selectList(DefaultSqlSession.java:141)
	at org.apache.ibatis.session.defaults.DefaultSqlSession.selectOne(DefaultSqlSession.java:77)
	at sun.reflect.GeneratedMethodAccessor56.invoke(Unknown Source)
	at sun.reflect.DelegatingMethodAccessorImpl.invoke(DelegatingMethodAccessorImpl.java:43)
	at java.lang.reflect.Method.invoke(Method.java:498)
	at org.mybatis.spring.SqlSessionTemplate$SqlSessionInterceptor.invoke(SqlSessionTemplate.java:434)
	... 50 common frames omitted
2022-11-07 15:05:46.769 [,] [http-nio-8081-exec-6] INFO  c.s.p.c.ProjectController - [designAllDetail,789] - ProjectController/desDetail, 总设计详情查询失败
2022-11-07 15:05:46.936 [,] [http-nio-8081-exec-6] INFO  c.s.p.c.ProjectController - [designProjectWeb,441] - ProjectController/designProjectWeb, design:[]
2022-11-07 15:05:47.471 [,] [http-nio-8081-exec-6] INFO  c.s.p.s.ProjectService - [productOutDetail,637] - 没有记录
2022-11-07 15:05:47.494 [,] [http-nio-8081-exec-6] INFO  c.s.p.s.ProjectService - [productProDetail,696] - 查询失败
org.springframework.jdbc.BadSqlGrammarException: 
### Error querying database.  Cause: com.mysql.jdbc.exceptions.jdbc4.MySQLSyntaxErrorException: Table 'pms.pro_product_process' doesn't exist
### The error may exist in com/shark/project/mapper/product/ProductProcessMapping.java (best guess)
### The error may involve defaultParameterMap
### The error occurred while setting parameters
### SQL: select * from `pro_product_process`
### Cause: com.mysql.jdbc.exceptions.jdbc4.MySQLSyntaxErrorException: Table 'pms.pro_product_process' doesn't exist
; bad SQL grammar []; nested exception is com.mysql.jdbc.exceptions.jdbc4.MySQLSyntaxErrorException: Table 'pms.pro_product_process' doesn't exist
	at org.springframework.jdbc.support.SQLErrorCodeSQLExceptionTranslator.doTranslate(SQLErrorCodeSQLExceptionTranslator.java:239)
	at org.springframework.jdbc.support.AbstractFallbackSQLExceptionTranslator.translate(AbstractFallbackSQLExceptionTranslator.java:72)
	at org.mybatis.spring.MyBatisExceptionTranslator.translateExceptionIfPossible(MyBatisExceptionTranslator.java:75)
	at org.mybatis.spring.SqlSessionTemplate$SqlSessionInterceptor.invoke(SqlSessionTemplate.java:447)
	at com.sun.proxy.$Proxy53.selectList(Unknown Source)
	at org.mybatis.spring.SqlSessionTemplate.selectList(SqlSessionTemplate.java:231)
	at org.apache.ibatis.binding.MapperMethod.executeForMany(MapperMethod.java:128)
	at org.apache.ibatis.binding.MapperMethod.execute(MapperMethod.java:68)
	at org.apache.ibatis.binding.MapperProxy.invoke(MapperProxy.java:53)
	at com.sun.proxy.$Proxy71.getAllOut(Unknown Source)
	at com.shark.project.service.ProjectService.productProDetail(ProjectService.java:676)
	at com.shark.project.controller.ProjectController.productAllDetail(ProjectController.java:1075)
	at com.shark.project.controller.ProjectController.allDetail(ProjectController.java:1243)
	at sun.reflect.NativeMethodAccessorImpl.invoke0(Native Method)
	at sun.reflect.NativeMethodAccessorImpl.invoke(NativeMethodAccessorImpl.java:62)
	at sun.reflect.DelegatingMethodAccessorImpl.invoke(DelegatingMethodAccessorImpl.java:43)
	at java.lang.reflect.Method.invoke(Method.java:498)
	at org.springframework.web.method.support.InvocableHandlerMethod.doInvoke(InvocableHandlerMethod.java:190)
	at org.springframework.web.method.support.InvocableHandlerMethod.invokeForRequest(InvocableHandlerMethod.java:138)
	at org.springframework.web.servlet.mvc.method.annotation.ServletInvocableHandlerMethod.invokeAndHandle(ServletInvocableHandlerMethod.java:105)
	at org.springframework.web.servlet.mvc.method.annotation.RequestMappingHandlerAdapter.invokeHandlerMethod(RequestMappingHandlerAdapter.java:878)
	at org.springframework.web.servlet.mvc.method.annotation.RequestMappingHandlerAdapter.handleInternal(RequestMappingHandlerAdapter.java:792)
	at org.springframework.web.servlet.mvc.method.AbstractHandlerMethodAdapter.handle(AbstractHandlerMethodAdapter.java:87)
	at org.springframework.web.servlet.DispatcherServlet.doDispatch(DispatcherServlet.java:1040)
	at org.springframework.web.servlet.DispatcherServlet.doService(DispatcherServlet.java:943)
	at org.springframework.web.servlet.FrameworkServlet.processRequest(FrameworkServlet.java:1006)
	at org.springframework.web.servlet.FrameworkServlet.doGet(FrameworkServlet.java:898)
	at javax.servlet.http.HttpServlet.service(HttpServlet.java:626)
	at org.springframework.web.servlet.FrameworkServlet.service(FrameworkServlet.java:883)
	at javax.servlet.http.HttpServlet.service(HttpServlet.java:733)
	at org.apache.catalina.core.ApplicationFilterChain.internalDoFilter(ApplicationFilterChain.java:231)
	at org.apache.catalina.core.ApplicationFilterChain.doFilter(ApplicationFilterChain.java:166)
	at org.apache.tomcat.websocket.server.WsFilter.doFilter(WsFilter.java:53)
	at org.apache.catalina.core.ApplicationFilterChain.internalDoFilter(ApplicationFilterChain.java:193)
	at org.apache.catalina.core.ApplicationFilterChain.doFilter(ApplicationFilterChain.java:166)
	at org.springframework.web.filter.CharacterEncodingFilter.doFilterInternal(CharacterEncodingFilter.java:201)
	at org.springframework.web.filter.OncePerRequestFilter.doFilter(OncePerRequestFilter.java:119)
	at org.apache.catalina.core.ApplicationFilterChain.internalDoFilter(ApplicationFilterChain.java:193)
	at org.apache.catalina.core.ApplicationFilterChain.doFilter(ApplicationFilterChain.java:166)
	at org.apache.catalina.core.StandardWrapperValve.invoke(StandardWrapperValve.java:202)
	at org.apache.catalina.core.StandardContextValve.invoke(StandardContextValve.java:97)
	at org.apache.catalina.authenticator.AuthenticatorBase.invoke(AuthenticatorBase.java:541)
	at org.apache.catalina.core.StandardHostValve.invoke(StandardHostValve.java:143)
	at org.apache.catalina.valves.ErrorReportValve.invoke(ErrorReportValve.java:92)
	at org.apache.catalina.core.StandardEngineValve.invoke(StandardEngineValve.java:78)
	at org.apache.catalina.connector.CoyoteAdapter.service(CoyoteAdapter.java:343)
	at org.apache.coyote.http11.Http11Processor.service(Http11Processor.java:374)
	at org.apache.coyote.AbstractProcessorLight.process(AbstractProcessorLight.java:65)
	at org.apache.coyote.AbstractProtocol$ConnectionHandler.process(AbstractProtocol.java:868)
	at org.apache.tomcat.util.net.NioEndpoint$SocketProcessor.doRun(NioEndpoint.java:1590)
	at org.apache.tomcat.util.net.SocketProcessorBase.run(SocketProcessorBase.java:49)
	at java.util.concurrent.ThreadPoolExecutor.runWorker(ThreadPoolExecutor.java:1149)
	at java.util.concurrent.ThreadPoolExecutor$Worker.run(ThreadPoolExecutor.java:624)
	at org.apache.tomcat.util.threads.TaskThread$WrappingRunnable.run(TaskThread.java:61)
	at java.lang.Thread.run(Thread.java:748)
Caused by: com.mysql.jdbc.exceptions.jdbc4.MySQLSyntaxErrorException: Table 'pms.pro_product_process' doesn't exist
	at sun.reflect.NativeConstructorAccessorImpl.newInstance0(Native Method)
	at sun.reflect.NativeConstructorAccessorImpl.newInstance(NativeConstructorAccessorImpl.java:62)
	at sun.reflect.DelegatingConstructorAccessorImpl.newInstance(DelegatingConstructorAccessorImpl.java:45)
	at java.lang.reflect.Constructor.newInstance(Constructor.java:423)
	at com.mysql.jdbc.Util.handleNewInstance(Util.java:425)
	at com.mysql.jdbc.Util.getInstance(Util.java:408)
	at com.mysql.jdbc.SQLError.createSQLException(SQLError.java:944)
	at com.mysql.jdbc.MysqlIO.checkErrorPacket(MysqlIO.java:3976)
	at com.mysql.jdbc.MysqlIO.checkErrorPacket(MysqlIO.java:3912)
	at com.mysql.jdbc.MysqlIO.sendCommand(MysqlIO.java:2530)
	at com.mysql.jdbc.MysqlIO.sqlQueryDirect(MysqlIO.java:2683)
	at com.mysql.jdbc.ConnectionImpl.execSQL(ConnectionImpl.java:2486)
	at com.mysql.jdbc.PreparedStatement.executeInternal(PreparedStatement.java:1858)
	at com.mysql.jdbc.PreparedStatement.execute(PreparedStatement.java:1197)
	at com.zaxxer.hikari.pool.ProxyPreparedStatement.execute(ProxyPreparedStatement.java:44)
	at com.zaxxer.hikari.pool.HikariProxyPreparedStatement.execute(HikariProxyPreparedStatement.java)
	at org.apache.ibatis.executor.statement.PreparedStatementHandler.query(PreparedStatementHandler.java:63)
	at org.apache.ibatis.executor.statement.RoutingStatementHandler.query(RoutingStatementHandler.java:79)
	at org.apache.ibatis.executor.SimpleExecutor.doQuery(SimpleExecutor.java:63)
	at org.apache.ibatis.executor.BaseExecutor.queryFromDatabase(BaseExecutor.java:325)
	at org.apache.ibatis.executor.BaseExecutor.query(BaseExecutor.java:156)
	at org.apache.ibatis.executor.CachingExecutor.query(CachingExecutor.java:109)
	at org.apache.ibatis.executor.CachingExecutor.query(CachingExecutor.java:83)
	at org.apache.ibatis.session.defaults.DefaultSqlSession.selectList(DefaultSqlSession.java:148)
	at org.apache.ibatis.session.defaults.DefaultSqlSession.selectList(DefaultSqlSession.java:141)
	at sun.reflect.NativeMethodAccessorImpl.invoke0(Native Method)
	at sun.reflect.NativeMethodAccessorImpl.invoke(NativeMethodAccessorImpl.java:62)
	at sun.reflect.DelegatingMethodAccessorImpl.invoke(DelegatingMethodAccessorImpl.java:43)
	at java.lang.reflect.Method.invoke(Method.java:498)
	at org.mybatis.spring.SqlSessionTemplate$SqlSessionInterceptor.invoke(SqlSessionTemplate.java:434)
	... 51 common frames omitted
2022-11-07 15:05:47.495 [,] [http-nio-8081-exec-6] INFO  c.s.p.c.ProjectController - [productAllDetail,1077] - ProjectController/productProDetail, 零件加工生产详情查询失败
2022-11-07 15:05:47.529 [,] [http-nio-8081-exec-6] INFO  c.s.p.c.ProjectController - [productProjectWeb,1050] - ProjectController/productProjectWeb, product:[]
2022-11-07 15:05:47.975 [,] [http-nio-8081-exec-6] INFO  c.s.p.s.ProjectService - [assembleDetail,802] - 查询失败
org.springframework.jdbc.BadSqlGrammarException: 
### Error querying database.  Cause: com.mysql.jdbc.exceptions.jdbc4.MySQLSyntaxErrorException: Table 'pms.pro_assembling' doesn't exist
### The error may exist in com/shark/project/mapper/AssemblingMapping.java (best guess)
### The error may involve defaultParameterMap
### The error occurred while setting parameters
### SQL: select * from `pro_assembling`
### Cause: com.mysql.jdbc.exceptions.jdbc4.MySQLSyntaxErrorException: Table 'pms.pro_assembling' doesn't exist
; bad SQL grammar []; nested exception is com.mysql.jdbc.exceptions.jdbc4.MySQLSyntaxErrorException: Table 'pms.pro_assembling' doesn't exist
	at org.springframework.jdbc.support.SQLErrorCodeSQLExceptionTranslator.doTranslate(SQLErrorCodeSQLExceptionTranslator.java:239)
	at org.springframework.jdbc.support.AbstractFallbackSQLExceptionTranslator.translate(AbstractFallbackSQLExceptionTranslator.java:72)
	at org.mybatis.spring.MyBatisExceptionTranslator.translateExceptionIfPossible(MyBatisExceptionTranslator.java:75)
	at org.mybatis.spring.SqlSessionTemplate$SqlSessionInterceptor.invoke(SqlSessionTemplate.java:447)
	at com.sun.proxy.$Proxy53.selectList(Unknown Source)
	at org.mybatis.spring.SqlSessionTemplate.selectList(SqlSessionTemplate.java:231)
	at org.apache.ibatis.binding.MapperMethod.executeForMany(MapperMethod.java:128)
	at org.apache.ibatis.binding.MapperMethod.execute(MapperMethod.java:68)
	at org.apache.ibatis.binding.MapperProxy.invoke(MapperProxy.java:53)
	at com.sun.proxy.$Proxy73.getAllOut(Unknown Source)
	at com.shark.project.service.ProjectService.assembleDetail(ProjectService.java:782)
	at com.shark.project.controller.ProjectController.assemblingDetail(ProjectController.java:1184)
	at com.shark.project.controller.ProjectController.allDetail(ProjectController.java:1244)
	at sun.reflect.NativeMethodAccessorImpl.invoke0(Native Method)
	at sun.reflect.NativeMethodAccessorImpl.invoke(NativeMethodAccessorImpl.java:62)
	at sun.reflect.DelegatingMethodAccessorImpl.invoke(DelegatingMethodAccessorImpl.java:43)
	at java.lang.reflect.Method.invoke(Method.java:498)
	at org.springframework.web.method.support.InvocableHandlerMethod.doInvoke(InvocableHandlerMethod.java:190)
	at org.springframework.web.method.support.InvocableHandlerMethod.invokeForRequest(InvocableHandlerMethod.java:138)
	at org.springframework.web.servlet.mvc.method.annotation.ServletInvocableHandlerMethod.invokeAndHandle(ServletInvocableHandlerMethod.java:105)
	at org.springframework.web.servlet.mvc.method.annotation.RequestMappingHandlerAdapter.invokeHandlerMethod(RequestMappingHandlerAdapter.java:878)
	at org.springframework.web.servlet.mvc.method.annotation.RequestMappingHandlerAdapter.handleInternal(RequestMappingHandlerAdapter.java:792)
	at org.springframework.web.servlet.mvc.method.AbstractHandlerMethodAdapter.handle(AbstractHandlerMethodAdapter.java:87)
	at org.springframework.web.servlet.DispatcherServlet.doDispatch(DispatcherServlet.java:1040)
	at org.springframework.web.servlet.DispatcherServlet.doService(DispatcherServlet.java:943)
	at org.springframework.web.servlet.FrameworkServlet.processRequest(FrameworkServlet.java:1006)
	at org.springframework.web.servlet.FrameworkServlet.doGet(FrameworkServlet.java:898)
	at javax.servlet.http.HttpServlet.service(HttpServlet.java:626)
	at org.springframework.web.servlet.FrameworkServlet.service(FrameworkServlet.java:883)
	at javax.servlet.http.HttpServlet.service(HttpServlet.java:733)
	at org.apache.catalina.core.ApplicationFilterChain.internalDoFilter(ApplicationFilterChain.java:231)
	at org.apache.catalina.core.ApplicationFilterChain.doFilter(ApplicationFilterChain.java:166)
	at org.apache.tomcat.websocket.server.WsFilter.doFilter(WsFilter.java:53)
	at org.apache.catalina.core.ApplicationFilterChain.internalDoFilter(ApplicationFilterChain.java:193)
	at org.apache.catalina.core.ApplicationFilterChain.doFilter(ApplicationFilterChain.java:166)
	at org.springframework.web.filter.CharacterEncodingFilter.doFilterInternal(CharacterEncodingFilter.java:201)
	at org.springframework.web.filter.OncePerRequestFilter.doFilter(OncePerRequestFilter.java:119)
	at org.apache.catalina.core.ApplicationFilterChain.internalDoFilter(ApplicationFilterChain.java:193)
	at org.apache.catalina.core.ApplicationFilterChain.doFilter(ApplicationFilterChain.java:166)
	at org.apache.catalina.core.StandardWrapperValve.invoke(StandardWrapperValve.java:202)
	at org.apache.catalina.core.StandardContextValve.invoke(StandardContextValve.java:97)
	at org.apache.catalina.authenticator.AuthenticatorBase.invoke(AuthenticatorBase.java:541)
	at org.apache.catalina.core.StandardHostValve.invoke(StandardHostValve.java:143)
	at org.apache.catalina.valves.ErrorReportValve.invoke(ErrorReportValve.java:92)
	at org.apache.catalina.core.StandardEngineValve.invoke(StandardEngineValve.java:78)
	at org.apache.catalina.connector.CoyoteAdapter.service(CoyoteAdapter.java:343)
	at org.apache.coyote.http11.Http11Processor.service(Http11Processor.java:374)
	at org.apache.coyote.AbstractProcessorLight.process(AbstractProcessorLight.java:65)
	at org.apache.coyote.AbstractProtocol$ConnectionHandler.process(AbstractProtocol.java:868)
	at org.apache.tomcat.util.net.NioEndpoint$SocketProcessor.doRun(NioEndpoint.java:1590)
	at org.apache.tomcat.util.net.SocketProcessorBase.run(SocketProcessorBase.java:49)
	at java.util.concurrent.ThreadPoolExecutor.runWorker(ThreadPoolExecutor.java:1149)
	at java.util.concurrent.ThreadPoolExecutor$Worker.run(ThreadPoolExecutor.java:624)
	at org.apache.tomcat.util.threads.TaskThread$WrappingRunnable.run(TaskThread.java:61)
	at java.lang.Thread.run(Thread.java:748)
Caused by: com.mysql.jdbc.exceptions.jdbc4.MySQLSyntaxErrorException: Table 'pms.pro_assembling' doesn't exist
	at sun.reflect.NativeConstructorAccessorImpl.newInstance0(Native Method)
	at sun.reflect.NativeConstructorAccessorImpl.newInstance(NativeConstructorAccessorImpl.java:62)
	at sun.reflect.DelegatingConstructorAccessorImpl.newInstance(DelegatingConstructorAccessorImpl.java:45)
	at java.lang.reflect.Constructor.newInstance(Constructor.java:423)
	at com.mysql.jdbc.Util.handleNewInstance(Util.java:425)
	at com.mysql.jdbc.Util.getInstance(Util.java:408)
	at com.mysql.jdbc.SQLError.createSQLException(SQLError.java:944)
	at com.mysql.jdbc.MysqlIO.checkErrorPacket(MysqlIO.java:3976)
	at com.mysql.jdbc.MysqlIO.checkErrorPacket(MysqlIO.java:3912)
	at com.mysql.jdbc.MysqlIO.sendCommand(MysqlIO.java:2530)
	at com.mysql.jdbc.MysqlIO.sqlQueryDirect(MysqlIO.java:2683)
	at com.mysql.jdbc.ConnectionImpl.execSQL(ConnectionImpl.java:2486)
	at com.mysql.jdbc.PreparedStatement.executeInternal(PreparedStatement.java:1858)
	at com.mysql.jdbc.PreparedStatement.execute(PreparedStatement.java:1197)
	at com.zaxxer.hikari.pool.ProxyPreparedStatement.execute(ProxyPreparedStatement.java:44)
	at com.zaxxer.hikari.pool.HikariProxyPreparedStatement.execute(HikariProxyPreparedStatement.java)
	at org.apache.ibatis.executor.statement.PreparedStatementHandler.query(PreparedStatementHandler.java:63)
	at org.apache.ibatis.executor.statement.RoutingStatementHandler.query(RoutingStatementHandler.java:79)
	at org.apache.ibatis.executor.SimpleExecutor.doQuery(SimpleExecutor.java:63)
	at org.apache.ibatis.executor.BaseExecutor.queryFromDatabase(BaseExecutor.java:325)
	at org.apache.ibatis.executor.BaseExecutor.query(BaseExecutor.java:156)
	at org.apache.ibatis.executor.CachingExecutor.query(CachingExecutor.java:109)
	at org.apache.ibatis.executor.CachingExecutor.query(CachingExecutor.java:83)
	at org.apache.ibatis.session.defaults.DefaultSqlSession.selectList(DefaultSqlSession.java:148)
	at org.apache.ibatis.session.defaults.DefaultSqlSession.selectList(DefaultSqlSession.java:141)
	at sun.reflect.NativeMethodAccessorImpl.invoke0(Native Method)
	at sun.reflect.NativeMethodAccessorImpl.invoke(NativeMethodAccessorImpl.java:62)
	at sun.reflect.DelegatingMethodAccessorImpl.invoke(DelegatingMethodAccessorImpl.java:43)
	at java.lang.reflect.Method.invoke(Method.java:498)
	at org.mybatis.spring.SqlSessionTemplate$SqlSessionInterceptor.invoke(SqlSessionTemplate.java:434)
	... 51 common frames omitted
2022-11-07 15:05:47.976 [,] [http-nio-8081-exec-6] INFO  c.s.p.c.ProjectController - [assemblingDetail,1186] - ProjectController/assembleDetail, 装配详情查询失败
2022-11-07 15:05:48.088 [,] [http-nio-8081-exec-6] INFO  c.s.p.c.ProjectController - [assembleProjectWeb,1169] - ProjectController/assembleProjectWeb, assemble:[]
2022-11-07 15:05:55.917 [,] [http-nio-8081-exec-9] INFO  c.s.p.s.RequestService - [downloadFile,157] - 下载成功
2022-11-07 15:06:37.594 [,] [http-nio-8081-exec-7] INFO  c.s.p.c.SignController - [sign,37] - SigntController/sign, 签订记录成功
2022-11-07 15:06:37.967 [,] [http-nio-8081-exec-7] INFO  c.s.p.c.ProjectController - [sign,379] - ProjectController/sign, 项目签订成功
2022-11-07 15:06:39.128 [,] [http-nio-8081-exec-10] INFO  c.s.b.BaseController - [pms,52] - BaseController/pms, 本次登录用户:admin
2022-11-07 15:06:39.918 [,] [http-nio-8081-exec-10] INFO  c.s.b.util.BaseUtil - [toIndex,51] - BaseController/pms, pending:[]
2022-11-07 15:06:39.918 [,] [http-nio-8081-exec-10] INFO  c.s.b.util.BaseUtil - [toIndex,53] - BaseController/pms, processing:[{"companyName":"0706","name":"lbx001","statusName":"项目设计中","submitTime":1667804658000}]
2022-11-07 15:06:39.919 [,] [http-nio-8081-exec-10] INFO  c.s.b.util.BaseUtil - [toIndex,55] - BaseController/pms, finished:[]
2022-11-07 15:37:55.898 [,] [http-nio-8081-exec-7] INFO  c.s.b.BaseController - [pms,52] - BaseController/pms, 本次登录用户:admin
2022-11-07 15:38:42.939 [,] [http-nio-8081-exec-4] INFO  c.s.b.BaseController - [pms,52] - BaseController/pms, 本次登录用户:admin
2022-11-07 15:39:03.596 [,] [SpringContextShutdownHook] INFO  c.z.h.HikariDataSource - [close,350] - HikariPool-1 - Shutdown initiated...
2022-11-07 15:39:24.812 [,] [background-preinit] INFO  o.h.v.i.util.Version - [<clinit>,21] - HV000001: Hibernate Validator 6.0.20.Final
2022-11-07 15:39:32.119 [,] [SpringContextShutdownHook] INFO  c.z.h.HikariDataSource - [close,352] - HikariPool-1 - Shutdown completed.
2022-11-07 15:39:34.913 [,] [main] INFO  com.shark.PMSapp - [logStarting,55] - Starting PMSapp on luanbaixiangdeMacBook-Air.local with PID 20993 (/Users/lb/Downloads/shark/PMS-final/PMS/target/classes started by lb in /Users/lb/Downloads/shark/PMS-final/PMS)
2022-11-07 15:39:34.915 [,] [main] INFO  com.shark.PMSapp - [logStartupProfileInfo,651] - No active profile set, falling back to default profiles: default
2022-11-07 15:39:37.451 [,] [main] INFO  o.a.c.h.Http11NioProtocol - [log,173] - Initializing ProtocolHandler ["http-nio-8081"]
2022-11-07 15:39:37.452 [,] [main] INFO  o.a.c.c.StandardService - [log,173] - Starting service [Tomcat]
2022-11-07 15:39:37.452 [,] [main] INFO  o.a.c.c.StandardEngine - [log,173] - Starting Servlet engine: [Apache Tomcat/9.0.38]
2022-11-07 15:39:37.691 [,] [main] INFO  o.a.c.c.C.[.[.[/] - [log,173] - Initializing Spring embedded WebApplicationContext
2022-11-07 15:39:39.824 [,] [main] INFO  o.a.c.h.Http11NioProtocol - [log,173] - Starting ProtocolHandler ["http-nio-8081"]
2022-11-07 15:39:39.879 [,] [main] INFO  com.shark.PMSapp - [logStarted,61] - Started PMSapp in 25.638 seconds (JVM running for 26.542)
2022-11-07 15:39:44.201 [,] [http-nio-8081-exec-1] INFO  o.a.c.c.C.[.[.[/] - [log,173] - Initializing Spring DispatcherServlet 'dispatcherServlet'
2022-11-07 15:39:44.260 [,] [http-nio-8081-exec-1] INFO  c.s.b.BaseController - [pms,52] - BaseController/pms, 本次登录用户:admin
2022-11-07 15:39:44.293 [,] [http-nio-8081-exec-1] INFO  c.z.h.HikariDataSource - [getConnection,110] - HikariPool-1 - Starting...
2022-11-07 15:40:14.324 [,] [http-nio-8081-exec-2] INFO  c.s.b.BaseController - [pms,52] - BaseController/pms, 本次登录用户:admin
2022-11-07 15:40:15.542 [,] [http-nio-8081-exec-2] INFO  c.z.h.HikariDataSource - [getConnection,110] - HikariPool-1 - Starting...
2022-11-07 15:41:02.867 [,] [http-nio-8081-exec-4] INFO  c.s.b.BaseController - [pms,52] - BaseController/pms, 本次登录用户:admin
2022-11-07 15:41:02.868 [,] [http-nio-8081-exec-4] INFO  c.z.h.HikariDataSource - [getConnection,110] - HikariPool-1 - Starting...
2022-11-07 15:41:03.778 [,] [http-nio-8081-exec-4] INFO  c.z.h.HikariDataSource - [getConnection,123] - HikariPool-1 - Start completed.
2022-11-07 15:41:04.284 [,] [http-nio-8081-exec-4] INFO  c.s.b.util.BaseUtil - [toIndex,51] - BaseController/pms, pending:[]
2022-11-07 15:41:04.318 [,] [http-nio-8081-exec-4] INFO  c.s.b.util.BaseUtil - [toIndex,53] - BaseController/pms, processing:[{"companyName":"0706","name":"lbx001","statusName":"项目设计中","submitTime":1667804658000}]
2022-11-07 15:41:04.319 [,] [http-nio-8081-exec-4] INFO  c.s.b.util.BaseUtil - [toIndex,55] - BaseController/pms, finished:[]
2022-11-07 15:41:08.190 [,] [http-nio-8081-exec-3] INFO  c.s.p.s.d.StaffListService - [getEleEngineer,77] - StaffListService, eleEngineer:[]
2022-11-07 15:41:08.265 [,] [http-nio-8081-exec-3] INFO  c.s.p.s.d.StaffListService - [getSofEngineer,95] - StaffListService, sofEngineer:[]
2022-11-07 15:41:08.324 [,] [http-nio-8081-exec-3] INFO  c.s.p.s.d.StaffListService - [getMecEngineer,59] - StaffListService, mecEngineer:[]
2022-11-07 15:41:08.379 [,] [http-nio-8081-exec-3] INFO  c.s.p.s.d.StaffListService - [getEleEngineerNoBusy,203] - StaffListService, eleEngineerNoBusy:[]
2022-11-07 15:41:08.476 [,] [http-nio-8081-exec-3] INFO  c.s.p.s.d.StaffListService - [getSofEngineerNoBusy,254] - StaffListService, sofEngineerNoBusy:[]
2022-11-07 15:41:08.524 [,] [http-nio-8081-exec-3] INFO  c.s.p.s.d.StaffListService - [getMecEngineerNoBusy,150] - StaffListService, mecEngineerNoBusy:[]
2022-11-07 15:41:26.511 [,] [http-nio-8081-exec-4] INFO  c.s.b.BaseController - [pms,52] - BaseController/pms, 本次登录用户:admin
2022-11-07 15:41:26.840 [,] [http-nio-8081-exec-4] INFO  c.s.b.util.BaseUtil - [toIndex,51] - BaseController/pms, pending:[]
2022-11-07 15:41:26.841 [,] [http-nio-8081-exec-4] INFO  c.s.b.util.BaseUtil - [toIndex,53] - BaseController/pms, processing:[{"companyName":"0706","name":"lbx001","statusName":"项目设计中","submitTime":1667804658000}]
2022-11-07 15:41:26.842 [,] [http-nio-8081-exec-4] INFO  c.s.b.util.BaseUtil - [toIndex,55] - BaseController/pms, finished:[]
2022-11-07 15:48:54.966 [,] [http-nio-8081-exec-7] INFO  c.s.p.s.d.StaffListService - [getEleEngineer,77] - StaffListService, eleEngineer:[]
2022-11-07 15:48:55.042 [,] [http-nio-8081-exec-7] INFO  c.s.p.s.d.StaffListService - [getSofEngineer,95] - StaffListService, sofEngineer:[]
2022-11-07 15:48:55.134 [,] [http-nio-8081-exec-7] INFO  c.s.p.s.d.StaffListService - [getMecEngineer,59] - StaffListService, mecEngineer:[]
2022-11-07 15:48:55.203 [,] [http-nio-8081-exec-7] INFO  c.s.p.s.d.StaffListService - [getEleEngineerNoBusy,203] - StaffListService, eleEngineerNoBusy:[]
2022-11-07 15:48:55.284 [,] [http-nio-8081-exec-7] INFO  c.s.p.s.d.StaffListService - [getSofEngineerNoBusy,254] - StaffListService, sofEngineerNoBusy:[]
2022-11-07 15:48:55.353 [,] [http-nio-8081-exec-7] INFO  c.s.p.s.d.StaffListService - [getMecEngineerNoBusy,150] - StaffListService, mecEngineerNoBusy:[]
2022-11-07 15:51:22.309 [,] [http-nio-8081-exec-6] INFO  c.s.p.s.d.StaffListService - [getEleEngineer,77] - StaffListService, eleEngineer:["电气设计师","电气设计师01"]
2022-11-07 15:51:22.373 [,] [http-nio-8081-exec-6] INFO  c.s.p.s.d.StaffListService - [getSofEngineer,95] - StaffListService, sofEngineer:["软件设计师"]
2022-11-07 15:51:22.444 [,] [http-nio-8081-exec-6] INFO  c.s.p.s.d.StaffListService - [getMecEngineer,59] - StaffListService, mecEngineer:["机械设计师"]
2022-11-07 15:53:22.806 [,] [http-nio-8081-exec-6] INFO  c.s.b.BaseController - [pms,52] - BaseController/pms, 本次登录用户:admin
2022-11-07 15:53:23.116 [,] [http-nio-8081-exec-6] INFO  c.s.b.util.BaseUtil - [toIndex,51] - BaseController/pms, pending:[]
2022-11-07 15:53:23.116 [,] [http-nio-8081-exec-6] INFO  c.s.b.util.BaseUtil - [toIndex,53] - BaseController/pms, processing:[{"companyName":"0706","name":"lbx001","statusName":"项目设计中","submitTime":1667804658000}]
2022-11-07 15:53:23.117 [,] [http-nio-8081-exec-6] INFO  c.s.b.util.BaseUtil - [toIndex,55] - BaseController/pms, finished:[]
2022-11-07 15:53:25.599 [,] [http-nio-8081-exec-4] INFO  c.s.p.s.d.StaffListService - [getEleEngineer,77] - StaffListService, eleEngineer:[]
2022-11-07 15:53:25.653 [,] [http-nio-8081-exec-4] INFO  c.s.p.s.d.StaffListService - [getSofEngineer,95] - StaffListService, sofEngineer:[]
2022-11-07 15:53:25.721 [,] [http-nio-8081-exec-4] INFO  c.s.p.s.d.StaffListService - [getMecEngineer,59] - StaffListService, mecEngineer:["机械设计师"]
2022-11-07 15:53:25.763 [,] [http-nio-8081-exec-4] INFO  c.s.p.s.d.StaffListService - [getEleEngineerNoBusy,203] - StaffListService, eleEngineerNoBusy:[]
2022-11-07 15:53:25.828 [,] [http-nio-8081-exec-4] INFO  c.s.p.s.d.StaffListService - [getSofEngineerNoBusy,254] - StaffListService, sofEngineerNoBusy:[]
2022-11-07 15:53:39.437 [,] [http-nio-8081-exec-5] INFO  c.s.b.BaseController - [pms,52] - BaseController/pms, 本次登录用户:admin
2022-11-07 15:53:39.706 [,] [http-nio-8081-exec-5] INFO  c.s.b.util.BaseUtil - [toIndex,51] - BaseController/pms, pending:[]
2022-11-07 15:53:39.706 [,] [http-nio-8081-exec-5] INFO  c.s.b.util.BaseUtil - [toIndex,53] - BaseController/pms, processing:[{"companyName":"0706","name":"lbx001","statusName":"项目设计中","submitTime":1667804658000}]
2022-11-07 15:53:39.707 [,] [http-nio-8081-exec-5] INFO  c.s.b.util.BaseUtil - [toIndex,55] - BaseController/pms, finished:[]
2022-11-07 15:54:01.133 [,] [http-nio-8081-exec-9] INFO  c.s.p.s.d.StaffListService - [getEleEngineer,77] - StaffListService, eleEngineer:["电气设计师"]
2022-11-07 15:54:01.189 [,] [http-nio-8081-exec-9] INFO  c.s.p.s.d.StaffListService - [getSofEngineer,95] - StaffListService, sofEngineer:["软件设计师"]
2022-11-07 15:54:01.266 [,] [http-nio-8081-exec-9] INFO  c.s.p.s.d.StaffListService - [getMecEngineer,59] - StaffListService, mecEngineer:["机械设计师"]
2022-11-07 15:56:26.172 [,] [http-nio-8081-exec-9] INFO  c.s.b.BaseController - [pms,52] - BaseController/pms, 本次登录用户:admin
2022-11-07 15:56:26.451 [,] [http-nio-8081-exec-9] INFO  c.s.b.util.BaseUtil - [toIndex,51] - BaseController/pms, pending:[]
2022-11-07 15:56:26.452 [,] [http-nio-8081-exec-9] INFO  c.s.b.util.BaseUtil - [toIndex,53] - BaseController/pms, processing:[{"companyName":"0706","name":"lbx001","statusName":"项目设计中","submitTime":1667804658000}]
2022-11-07 15:56:26.453 [,] [http-nio-8081-exec-9] INFO  c.s.b.util.BaseUtil - [toIndex,55] - BaseController/pms, finished:[]
2022-11-07 15:56:28.310 [,] [http-nio-8081-exec-9] INFO  c.s.p.s.d.StaffListService - [getEleEngineer,77] - StaffListService, eleEngineer:[]
2022-11-07 15:56:28.358 [,] [http-nio-8081-exec-9] INFO  c.s.p.s.d.StaffListService - [getSofEngineer,95] - StaffListService, sofEngineer:[]
2022-11-07 15:56:28.403 [,] [http-nio-8081-exec-9] INFO  c.s.p.s.d.StaffListService - [getMecEngineer,59] - StaffListService, mecEngineer:[]
2022-11-07 15:56:28.445 [,] [http-nio-8081-exec-9] INFO  c.s.p.s.d.StaffListService - [getEleEngineerNoBusy,203] - StaffListService, eleEngineerNoBusy:[]
2022-11-07 15:56:28.498 [,] [http-nio-8081-exec-9] INFO  c.s.p.s.d.StaffListService - [getSofEngineerNoBusy,254] - StaffListService, sofEngineerNoBusy:[]
2022-11-07 15:56:28.555 [,] [http-nio-8081-exec-9] INFO  c.s.p.s.d.StaffListService - [getMecEngineerNoBusy,150] - StaffListService, mecEngineerNoBusy:[]
2022-11-07 15:57:44.307 [,] [http-nio-8081-exec-9] INFO  c.s.p.s.d.StaffListService - [getEleEngineer,77] - StaffListService, eleEngineer:[]
2022-11-07 15:57:44.360 [,] [http-nio-8081-exec-9] INFO  c.s.p.s.d.StaffListService - [getSofEngineer,95] - StaffListService, sofEngineer:[]
2022-11-07 15:57:44.410 [,] [http-nio-8081-exec-9] INFO  c.s.p.s.d.StaffListService - [getMecEngineer,59] - StaffListService, mecEngineer:["机械设计"]
2022-11-07 15:57:44.467 [,] [http-nio-8081-exec-9] INFO  c.s.p.s.d.StaffListService - [getEleEngineerNoBusy,203] - StaffListService, eleEngineerNoBusy:[]
2022-11-07 15:57:44.520 [,] [http-nio-8081-exec-9] INFO  c.s.p.s.d.StaffListService - [getSofEngineerNoBusy,254] - StaffListService, sofEngineerNoBusy:[]
2022-11-07 15:58:32.224 [,] [http-nio-8081-exec-2] INFO  c.s.b.BaseController - [pms,52] - BaseController/pms, 本次登录用户:admin
2022-11-07 15:58:32.523 [,] [http-nio-8081-exec-2] INFO  c.s.b.util.BaseUtil - [toIndex,51] - BaseController/pms, pending:[]
2022-11-07 15:58:32.523 [,] [http-nio-8081-exec-2] INFO  c.s.b.util.BaseUtil - [toIndex,53] - BaseController/pms, processing:[{"companyName":"0706","name":"lbx001","statusName":"项目设计中","submitTime":1667804658000}]
2022-11-07 15:58:32.524 [,] [http-nio-8081-exec-2] INFO  c.s.b.util.BaseUtil - [toIndex,55] - BaseController/pms, finished:[]
2022-11-07 15:58:34.094 [,] [http-nio-8081-exec-1] INFO  c.s.p.s.d.StaffListService - [getEleEngineer,77] - StaffListService, eleEngineer:[]
2022-11-07 15:58:34.148 [,] [http-nio-8081-exec-1] INFO  c.s.p.s.d.StaffListService - [getSofEngineer,95] - StaffListService, sofEngineer:[]
2022-11-07 15:58:34.207 [,] [http-nio-8081-exec-1] INFO  c.s.p.s.d.StaffListService - [getMecEngineer,59] - StaffListService, mecEngineer:[]
2022-11-07 15:58:34.279 [,] [http-nio-8081-exec-1] INFO  c.s.p.s.d.StaffListService - [getEleEngineerNoBusy,203] - StaffListService, eleEngineerNoBusy:[]
2022-11-07 15:58:34.335 [,] [http-nio-8081-exec-1] INFO  c.s.p.s.d.StaffListService - [getSofEngineerNoBusy,254] - StaffListService, sofEngineerNoBusy:[]
2022-11-07 15:58:34.386 [,] [http-nio-8081-exec-1] INFO  c.s.p.s.d.StaffListService - [getMecEngineerNoBusy,150] - StaffListService, mecEngineerNoBusy:[]
2022-11-07 16:09:19.007 [,] [http-nio-8081-exec-3] INFO  c.s.b.BaseController - [pms,52] - BaseController/pms, 本次登录用户:admin
2022-11-07 16:09:23.991 [,] [http-nio-8081-exec-3] INFO  c.s.b.util.BaseUtil - [toIndex,51] - BaseController/pms, pending:[]
2022-11-07 16:09:23.991 [,] [http-nio-8081-exec-3] INFO  c.s.b.util.BaseUtil - [toIndex,53] - BaseController/pms, processing:[{"companyName":"0706","name":"lbx001","statusName":"项目设计中","submitTime":1667804658000}]
2022-11-07 16:09:23.991 [,] [http-nio-8081-exec-3] INFO  c.s.b.util.BaseUtil - [toIndex,55] - BaseController/pms, finished:[]
2022-11-07 16:37:13.739 [,] [SpringContextShutdownHook] INFO  c.z.h.HikariDataSource - [close,350] - HikariPool-1 - Shutdown initiated...
2022-11-07 16:37:13.754 [,] [SpringContextShutdownHook] INFO  c.z.h.HikariDataSource - [close,352] - HikariPool-1 - Shutdown completed.
2022-11-07 16:37:28.605 [,] [background-preinit] INFO  o.h.v.i.util.Version - [<clinit>,21] - HV000001: Hibernate Validator 6.0.20.Final
2022-11-07 16:37:38.806 [,] [main] INFO  com.shark.PMSapp - [logStarting,55] - Starting PMSapp on luanbaixiangdeMacBook-Air.local with PID 21749 (/Users/lb/Downloads/shark/PMS-final/PMS/target/classes started by lb in /Users/lb/Downloads/shark/PMS-final/PMS)
2022-11-07 16:37:38.809 [,] [main] INFO  com.shark.PMSapp - [logStartupProfileInfo,651] - No active profile set, falling back to default profiles: default
2022-11-07 16:37:43.547 [,] [main] INFO  o.a.c.h.Http11NioProtocol - [log,173] - Initializing ProtocolHandler ["http-nio-8081"]
2022-11-07 16:37:43.548 [,] [main] INFO  o.a.c.c.StandardService - [log,173] - Starting service [Tomcat]
2022-11-07 16:37:43.551 [,] [main] INFO  o.a.c.c.StandardEngine - [log,173] - Starting Servlet engine: [Apache Tomcat/9.0.38]
2022-11-07 16:37:44.172 [,] [main] INFO  o.a.c.c.C.[.[.[/] - [log,173] - Initializing Spring embedded WebApplicationContext
2022-11-07 16:37:49.526 [,] [main] INFO  o.a.c.h.Http11NioProtocol - [log,173] - Starting ProtocolHandler ["http-nio-8081"]
2022-11-07 16:37:49.685 [,] [main] INFO  com.shark.PMSapp - [logStarted,61] - Started PMSapp in 31.938 seconds (JVM running for 33.697)
