2022-10-20 16:41:56.377 [,] [background-preinit] INFO  o.h.v.i.util.Version - [<clinit>,21] - HV000001: Hibernate Validator 6.0.20.Final
2022-10-20 16:41:56.458 [,] [main] INFO  com.shark.PMSapp - [logStarting,55] - Starting PMSapp on DESKTOP-RHK02IA with PID 10952 (C:\Users\98285\Desktop\项目管理系统\PMS0926\target\classes started by 98285 in C:\Users\98285\Desktop\项目管理系统\PMS0926)
2022-10-20 16:41:56.460 [,] [main] INFO  com.shark.PMSapp - [logStartupProfileInfo,651] - No active profile set, falling back to default profiles: default
2022-10-20 16:42:02.137 [,] [main] INFO  o.a.c.h.Http11NioProtocol - [log,173] - Initializing ProtocolHandler ["http-nio-8081"]
2022-10-20 16:42:02.139 [,] [main] INFO  o.a.c.c.StandardService - [log,173] - Starting service [Tomcat]
2022-10-20 16:42:02.140 [,] [main] INFO  o.a.c.c.StandardEngine - [log,173] - Starting Servlet engine: [Apache Tomcat/9.0.38]
2022-10-20 16:42:02.444 [,] [main] INFO  o.a.c.c.C.[.[.[/] - [log,173] - Initializing Spring embedded WebApplicationContext
2022-10-20 16:42:05.273 [,] [main] INFO  o.a.c.h.Http11NioProtocol - [log,173] - Starting ProtocolHandler ["http-nio-8081"]
2022-10-20 16:42:05.477 [,] [main] INFO  com.shark.PMSapp - [logStarted,61] - Started PMSapp in 10.215 seconds (JVM running for 12.231)
2022-10-20 16:42:16.621 [,] [http-nio-8081-exec-1] INFO  o.a.c.c.C.[.[.[/] - [log,173] - Initializing Spring DispatcherServlet 'dispatcherServlet'
2022-10-20 16:42:16.712 [,] [http-nio-8081-exec-1] INFO  c.s.b.BaseController - [pms,60] - 192.168.31.1
2022-10-20 16:44:22.474 [,] [background-preinit] INFO  o.h.v.i.util.Version - [<clinit>,21] - HV000001: Hibernate Validator 6.0.20.Final
2022-10-20 16:44:22.594 [,] [main] INFO  com.shark.PMSapp - [logStarting,55] - Starting PMSapp on DESKTOP-RHK02IA with PID 8748 (C:\Users\98285\Desktop\项目管理系统\PMS0926\target\classes started by 98285 in C:\Users\98285\Desktop\项目管理系统\PMS0926)
2022-10-20 16:44:22.596 [,] [main] INFO  com.shark.PMSapp - [logStartupProfileInfo,651] - No active profile set, falling back to default profiles: default
2022-10-20 16:44:26.839 [,] [main] INFO  o.a.c.h.Http11NioProtocol - [log,173] - Initializing ProtocolHandler ["http-nio-8081"]
2022-10-20 16:44:26.840 [,] [main] INFO  o.a.c.c.StandardService - [log,173] - Starting service [Tomcat]
2022-10-20 16:44:26.841 [,] [main] INFO  o.a.c.c.StandardEngine - [log,173] - Starting Servlet engine: [Apache Tomcat/9.0.38]
2022-10-20 16:44:27.153 [,] [main] INFO  o.a.c.c.C.[.[.[/] - [log,173] - Initializing Spring embedded WebApplicationContext
2022-10-20 16:44:30.037 [,] [main] INFO  o.a.c.h.Http11NioProtocol - [log,173] - Starting ProtocolHandler ["http-nio-8081"]
2022-10-20 16:44:30.171 [,] [main] INFO  com.shark.PMSapp - [logStarted,61] - Started PMSapp in 8.661 seconds (JVM running for 10.491)
2022-10-20 16:44:34.412 [,] [http-nio-8081-exec-1] INFO  o.a.c.c.C.[.[.[/] - [log,173] - Initializing Spring DispatcherServlet 'dispatcherServlet'
2022-10-20 16:44:34.511 [,] [http-nio-8081-exec-1] INFO  c.s.b.BaseController - [pms,60] - 192.168.31.1
2022-10-20 16:46:11.857 [,] [background-preinit] INFO  o.h.v.i.util.Version - [<clinit>,21] - HV000001: Hibernate Validator 6.0.20.Final
2022-10-20 16:46:11.949 [,] [main] INFO  com.shark.PMSapp - [logStarting,55] - Starting PMSapp on DESKTOP-RHK02IA with PID 1404 (C:\Users\98285\Desktop\项目管理系统\PMS0926\target\classes started by 98285 in C:\Users\98285\Desktop\项目管理系统\PMS0926)
2022-10-20 16:46:11.955 [,] [main] INFO  com.shark.PMSapp - [logStartupProfileInfo,651] - No active profile set, falling back to default profiles: default
2022-10-20 16:46:16.088 [,] [main] INFO  o.a.c.h.Http11NioProtocol - [log,173] - Initializing ProtocolHandler ["http-nio-8081"]
2022-10-20 16:46:16.089 [,] [main] INFO  o.a.c.c.StandardService - [log,173] - Starting service [Tomcat]
2022-10-20 16:46:16.090 [,] [main] INFO  o.a.c.c.StandardEngine - [log,173] - Starting Servlet engine: [Apache Tomcat/9.0.38]
2022-10-20 16:46:16.350 [,] [main] INFO  o.a.c.c.C.[.[.[/] - [log,173] - Initializing Spring embedded WebApplicationContext
2022-10-20 16:46:18.803 [,] [main] INFO  o.a.c.h.Http11NioProtocol - [log,173] - Starting ProtocolHandler ["http-nio-8081"]
2022-10-20 16:46:18.939 [,] [main] INFO  com.shark.PMSapp - [logStarted,61] - Started PMSapp in 8.016 seconds (JVM running for 9.865)
2022-10-20 16:46:22.559 [,] [http-nio-8081-exec-1] INFO  o.a.c.c.C.[.[.[/] - [log,173] - Initializing Spring DispatcherServlet 'dispatcherServlet'
2022-10-20 16:46:22.655 [,] [http-nio-8081-exec-1] INFO  c.s.b.BaseController - [pms,60] - 192.168.31.1
2022-10-20 16:49:24.492 [,] [background-preinit] INFO  o.h.v.i.util.Version - [<clinit>,21] - HV000001: Hibernate Validator 6.0.20.Final
2022-10-20 16:49:24.591 [,] [main] INFO  com.shark.PMSapp - [logStarting,55] - Starting PMSapp on DESKTOP-RHK02IA with PID 12852 (C:\Users\98285\Desktop\项目管理系统\PMS0926\target\classes started by 98285 in C:\Users\98285\Desktop\项目管理系统\PMS0926)
2022-10-20 16:49:24.594 [,] [main] INFO  com.shark.PMSapp - [logStartupProfileInfo,651] - No active profile set, falling back to default profiles: default
2022-10-20 16:49:28.570 [,] [main] INFO  o.a.c.h.Http11NioProtocol - [log,173] - Initializing ProtocolHandler ["http-nio-8081"]
2022-10-20 16:49:28.573 [,] [main] INFO  o.a.c.c.StandardService - [log,173] - Starting service [Tomcat]
2022-10-20 16:49:28.575 [,] [main] INFO  o.a.c.c.StandardEngine - [log,173] - Starting Servlet engine: [Apache Tomcat/9.0.38]
2022-10-20 16:49:28.913 [,] [main] INFO  o.a.c.c.C.[.[.[/] - [log,173] - Initializing Spring embedded WebApplicationContext
2022-10-20 16:49:31.531 [,] [main] INFO  o.a.c.h.Http11NioProtocol - [log,173] - Starting ProtocolHandler ["http-nio-8081"]
2022-10-20 16:49:31.674 [,] [main] INFO  com.shark.PMSapp - [logStarted,61] - Started PMSapp in 8.286 seconds (JVM running for 10.22)
2022-10-20 16:49:35.123 [,] [http-nio-8081-exec-3] INFO  o.a.c.c.C.[.[.[/] - [log,173] - Initializing Spring DispatcherServlet 'dispatcherServlet'
2022-10-20 16:49:46.563 [,] [http-nio-8081-exec-7] INFO  c.s.b.BaseController - [pms,60] - 192.168.31.1
2022-10-20 16:50:41.895 [,] [background-preinit] INFO  o.h.v.i.util.Version - [<clinit>,21] - HV000001: Hibernate Validator 6.0.20.Final
2022-10-20 16:50:41.994 [,] [main] INFO  com.shark.PMSapp - [logStarting,55] - Starting PMSapp on DESKTOP-RHK02IA with PID 16156 (C:\Users\98285\Desktop\项目管理系统\PMS0926\target\classes started by 98285 in C:\Users\98285\Desktop\项目管理系统\PMS0926)
2022-10-20 16:50:42.000 [,] [main] INFO  com.shark.PMSapp - [logStartupProfileInfo,651] - No active profile set, falling back to default profiles: default
2022-10-20 16:50:46.635 [,] [main] INFO  o.a.c.h.Http11NioProtocol - [log,173] - Initializing ProtocolHandler ["http-nio-8081"]
2022-10-20 16:50:46.637 [,] [main] INFO  o.a.c.c.StandardService - [log,173] - Starting service [Tomcat]
2022-10-20 16:50:46.639 [,] [main] INFO  o.a.c.c.StandardEngine - [log,173] - Starting Servlet engine: [Apache Tomcat/9.0.38]
2022-10-20 16:50:46.933 [,] [main] INFO  o.a.c.c.C.[.[.[/] - [log,173] - Initializing Spring embedded WebApplicationContext
2022-10-20 16:50:49.522 [,] [main] INFO  o.a.c.h.Http11NioProtocol - [log,173] - Starting ProtocolHandler ["http-nio-8081"]
2022-10-20 16:50:49.666 [,] [main] INFO  com.shark.PMSapp - [logStarted,61] - Started PMSapp in 8.65 seconds (JVM running for 10.431)
2022-10-20 16:50:52.486 [,] [http-nio-8081-exec-1] INFO  o.a.c.c.C.[.[.[/] - [log,173] - Initializing Spring DispatcherServlet 'dispatcherServlet'
2022-10-20 16:55:00.638 [,] [background-preinit] INFO  o.h.v.i.util.Version - [<clinit>,21] - HV000001: Hibernate Validator 6.0.20.Final
2022-10-20 16:55:00.748 [,] [main] INFO  com.shark.PMSapp - [logStarting,55] - Starting PMSapp on DESKTOP-RHK02IA with PID 16204 (C:\Users\98285\Desktop\项目管理系统\PMS0926\target\classes started by 98285 in C:\Users\98285\Desktop\项目管理系统\PMS0926)
2022-10-20 16:55:00.751 [,] [main] INFO  com.shark.PMSapp - [logStartupProfileInfo,651] - No active profile set, falling back to default profiles: default
2022-10-20 16:55:04.800 [,] [main] INFO  o.a.c.h.Http11NioProtocol - [log,173] - Initializing ProtocolHandler ["http-nio-8081"]
2022-10-20 16:55:04.801 [,] [main] INFO  o.a.c.c.StandardService - [log,173] - Starting service [Tomcat]
2022-10-20 16:55:04.802 [,] [main] INFO  o.a.c.c.StandardEngine - [log,173] - Starting Servlet engine: [Apache Tomcat/9.0.38]
2022-10-20 16:55:05.075 [,] [main] INFO  o.a.c.c.C.[.[.[/] - [log,173] - Initializing Spring embedded WebApplicationContext
2022-10-20 16:55:07.658 [,] [main] INFO  o.a.c.h.Http11NioProtocol - [log,173] - Starting ProtocolHandler ["http-nio-8081"]
2022-10-20 16:55:07.817 [,] [main] INFO  com.shark.PMSapp - [logStarted,61] - Started PMSapp in 8.124 seconds (JVM running for 9.896)
2022-10-20 16:55:10.920 [,] [http-nio-8081-exec-1] INFO  o.a.c.c.C.[.[.[/] - [log,173] - Initializing Spring DispatcherServlet 'dispatcherServlet'
2022-10-20 16:55:33.874 [,] [http-nio-8081-exec-8] INFO  c.z.h.HikariDataSource - [getConnection,110] - HikariPool-1 - Starting...
2022-10-20 16:55:36.692 [,] [http-nio-8081-exec-8] INFO  c.z.h.HikariDataSource - [getConnection,123] - HikariPool-1 - Start completed.
2022-10-20 16:55:37.356 [,] [http-nio-8081-exec-8] INFO  c.s.p.s.d.DesignService - [insertDesign,47] - 插入项目设计记录失败
org.springframework.dao.DataIntegrityViolationException: 
### Error updating database.  Cause: com.mysql.jdbc.exceptions.jdbc4.MySQLIntegrityConstraintViolationException: Column 'po_id' cannot be null
### The error may involve com.shark.project.mapper.design.DesignMapping.insert-Inline
### The error occurred while setting parameters
### SQL: INSERT INTO `pro_design` (`po_id`, `sign_id`, `pro_id`, `mec_engineer`, `ele_engineer`, `sof_engineer`, `mec_start_date`, `mec_predict_end_date`, `ele_start_date`, `ele_predict_end_date`,`sof_start_date`, `sof_predict_end_date`) VALUES (?, ?, ?, ?, ?, ?, ?, ?, ?, ?, ?, ?);
### Cause: com.mysql.jdbc.exceptions.jdbc4.MySQLIntegrityConstraintViolationException: Column 'po_id' cannot be null
; Column 'po_id' cannot be null; nested exception is com.mysql.jdbc.exceptions.jdbc4.MySQLIntegrityConstraintViolationException: Column 'po_id' cannot be null
	at org.springframework.jdbc.support.SQLExceptionSubclassTranslator.doTranslate(SQLExceptionSubclassTranslator.java:87)
	at org.springframework.jdbc.support.AbstractFallbackSQLExceptionTranslator.translate(AbstractFallbackSQLExceptionTranslator.java:72)
	at org.springframework.jdbc.support.AbstractFallbackSQLExceptionTranslator.translate(AbstractFallbackSQLExceptionTranslator.java:81)
	at org.mybatis.spring.MyBatisExceptionTranslator.translateExceptionIfPossible(MyBatisExceptionTranslator.java:75)
	at org.mybatis.spring.SqlSessionTemplate$SqlSessionInterceptor.invoke(SqlSessionTemplate.java:447)
	at jdk.proxy2/jdk.proxy2.$Proxy56.insert(Unknown Source)
	at org.mybatis.spring.SqlSessionTemplate.insert(SqlSessionTemplate.java:279)
	at org.apache.ibatis.binding.MapperMethod.execute(MapperMethod.java:56)
	at org.apache.ibatis.binding.MapperProxy.invoke(MapperProxy.java:53)
	at jdk.proxy2/jdk.proxy2.$Proxy71.insert(Unknown Source)
	at com.shark.project.service.design.DesignService.insertDesign(DesignService.java:43)
	at com.shark.project.controller.design.DesignController.design(DesignController.java:35)
	at com.shark.project.controller.ProjectController.design(ProjectController.java:584)
	at java.base/jdk.internal.reflect.NativeMethodAccessorImpl.invoke0(Native Method)
	at java.base/jdk.internal.reflect.NativeMethodAccessorImpl.invoke(NativeMethodAccessorImpl.java:77)
	at java.base/jdk.internal.reflect.DelegatingMethodAccessorImpl.invoke(DelegatingMethodAccessorImpl.java:43)
	at java.base/java.lang.reflect.Method.invoke(Method.java:568)
	at org.springframework.web.method.support.InvocableHandlerMethod.doInvoke(InvocableHandlerMethod.java:190)
	at org.springframework.web.method.support.InvocableHandlerMethod.invokeForRequest(InvocableHandlerMethod.java:138)
	at org.springframework.web.servlet.mvc.method.annotation.ServletInvocableHandlerMethod.invokeAndHandle(ServletInvocableHandlerMethod.java:105)
	at org.springframework.web.servlet.mvc.method.annotation.RequestMappingHandlerAdapter.invokeHandlerMethod(RequestMappingHandlerAdapter.java:878)
	at org.springframework.web.servlet.mvc.method.annotation.RequestMappingHandlerAdapter.handleInternal(RequestMappingHandlerAdapter.java:792)
	at org.springframework.web.servlet.mvc.method.AbstractHandlerMethodAdapter.handle(AbstractHandlerMethodAdapter.java:87)
	at org.springframework.web.servlet.DispatcherServlet.doDispatch(DispatcherServlet.java:1040)
	at org.springframework.web.servlet.DispatcherServlet.doService(DispatcherServlet.java:943)
	at org.springframework.web.servlet.FrameworkServlet.processRequest(FrameworkServlet.java:1006)
	at org.springframework.web.servlet.FrameworkServlet.doGet(FrameworkServlet.java:898)
	at javax.servlet.http.HttpServlet.service(HttpServlet.java:626)
	at org.springframework.web.servlet.FrameworkServlet.service(FrameworkServlet.java:883)
	at javax.servlet.http.HttpServlet.service(HttpServlet.java:733)
	at org.apache.catalina.core.ApplicationFilterChain.internalDoFilter(ApplicationFilterChain.java:231)
	at org.apache.catalina.core.ApplicationFilterChain.doFilter(ApplicationFilterChain.java:166)
	at org.apache.tomcat.websocket.server.WsFilter.doFilter(WsFilter.java:53)
	at org.apache.catalina.core.ApplicationFilterChain.internalDoFilter(ApplicationFilterChain.java:193)
	at org.apache.catalina.core.ApplicationFilterChain.doFilter(ApplicationFilterChain.java:166)
	at org.springframework.web.filter.CharacterEncodingFilter.doFilterInternal(CharacterEncodingFilter.java:201)
	at org.springframework.web.filter.OncePerRequestFilter.doFilter(OncePerRequestFilter.java:119)
	at org.apache.catalina.core.ApplicationFilterChain.internalDoFilter(ApplicationFilterChain.java:193)
	at org.apache.catalina.core.ApplicationFilterChain.doFilter(ApplicationFilterChain.java:166)
	at org.apache.catalina.core.StandardWrapperValve.invoke(StandardWrapperValve.java:202)
	at org.apache.catalina.core.StandardContextValve.invoke(StandardContextValve.java:97)
	at org.apache.catalina.authenticator.AuthenticatorBase.invoke(AuthenticatorBase.java:541)
	at org.apache.catalina.core.StandardHostValve.invoke(StandardHostValve.java:143)
	at org.apache.catalina.valves.ErrorReportValve.invoke(ErrorReportValve.java:92)
	at org.apache.catalina.core.StandardEngineValve.invoke(StandardEngineValve.java:78)
	at org.apache.catalina.connector.CoyoteAdapter.service(CoyoteAdapter.java:343)
	at org.apache.coyote.http11.Http11Processor.service(Http11Processor.java:374)
	at org.apache.coyote.AbstractProcessorLight.process(AbstractProcessorLight.java:65)
	at org.apache.coyote.AbstractProtocol$ConnectionHandler.process(AbstractProtocol.java:868)
	at org.apache.tomcat.util.net.NioEndpoint$SocketProcessor.doRun(NioEndpoint.java:1590)
	at org.apache.tomcat.util.net.SocketProcessorBase.run(SocketProcessorBase.java:49)
	at java.base/java.util.concurrent.ThreadPoolExecutor.runWorker(ThreadPoolExecutor.java:1136)
	at java.base/java.util.concurrent.ThreadPoolExecutor$Worker.run(ThreadPoolExecutor.java:635)
	at org.apache.tomcat.util.threads.TaskThread$WrappingRunnable.run(TaskThread.java:61)
	at java.base/java.lang.Thread.run(Thread.java:833)
Caused by: com.mysql.jdbc.exceptions.jdbc4.MySQLIntegrityConstraintViolationException: Column 'po_id' cannot be null
	at java.base/jdk.internal.reflect.NativeConstructorAccessorImpl.newInstance0(Native Method)
	at java.base/jdk.internal.reflect.NativeConstructorAccessorImpl.newInstance(NativeConstructorAccessorImpl.java:77)
	at java.base/jdk.internal.reflect.DelegatingConstructorAccessorImpl.newInstance(DelegatingConstructorAccessorImpl.java:45)
	at java.base/java.lang.reflect.Constructor.newInstanceWithCaller(Constructor.java:499)
	at java.base/java.lang.reflect.Constructor.newInstance(Constructor.java:480)
	at com.mysql.jdbc.Util.handleNewInstance(Util.java:425)
	at com.mysql.jdbc.Util.getInstance(Util.java:408)
	at com.mysql.jdbc.SQLError.createSQLException(SQLError.java:936)
	at com.mysql.jdbc.MysqlIO.checkErrorPacket(MysqlIO.java:3976)
	at com.mysql.jdbc.MysqlIO.checkErrorPacket(MysqlIO.java:3912)
	at com.mysql.jdbc.MysqlIO.sendCommand(MysqlIO.java:2530)
	at com.mysql.jdbc.MysqlIO.sqlQueryDirect(MysqlIO.java:2683)
	at com.mysql.jdbc.ConnectionImpl.execSQL(ConnectionImpl.java:2486)
	at com.mysql.jdbc.PreparedStatement.executeInternal(PreparedStatement.java:1858)
	at com.mysql.jdbc.PreparedStatement.execute(PreparedStatement.java:1197)
	at com.zaxxer.hikari.pool.ProxyPreparedStatement.execute(ProxyPreparedStatement.java:44)
	at com.zaxxer.hikari.pool.HikariProxyPreparedStatement.execute(HikariProxyPreparedStatement.java)
	at org.apache.ibatis.executor.statement.PreparedStatementHandler.update(PreparedStatementHandler.java:46)
	at org.apache.ibatis.executor.statement.RoutingStatementHandler.update(RoutingStatementHandler.java:74)
	at org.apache.ibatis.executor.SimpleExecutor.doUpdate(SimpleExecutor.java:50)
	at org.apache.ibatis.executor.BaseExecutor.update(BaseExecutor.java:117)
	at org.apache.ibatis.executor.CachingExecutor.update(CachingExecutor.java:76)
	at org.apache.ibatis.session.defaults.DefaultSqlSession.update(DefaultSqlSession.java:198)
	at org.apache.ibatis.session.defaults.DefaultSqlSession.insert(DefaultSqlSession.java:185)
	at java.base/jdk.internal.reflect.NativeMethodAccessorImpl.invoke0(Native Method)
	at java.base/jdk.internal.reflect.NativeMethodAccessorImpl.invoke(NativeMethodAccessorImpl.java:77)
	at java.base/jdk.internal.reflect.DelegatingMethodAccessorImpl.invoke(DelegatingMethodAccessorImpl.java:43)
	at java.base/java.lang.reflect.Method.invoke(Method.java:568)
	at org.mybatis.spring.SqlSessionTemplate$SqlSessionInterceptor.invoke(SqlSessionTemplate.java:434)
	... 50 common frames omitted
2022-10-20 16:55:37.360 [,] [http-nio-8081-exec-8] INFO  c.s.p.c.d.DesignController - [design,41] - DesignController/design, 项目设计记录请求失败
2022-10-20 16:55:37.367 [,] [http-nio-8081-exec-8] INFO  c.s.p.c.ProjectController - [design,586] - ProjectController/design, 项目设计失败
2022-10-20 16:57:38.430 [,] [background-preinit] INFO  o.h.v.i.util.Version - [<clinit>,21] - HV000001: Hibernate Validator 6.0.20.Final
2022-10-20 16:57:38.542 [,] [main] INFO  com.shark.PMSapp - [logStarting,55] - Starting PMSapp on DESKTOP-RHK02IA with PID 13600 (C:\Users\98285\Desktop\项目管理系统\PMS0926\target\classes started by 98285 in C:\Users\98285\Desktop\项目管理系统\PMS0926)
2022-10-20 16:57:38.547 [,] [main] INFO  com.shark.PMSapp - [logStartupProfileInfo,651] - No active profile set, falling back to default profiles: default
2022-10-20 16:57:42.999 [,] [main] INFO  o.a.c.h.Http11NioProtocol - [log,173] - Initializing ProtocolHandler ["http-nio-8081"]
2022-10-20 16:57:43.000 [,] [main] INFO  o.a.c.c.StandardService - [log,173] - Starting service [Tomcat]
2022-10-20 16:57:43.001 [,] [main] INFO  o.a.c.c.StandardEngine - [log,173] - Starting Servlet engine: [Apache Tomcat/9.0.38]
2022-10-20 16:57:43.375 [,] [main] INFO  o.a.c.c.C.[.[.[/] - [log,173] - Initializing Spring embedded WebApplicationContext
2022-10-20 16:57:46.558 [,] [main] INFO  o.a.c.h.Http11NioProtocol - [log,173] - Starting ProtocolHandler ["http-nio-8081"]
2022-10-20 16:57:46.738 [,] [main] INFO  com.shark.PMSapp - [logStarted,61] - Started PMSapp in 9.646 seconds (JVM running for 11.587)
2022-10-20 16:57:53.437 [,] [http-nio-8081-exec-1] INFO  o.a.c.c.C.[.[.[/] - [log,173] - Initializing Spring DispatcherServlet 'dispatcherServlet'
2022-10-20 16:58:43.052 [,] [background-preinit] INFO  o.h.v.i.util.Version - [<clinit>,21] - HV000001: Hibernate Validator 6.0.20.Final
2022-10-20 16:58:43.139 [,] [main] INFO  com.shark.PMSapp - [logStarting,55] - Starting PMSapp on DESKTOP-RHK02IA with PID 3024 (C:\Users\98285\Desktop\项目管理系统\PMS0926\target\classes started by 98285 in C:\Users\98285\Desktop\项目管理系统\PMS0926)
2022-10-20 16:58:43.149 [,] [main] INFO  com.shark.PMSapp - [logStartupProfileInfo,651] - No active profile set, falling back to default profiles: default
2022-10-20 16:58:47.208 [,] [main] INFO  o.a.c.h.Http11NioProtocol - [log,173] - Initializing ProtocolHandler ["http-nio-8081"]
2022-10-20 16:58:47.209 [,] [main] INFO  o.a.c.c.StandardService - [log,173] - Starting service [Tomcat]
2022-10-20 16:58:47.210 [,] [main] INFO  o.a.c.c.StandardEngine - [log,173] - Starting Servlet engine: [Apache Tomcat/9.0.38]
2022-10-20 16:58:47.511 [,] [main] INFO  o.a.c.c.C.[.[.[/] - [log,173] - Initializing Spring embedded WebApplicationContext
2022-10-20 16:58:50.130 [,] [main] INFO  o.a.c.h.Http11NioProtocol - [log,173] - Starting ProtocolHandler ["http-nio-8081"]
2022-10-20 16:58:50.277 [,] [main] INFO  com.shark.PMSapp - [logStarted,61] - Started PMSapp in 8.013 seconds (JVM running for 9.722)
2022-10-20 16:59:09.837 [,] [http-nio-8081-exec-1] INFO  o.a.c.c.C.[.[.[/] - [log,173] - Initializing Spring DispatcherServlet 'dispatcherServlet'
2022-10-20 16:59:14.875 [,] [http-nio-8081-exec-9] INFO  c.s.b.BaseController - [pms,60] - 192.168.31.1
2022-10-20 16:59:19.748 [,] [http-nio-8081-exec-10] INFO  c.z.h.HikariDataSource - [getConnection,110] - HikariPool-1 - Starting...
2022-10-20 16:59:20.499 [,] [http-nio-8081-exec-10] INFO  c.z.h.HikariDataSource - [getConnection,123] - HikariPool-1 - Start completed.
2022-10-20 16:59:20.533 [,] [http-nio-8081-exec-10] INFO  c.s.u.s.UserService - [login,206] - UserService/login, 使用用户名登录 : thg-admin1
2022-10-20 16:59:20.539 [,] [http-nio-8081-exec-10] INFO  c.s.u.s.UserService - [login,212] - MD5加密032E6918EE47FEA204EBC0BE419AFBD1
2022-10-20 16:59:20.631 [,] [http-nio-8081-exec-10] INFO  c.s.u.s.UserService - [login,218] - UserService/login, 登录成功
2022-10-20 16:59:20.631 [,] [http-nio-8081-exec-10] INFO  c.s.u.c.UserController - [Login,180] - UserController/Login, 用户登录成功
2022-10-20 16:59:20.738 [,] [http-nio-8081-exec-10] INFO  c.s.b.util.BaseUtil - [toIndex,90] - BaseController/pms, pending:[]
2022-10-20 16:59:20.761 [,] [http-nio-8081-exec-10] INFO  c.s.b.util.BaseUtil - [toIndex,92] - BaseController/pms, processing:[{"companyName":"华为","name":"华为","statusName":"项目生产中","submitTime":1657014832000},{"companyName":"tyui-22","name":"tyui-22","statusName":"项目装配中","submitTime":1657365646000},{"companyName":"1234567","name":"1234567","statusName":"项目设计中","submitTime":1657463742000},{"companyName":"阿里巴巴","name":"车床","statusName":"项目设计中","submitTime":1663834869000}]
2022-10-20 16:59:20.762 [,] [http-nio-8081-exec-10] INFO  c.s.b.util.BaseUtil - [toIndex,94] - BaseController/pms, finished:[{"companyName":"MF123456","name":"MF123456","statusName":"项目已完成","submitTime":1657372287000},{"companyName":"机械制造","name":"机械制造","statusName":"项目审核不通过","submitTime":1663828080000}]
2022-10-20 16:59:22.263 [,] [http-nio-8081-exec-5] INFO  c.s.p.c.ProjectController - [reviewProjectWeb,281] - ProjectController/reviewProjectWeb, review:[]
2022-10-20 16:59:22.894 [,] [http-nio-8081-exec-4] INFO  c.s.p.c.ProjectController - [reviewProjectWeb,281] - ProjectController/reviewProjectWeb, review:[]
2022-10-20 16:59:24.521 [,] [http-nio-8081-exec-2] INFO  c.s.p.c.ProjectController - [designProjectWeb,507] - ProjectController/designProjectWeb, design:[{"submitTime":1657463742000,"companyName":"1234567","name":"1234567","statusName":"项目设计中"},{"submitTime":1663834869000,"companyName":"阿里巴巴","name":"车床","statusName":"项目设计中"}]
2022-10-20 16:59:25.361 [,] [http-nio-8081-exec-6] INFO  c.s.p.c.ProjectController - [productProjectWeb,1178] - ProjectController/productProjectWeb, product:[{"submitTime":1657014832000,"companyName":"华为","name":"华为","statusName":"项目生产中"}]
2022-10-20 16:59:26.155 [,] [http-nio-8081-exec-7] INFO  c.s.p.c.ProjectController - [reviewProjectWeb,281] - ProjectController/reviewProjectWeb, review:[]
2022-10-20 16:59:26.807 [,] [http-nio-8081-exec-3] INFO  c.s.p.c.ProjectController - [signProjectWeb,409] - ProjectController/signProjectWeb, sign:[]
2022-10-20 16:59:27.344 [,] [http-nio-8081-exec-1] INFO  c.s.p.c.ProjectController - [designProjectWeb,507] - ProjectController/designProjectWeb, design:[{"submitTime":1657463742000,"companyName":"1234567","name":"1234567","statusName":"项目设计中"},{"submitTime":1663834869000,"companyName":"阿里巴巴","name":"车床","statusName":"项目设计中"}]
2022-10-20 16:59:28.149 [,] [http-nio-8081-exec-10] INFO  c.s.p.c.ProjectController - [assembleProjectWeb,1315] - ProjectController/assembleProjectWeb, assemble:[{"submitTime":1657365646000,"companyName":"tyui-22","name":"tyui-22","statusName":"项目装配中"}]
2022-10-20 16:59:28.777 [,] [http-nio-8081-exec-8] INFO  c.s.p.c.ProjectController - [designProjectWeb,507] - ProjectController/designProjectWeb, design:[{"submitTime":1657463742000,"companyName":"1234567","name":"1234567","statusName":"项目设计中"},{"submitTime":1663834869000,"companyName":"阿里巴巴","name":"车床","statusName":"项目设计中"}]
2022-10-20 16:59:29.427 [,] [http-nio-8081-exec-9] INFO  c.s.p.c.ProjectController - [signProjectWeb,409] - ProjectController/signProjectWeb, sign:[]
2022-10-20 16:59:30.486 [,] [http-nio-8081-exec-1] INFO  c.s.p.c.ProjectController - [reviewProjectWeb,281] - ProjectController/reviewProjectWeb, review:[]
2022-10-20 16:59:32.402 [,] [http-nio-8081-exec-8] INFO  c.s.u.c.UserController - [personalCenterWeb,230] - BaseController/pms, 本次登录用户:thg-admin1
2022-10-20 17:00:51.043 [,] [background-preinit] INFO  o.h.v.i.util.Version - [<clinit>,21] - HV000001: Hibernate Validator 6.0.20.Final
2022-10-20 17:00:51.082 [,] [main] INFO  com.shark.PMSapp - [logStarting,55] - Starting PMSapp on DESKTOP-RHK02IA with PID 7052 (C:\Users\98285\Desktop\项目管理系统\PMS0926\target\classes started by 98285 in C:\Users\98285\Desktop\项目管理系统\PMS0926)
2022-10-20 17:00:51.084 [,] [main] INFO  com.shark.PMSapp - [logStartupProfileInfo,651] - No active profile set, falling back to default profiles: default
2022-10-20 17:00:53.013 [,] [main] INFO  o.a.c.h.Http11NioProtocol - [log,173] - Initializing ProtocolHandler ["http-nio-8081"]
2022-10-20 17:00:53.014 [,] [main] INFO  o.a.c.c.StandardService - [log,173] - Starting service [Tomcat]
2022-10-20 17:00:53.014 [,] [main] INFO  o.a.c.c.StandardEngine - [log,173] - Starting Servlet engine: [Apache Tomcat/9.0.38]
2022-10-20 17:00:53.155 [,] [main] INFO  o.a.c.c.C.[.[.[/] - [log,173] - Initializing Spring embedded WebApplicationContext
2022-10-20 17:00:54.708 [,] [main] INFO  o.a.c.h.Http11NioProtocol - [log,173] - Starting ProtocolHandler ["http-nio-8081"]
2022-10-20 17:00:54.799 [,] [main] INFO  com.shark.PMSapp - [logStarted,61] - Started PMSapp in 4.103 seconds (JVM running for 4.717)
2022-10-20 17:02:25.846 [,] [http-nio-8081-exec-1] INFO  o.a.c.c.C.[.[.[/] - [log,173] - Initializing Spring DispatcherServlet 'dispatcherServlet'
2022-10-20 17:02:25.925 [,] [http-nio-8081-exec-1] INFO  c.z.h.HikariDataSource - [getConnection,110] - HikariPool-1 - Starting...
2022-10-20 17:02:26.749 [,] [http-nio-8081-exec-1] INFO  c.z.h.HikariDataSource - [getConnection,123] - HikariPool-1 - Start completed.
2022-10-20 17:02:26.778 [,] [http-nio-8081-exec-1] INFO  c.s.u.s.UserService - [login,206] - UserService/login, 使用用户名登录 : thg-admin1
2022-10-20 17:02:26.780 [,] [http-nio-8081-exec-1] INFO  c.s.u.s.UserService - [login,212] - MD5加密032E6918EE47FEA204EBC0BE419AFBD1
2022-10-20 17:02:26.783 [,] [http-nio-8081-exec-1] INFO  c.s.u.s.UserService - [login,218] - UserService/login, 登录成功
2022-10-20 17:02:26.783 [,] [http-nio-8081-exec-1] INFO  c.s.u.c.UserController - [Login,180] - UserController/Login, 用户登录成功
2022-10-20 17:02:26.901 [,] [http-nio-8081-exec-1] INFO  c.s.b.util.BaseUtil - [toIndex,90] - BaseController/pms, pending:[]
2022-10-20 17:02:26.932 [,] [http-nio-8081-exec-1] INFO  c.s.b.util.BaseUtil - [toIndex,92] - BaseController/pms, processing:[{"companyName":"华为","name":"华为","statusName":"项目生产中","submitTime":1657014832000},{"companyName":"tyui-22","name":"tyui-22","statusName":"项目装配中","submitTime":1657365646000},{"companyName":"1234567","name":"1234567","statusName":"项目设计中","submitTime":1657463742000},{"companyName":"阿里巴巴","name":"车床","statusName":"项目设计中","submitTime":1663834869000}]
2022-10-20 17:02:26.933 [,] [http-nio-8081-exec-1] INFO  c.s.b.util.BaseUtil - [toIndex,94] - BaseController/pms, finished:[{"companyName":"MF123456","name":"MF123456","statusName":"项目已完成","submitTime":1657372287000},{"companyName":"机械制造","name":"机械制造","statusName":"项目审核不通过","submitTime":1663828080000}]
2022-10-20 17:02:32.296 [,] [http-nio-8081-exec-4] INFO  c.s.u.c.UserController - [personalCenterWeb,230] - BaseController/pms, 本次登录用户:thg-admin1
2022-10-20 17:02:37.492 [,] [http-nio-8081-exec-6] INFO  c.s.u.c.UserController - [getPhoneCode,76] - 已向手机号：15566202030发送短信
2022-10-20 17:14:22.606 [,] [background-preinit] INFO  o.h.v.i.util.Version - [<clinit>,21] - HV000001: Hibernate Validator 6.0.20.Final
2022-10-20 17:14:22.637 [,] [main] INFO  com.shark.PMSapp - [logStarting,55] - Starting PMSapp on DESKTOP-RHK02IA with PID 6120 (C:\Users\98285\Desktop\项目管理系统\PMS0926\target\classes started by 98285 in C:\Users\98285\Desktop\项目管理系统\PMS0926)
2022-10-20 17:14:22.638 [,] [main] INFO  com.shark.PMSapp - [logStartupProfileInfo,651] - No active profile set, falling back to default profiles: default
2022-10-20 17:14:24.327 [,] [main] INFO  o.a.c.h.Http11NioProtocol - [log,173] - Initializing ProtocolHandler ["http-nio-8081"]
2022-10-20 17:14:24.327 [,] [main] INFO  o.a.c.c.StandardService - [log,173] - Starting service [Tomcat]
2022-10-20 17:14:24.328 [,] [main] INFO  o.a.c.c.StandardEngine - [log,173] - Starting Servlet engine: [Apache Tomcat/9.0.38]
2022-10-20 17:14:24.438 [,] [main] INFO  o.a.c.c.C.[.[.[/] - [log,173] - Initializing Spring embedded WebApplicationContext
2022-10-20 17:14:25.686 [,] [main] INFO  o.a.c.h.Http11NioProtocol - [log,173] - Starting ProtocolHandler ["http-nio-8081"]
2022-10-20 17:14:25.750 [,] [main] INFO  com.shark.PMSapp - [logStarted,61] - Started PMSapp in 3.478 seconds (JVM running for 4.071)
2022-10-20 17:14:27.721 [,] [http-nio-8081-exec-1] INFO  o.a.c.c.C.[.[.[/] - [log,173] - Initializing Spring DispatcherServlet 'dispatcherServlet'
2022-10-20 17:15:12.820 [,] [http-nio-8081-exec-5] INFO  c.s.b.BaseController - [pms,60] - 192.168.31.1
2022-10-20 17:15:24.715 [,] [http-nio-8081-exec-8] INFO  c.z.h.HikariDataSource - [getConnection,110] - HikariPool-1 - Starting...
2022-10-20 17:15:25.879 [,] [http-nio-8081-exec-8] INFO  c.z.h.HikariDataSource - [getConnection,123] - HikariPool-1 - Start completed.
2022-10-20 17:15:25.913 [,] [http-nio-8081-exec-8] INFO  c.s.u.s.UserService - [login,206] - UserService/login, 使用用户名登录 : thg-admin1
2022-10-20 17:15:25.915 [,] [http-nio-8081-exec-8] INFO  c.s.u.s.UserService - [login,212] - MD5加密CFE794484F8A142A909D54C1806C16CB
2022-10-20 17:15:25.915 [,] [http-nio-8081-exec-8] INFO  c.s.u.s.UserService - [login,228] - UserService/login, 登录失败，用户名或密码错误，账户：thg-admin1 密码：123456
2022-10-20 17:15:25.915 [,] [http-nio-8081-exec-8] INFO  c.s.u.c.UserController - [Login,188] - UserController/Login, 用户登录失败
2022-10-20 17:16:50.413 [,] [background-preinit] INFO  o.h.v.i.util.Version - [<clinit>,21] - HV000001: Hibernate Validator 6.0.20.Final
2022-10-20 17:16:50.442 [,] [main] INFO  com.shark.PMSapp - [logStarting,55] - Starting PMSapp on DESKTOP-RHK02IA with PID 10780 (C:\Users\98285\Desktop\项目管理系统\PMS0926\target\classes started by 98285 in C:\Users\98285\Desktop\项目管理系统\PMS0926)
2022-10-20 17:16:50.443 [,] [main] INFO  com.shark.PMSapp - [logStartupProfileInfo,651] - No active profile set, falling back to default profiles: default
2022-10-20 17:16:52.166 [,] [main] INFO  o.a.c.h.Http11NioProtocol - [log,173] - Initializing ProtocolHandler ["http-nio-8081"]
2022-10-20 17:16:52.167 [,] [main] INFO  o.a.c.c.StandardService - [log,173] - Starting service [Tomcat]
2022-10-20 17:16:52.167 [,] [main] INFO  o.a.c.c.StandardEngine - [log,173] - Starting Servlet engine: [Apache Tomcat/9.0.38]
2022-10-20 17:16:52.281 [,] [main] INFO  o.a.c.c.C.[.[.[/] - [log,173] - Initializing Spring embedded WebApplicationContext
2022-10-20 17:16:53.502 [,] [main] INFO  o.a.c.h.Http11NioProtocol - [log,173] - Starting ProtocolHandler ["http-nio-8081"]
2022-10-20 17:16:53.566 [,] [main] INFO  com.shark.PMSapp - [logStarted,61] - Started PMSapp in 3.489 seconds (JVM running for 4.086)
2022-10-20 17:17:01.803 [,] [http-nio-8081-exec-1] INFO  o.a.c.c.C.[.[.[/] - [log,173] - Initializing Spring DispatcherServlet 'dispatcherServlet'
2022-10-20 17:17:01.867 [,] [http-nio-8081-exec-1] INFO  c.z.h.HikariDataSource - [getConnection,110] - HikariPool-1 - Starting...
2022-10-20 17:17:02.621 [,] [http-nio-8081-exec-1] INFO  c.z.h.HikariDataSource - [getConnection,123] - HikariPool-1 - Start completed.
2022-10-20 17:17:02.653 [,] [http-nio-8081-exec-1] INFO  c.s.u.s.UserService - [login,206] - UserService/login, 使用用户名登录 : thg-admin1
2022-10-20 17:17:02.654 [,] [http-nio-8081-exec-1] INFO  c.s.u.s.UserService - [login,212] - MD5加密032E6918EE47FEA204EBC0BE419AFBD1
2022-10-20 17:17:02.658 [,] [http-nio-8081-exec-1] INFO  c.s.u.s.UserService - [login,218] - UserService/login, 登录成功
2022-10-20 17:17:02.659 [,] [http-nio-8081-exec-1] INFO  c.s.u.c.UserController - [Login,180] - UserController/Login, 用户登录成功
2022-10-20 17:17:02.896 [,] [http-nio-8081-exec-1] INFO  c.s.b.util.BaseUtil - [toIndex,90] - BaseController/pms, pending:[]
2022-10-20 17:17:02.924 [,] [http-nio-8081-exec-1] INFO  c.s.b.util.BaseUtil - [toIndex,92] - BaseController/pms, processing:[{"companyName":"华为","name":"华为","statusName":"项目生产中","submitTime":1657014832000},{"companyName":"tyui-22","name":"tyui-22","statusName":"项目装配中","submitTime":1657365646000},{"companyName":"1234567","name":"1234567","statusName":"项目设计中","submitTime":1657463742000},{"companyName":"阿里巴巴","name":"车床","statusName":"项目设计中","submitTime":1663834869000}]
2022-10-20 17:17:02.925 [,] [http-nio-8081-exec-1] INFO  c.s.b.util.BaseUtil - [toIndex,94] - BaseController/pms, finished:[{"companyName":"MF123456","name":"MF123456","statusName":"项目已完成","submitTime":1657372287000},{"companyName":"机械制造","name":"机械制造","statusName":"项目审核不通过","submitTime":1663828080000}]
2022-10-20 17:31:01.991 [,] [background-preinit] INFO  o.h.v.i.util.Version - [<clinit>,21] - HV000001: Hibernate Validator 6.0.20.Final
2022-10-20 17:31:02.030 [,] [main] INFO  com.shark.PMSapp - [logStarting,55] - Starting PMSapp on DESKTOP-RHK02IA with PID 15488 (C:\Users\98285\Desktop\项目管理系统\PMS0926\target\classes started by 98285 in C:\Users\98285\Desktop\项目管理系统\PMS0926)
2022-10-20 17:31:02.032 [,] [main] INFO  com.shark.PMSapp - [logStartupProfileInfo,651] - No active profile set, falling back to default profiles: default
2022-10-20 17:31:03.784 [,] [main] INFO  o.a.c.h.Http11NioProtocol - [log,173] - Initializing ProtocolHandler ["http-nio-8081"]
2022-10-20 17:31:03.785 [,] [main] INFO  o.a.c.c.StandardService - [log,173] - Starting service [Tomcat]
2022-10-20 17:31:03.786 [,] [main] INFO  o.a.c.c.StandardEngine - [log,173] - Starting Servlet engine: [Apache Tomcat/9.0.38]
2022-10-20 17:31:03.913 [,] [main] INFO  o.a.c.c.C.[.[.[/] - [log,173] - Initializing Spring embedded WebApplicationContext
2022-10-20 17:31:05.135 [,] [main] INFO  o.a.c.h.Http11NioProtocol - [log,173] - Starting ProtocolHandler ["http-nio-8081"]
2022-10-20 17:31:05.204 [,] [main] INFO  com.shark.PMSapp - [logStarted,61] - Started PMSapp in 3.538 seconds (JVM running for 4.111)
2022-10-20 17:31:07.935 [,] [http-nio-8081-exec-1] INFO  o.a.c.c.C.[.[.[/] - [log,173] - Initializing Spring DispatcherServlet 'dispatcherServlet'
2022-10-20 17:34:57.254 [,] [background-preinit] INFO  o.h.v.i.util.Version - [<clinit>,21] - HV000001: Hibernate Validator 6.0.20.Final
2022-10-20 17:34:57.291 [,] [main] INFO  com.shark.PMSapp - [logStarting,55] - Starting PMSapp on DESKTOP-RHK02IA with PID 1292 (C:\Users\98285\Desktop\项目管理系统\PMS0926\target\classes started by 98285 in C:\Users\98285\Desktop\项目管理系统\PMS0926)
2022-10-20 17:34:57.292 [,] [main] INFO  com.shark.PMSapp - [logStartupProfileInfo,651] - No active profile set, falling back to default profiles: default
2022-10-20 17:34:59.011 [,] [main] INFO  o.a.c.h.Http11NioProtocol - [log,173] - Initializing ProtocolHandler ["http-nio-8081"]
2022-10-20 17:34:59.012 [,] [main] INFO  o.a.c.c.StandardService - [log,173] - Starting service [Tomcat]
2022-10-20 17:34:59.012 [,] [main] INFO  o.a.c.c.StandardEngine - [log,173] - Starting Servlet engine: [Apache Tomcat/9.0.38]
2022-10-20 17:34:59.125 [,] [main] INFO  o.a.c.c.C.[.[.[/] - [log,173] - Initializing Spring embedded WebApplicationContext
2022-10-20 17:35:00.492 [,] [main] INFO  o.a.c.h.Http11NioProtocol - [log,173] - Starting ProtocolHandler ["http-nio-8081"]
2022-10-20 17:35:00.558 [,] [main] INFO  com.shark.PMSapp - [logStarted,61] - Started PMSapp in 3.631 seconds (JVM running for 4.203)
2022-10-20 17:35:02.900 [,] [http-nio-8081-exec-1] INFO  o.a.c.c.C.[.[.[/] - [log,173] - Initializing Spring DispatcherServlet 'dispatcherServlet'
2022-10-20 17:48:02.528 [,] [background-preinit] INFO  o.h.v.i.util.Version - [<clinit>,21] - HV000001: Hibernate Validator 6.0.20.Final
2022-10-20 17:48:02.562 [,] [main] INFO  com.shark.PMSapp - [logStarting,55] - Starting PMSapp on DESKTOP-RHK02IA with PID 16276 (C:\Users\98285\Desktop\项目管理系统\PMS0926\target\classes started by 98285 in C:\Users\98285\Desktop\项目管理系统\PMS0926)
2022-10-20 17:48:02.563 [,] [main] INFO  com.shark.PMSapp - [logStartupProfileInfo,651] - No active profile set, falling back to default profiles: default
2022-10-20 17:48:04.256 [,] [main] INFO  o.a.c.h.Http11NioProtocol - [log,173] - Initializing ProtocolHandler ["http-nio-8081"]
2022-10-20 17:48:04.257 [,] [main] INFO  o.a.c.c.StandardService - [log,173] - Starting service [Tomcat]
2022-10-20 17:48:04.257 [,] [main] INFO  o.a.c.c.StandardEngine - [log,173] - Starting Servlet engine: [Apache Tomcat/9.0.38]
2022-10-20 17:48:04.382 [,] [main] INFO  o.a.c.c.C.[.[.[/] - [log,173] - Initializing Spring embedded WebApplicationContext
2022-10-20 17:48:05.598 [,] [main] INFO  o.a.c.h.Http11NioProtocol - [log,173] - Starting ProtocolHandler ["http-nio-8081"]
2022-10-20 17:48:05.665 [,] [main] INFO  com.shark.PMSapp - [logStarted,61] - Started PMSapp in 3.457 seconds (JVM running for 4.037)
2022-10-20 17:48:10.407 [,] [http-nio-8081-exec-1] INFO  o.a.c.c.C.[.[.[/] - [log,173] - Initializing Spring DispatcherServlet 'dispatcherServlet'
2022-10-20 17:51:30.765 [,] [background-preinit] INFO  o.h.v.i.util.Version - [<clinit>,21] - HV000001: Hibernate Validator 6.0.20.Final
2022-10-20 17:51:30.800 [,] [main] INFO  com.shark.PMSapp - [logStarting,55] - Starting PMSapp on DESKTOP-RHK02IA with PID 3056 (C:\Users\98285\Desktop\项目管理系统\PMS0926\target\classes started by 98285 in C:\Users\98285\Desktop\项目管理系统\PMS0926)
2022-10-20 17:51:30.802 [,] [main] INFO  com.shark.PMSapp - [logStartupProfileInfo,651] - No active profile set, falling back to default profiles: default
2022-10-20 17:51:32.584 [,] [main] INFO  o.a.c.h.Http11NioProtocol - [log,173] - Initializing ProtocolHandler ["http-nio-8081"]
2022-10-20 17:51:32.584 [,] [main] INFO  o.a.c.c.StandardService - [log,173] - Starting service [Tomcat]
2022-10-20 17:51:32.585 [,] [main] INFO  o.a.c.c.StandardEngine - [log,173] - Starting Servlet engine: [Apache Tomcat/9.0.38]
2022-10-20 17:51:32.703 [,] [main] INFO  o.a.c.c.C.[.[.[/] - [log,173] - Initializing Spring embedded WebApplicationContext
2022-10-20 17:51:33.974 [,] [main] INFO  o.a.c.h.Http11NioProtocol - [log,173] - Starting ProtocolHandler ["http-nio-8081"]
2022-10-20 17:51:34.045 [,] [main] INFO  com.shark.PMSapp - [logStarted,61] - Started PMSapp in 3.604 seconds (JVM running for 4.207)
2022-10-20 17:51:56.832 [,] [http-nio-8081-exec-1] INFO  o.a.c.c.C.[.[.[/] - [log,173] - Initializing Spring DispatcherServlet 'dispatcherServlet'
2022-10-20 17:52:37.172 [,] [background-preinit] INFO  o.h.v.i.util.Version - [<clinit>,21] - HV000001: Hibernate Validator 6.0.20.Final
2022-10-20 17:52:37.220 [,] [main] INFO  com.shark.PMSapp - [logStarting,55] - Starting PMSapp on DESKTOP-RHK02IA with PID 10324 (C:\Users\98285\Desktop\项目管理系统\PMS0926\target\classes started by 98285 in C:\Users\98285\Desktop\项目管理系统\PMS0926)
2022-10-20 17:52:37.223 [,] [main] INFO  com.shark.PMSapp - [logStartupProfileInfo,651] - No active profile set, falling back to default profiles: default
2022-10-20 17:52:39.064 [,] [main] INFO  o.a.c.h.Http11NioProtocol - [log,173] - Initializing ProtocolHandler ["http-nio-8081"]
2022-10-20 17:52:39.064 [,] [main] INFO  o.a.c.c.StandardService - [log,173] - Starting service [Tomcat]
2022-10-20 17:52:39.064 [,] [main] INFO  o.a.c.c.StandardEngine - [log,173] - Starting Servlet engine: [Apache Tomcat/9.0.38]
2022-10-20 17:52:39.175 [,] [main] INFO  o.a.c.c.C.[.[.[/] - [log,173] - Initializing Spring embedded WebApplicationContext
2022-10-20 17:52:40.390 [,] [main] INFO  o.a.c.h.Http11NioProtocol - [log,173] - Starting ProtocolHandler ["http-nio-8081"]
2022-10-20 17:52:40.465 [,] [main] INFO  com.shark.PMSapp - [logStarted,61] - Started PMSapp in 3.652 seconds (JVM running for 4.268)
2022-10-20 17:52:48.324 [,] [http-nio-8081-exec-1] INFO  o.a.c.c.C.[.[.[/] - [log,173] - Initializing Spring DispatcherServlet 'dispatcherServlet'
